17:54:25 GARDEN
18:40:33 NONE
18:40:37 GARDEN
18:40:55 NONE
18:40:55 DWARVEN_MINES
18:41:06 NONE
18:41:06 GARDEN
18:49:13 NONE
18:49:18 HUB
19:35:19 NONE
19:35:19 DUNGEON_HUB
19:36:42 NONE
19:36:43 CATACOMBS
19:40:52 NONE
19:40:52 HUB
19:41:19 NONE
19:41:19 THE_END
19:48:13 NONE
19:48:13 GARDEN
19:49:18 NONE
19:49:18 THE_END
20:07:38 NONE
20:07:38 HUB
20:07:45 NONE
20:07:45 DWARVEN_MINES
20:08:01 NONE
20:08:01 PRIVATE_ISLAND
20:08:10 NONE
20:08:11 HUB
20:14:13 NONE
20:14:14 PRIVATE_ISLAND
20:15:55 NONE
20:15:55 PRIVATE_ISLAND_GUEST
20:15:59 NONE
20:16:00 THE_PARK
20:34:58 NONE
20:34:59 PRIVATE_ISLAND_GUEST
20:35:02 NONE
20:35:03 THE_PARK
20:40:16 NONE
20:40:34 THE_PARK
20:40:37 NONE
20:40:37 PRIVATE_ISLAND
21:07:26 NONE
21:07:31 PRIVATE_ISLAND
21:24:37 NONE
21:24:37 GARDEN
21:25:00 NONE
21:25:01 DWARVEN_MINES
21:28:04 NONE
21:28:04 MINESHAFT
21:32:38 NONE
21:32:39 DWARVEN_MINES
21:35:43 NONE
21:35:43 MINESHAFT
21:38:28 NONE
21:38:28 DWARVEN_MINES
21:44:50 NONE
21:44:50 MINESHAFT
21:50:18 NONE
21:50:19 DWARVEN_MINES
21:54:41 NONE
21:54:41 MINESHAFT
21:59:12 NONE
22:00:26 PRIVATE_ISLAND
22:00:34 NONE
22:00:35 DWARVEN_MINES
22:05:36 NONE
22:05:36 MINESHAFT
22:11:17 NONE
22:11:18 DWARVEN_MINES
22:12:07 NONE
22:12:07 MINESHAFT
22:17:03 NONE
22:17:03 DWARVEN_MINES
22:22:20 NONE
22:22:20 MINESHAFT
22:27:12 NONE
22:27:13 DWARVEN_MINES
22:29:32 NONE
22:29:32 MINESHAFT
22:32:23 NONE
22:32:24 DWARVEN_MINES
