11:38:59 Visitor status change for '§aRoyal Resident': NEW -> READY (tooltipClickToGive)
11:39:04 Visitor status change for '§aRoyal Resident': READY -> ACCEPTED (accepted)
11:39:17 Visitor status change for '§aSargwyn': NEW -> WAITING (tooltipMissingItems)
11:39:17 Visitor status change for '§aSargwyn': WAITING -> READY (hasItems)
11:39:19 Visitor status change for '§aFelix': NEW -> WAITING (tooltipMissingItems)
11:39:19 Visitor status change for '§aFelix': WAITING -> READY (hasItems)
11:39:23 Visitor status change for '§aPlumber Joe': NEW -> WAITING (tooltipMissingItems)
11:39:26 Visitor status change for '§aLumber Jack': NEW -> WAITING (tooltipMissingItems)
11:39:26 Visitor status change for '§aLumber Jack': WAITING -> READY (hasItems)
11:39:33 Visitor status change for '§aFelix': READY -> WAITING (tooltipMissingItems)
11:39:33 Visitor status change for '§aFelix': WAITING -> READY (hasItems)
11:39:38 Visitor status change for '§aSargwyn': READY -> WAITING (tooltipMissingItems)
11:39:38 Visitor status change for '§aSargwyn': WAITING -> READY (hasItems)
11:39:43 Visitor status change for '§aSargwyn': READY -> WAITING (noLongerHasItems)
11:39:43 Visitor status change for '§aFelix': READY -> WAITING (noLongerHasItems)
11:39:43 Visitor status change for '§aLumber Jack': READY -> WAITING (noLongerHasItems)
12:04:42 Visitor status change for '§aRoyal Resident': NEW -> WAITING (tooltipMissingItems)
12:22:22 Visitor status change for '§aPlumber Joe': WAITING -> REFUSED (refused)
12:22:30 Visitor status change for '§aRhys': NEW -> WAITING (tooltipMissingItems)
13:35:35 Visitor status change for '§aRhys': WAITING -> READY (hasItems)
13:35:41 Visitor status change for '§aRhys': READY -> ACCEPTED (accepted)
13:35:47 Visitor status change for '§aTerry': NEW -> READY (tooltipClickToGive)
13:35:51 Visitor status change for '§aTerry': READY -> ACCEPTED (accepted)
13:36:23 Visitor status change for '§aRoyal Resident': WAITING -> READY (hasItems)
13:36:24 Visitor status change for '§aRoyal Resident': READY -> ACCEPTED (accepted)
13:40:05 Visitor status change for '§aFelix': WAITING -> READY (hasItems)
13:46:07 Visitor status change for '§aSargwyn': WAITING -> READY (hasItems)
13:46:07 Visitor status change for '§aLumber Jack': WAITING -> READY (hasItems)
13:49:21 Visitor status change for '§aLumber Jack': READY -> ACCEPTED (accepted)
13:49:23 Visitor status change for '§aFelix': READY -> ACCEPTED (accepted)
13:49:25 Visitor status change for '§aSargwyn': READY -> ACCEPTED (accepted)
13:49:30 Visitor status change for '§aShaggy': NEW -> WAITING (tooltipMissingItems)
13:49:30 Visitor status change for '§aShaggy': WAITING -> READY (hasItems)
13:49:31 Visitor status change for '§aShaggy': READY -> WAITING (noLongerHasItems)
13:51:00 Visitor status change for '§aFarmhand': NEW -> WAITING (tooltipMissingItems)
13:54:20 Visitor status change for '§aShaggy': WAITING -> READY (hasItems)
13:54:23 Visitor status change for '§aShaggy': READY -> ACCEPTED (accepted)
13:56:32 Visitor status change for '§9Gold Forger': NEW -> READY (tooltipClickToGive)
13:56:32 Visitor status change for '§9Gold Forger': READY -> WAITING (noLongerHasItems)
13:56:42 Visitor status change for '§9Gold Forger': WAITING -> ACCEPTED (accepted)
14:12:39 Visitor status change for '§aEmissary Fraiser': NEW -> READY (tooltipClickToGive)
14:12:40 Visitor status change for '§aFarmhand': WAITING -> READY (hasItems)
14:12:42 Visitor status change for '§aEmissary Fraiser': READY -> ACCEPTED (accepted)
14:12:44 Visitor status change for '§aFarmhand': READY -> ACCEPTED (accepted)
14:27:04 Visitor status change for '§aGuy': NEW -> READY (tooltipClickToGive)
14:27:08 Visitor status change for '§aGuy': READY -> ACCEPTED (accepted)
14:27:44 Visitor status change for '§aArthur': NEW -> WAITING (tooltipMissingItems)
14:35:34 Visitor status change for '§aRoyal Resident': NEW -> WAITING (tooltipMissingItems)
14:38:13 Visitor status change for '§aRoyal Resident': WAITING -> READY (tooltipClickToGive)
14:38:13 Visitor status change for '§aRoyal Resident': READY -> WAITING (noLongerHasItems)
14:38:15 Visitor status change for '§aRoyal Resident': WAITING -> ACCEPTED (accepted)
15:03:17 Visitor status change for '§aLibrarian': NEW -> READY (tooltipClickToGive)
15:03:24 Visitor status change for '§aLibrarian': READY -> ACCEPTED (accepted)
15:03:26 Visitor status change for '§aLumber Jack': NEW -> READY (tooltipClickToGive)
15:03:29 Visitor status change for '§aLumber Jack': READY -> ACCEPTED (accepted)
15:29:51 Visitor status change for '§6Madame Eleanor Q. Goldsworth III': NEW -> WAITING (tooltipMissingItems)
15:30:16 Visitor status change for '§6Madame Eleanor Q. Goldsworth III': WAITING -> READY (hasItems)
15:30:17 Visitor status change for '§6Madame Eleanor Q. Goldsworth III': READY -> ACCEPTED (accepted)
15:30:43 Visitor status change for '§aArthur': WAITING -> READY (hasItems)
15:30:44 Visitor status change for '§aArthur': READY -> ACCEPTED (accepted)
15:57:51 Visitor status change for '§aVex': NEW -> WAITING (tooltipMissingItems)
16:18:23 Visitor status change for '§9Zog': NEW -> WAITING (tooltipMissingItems)
16:18:31 Visitor status change for '§6Madame Eleanor Q. Goldsworth III': NEW -> WAITING (tooltipMissingItems)
16:18:48 Visitor status change for '§6Madame Eleanor Q. Goldsworth III': WAITING -> READY (hasItems)
16:18:49 Visitor status change for '§6Madame Eleanor Q. Goldsworth III': READY -> ACCEPTED (accepted)
