11:39:10 Removed old visitor: '§aLumber Jack'
11:39:10 Removed old visitor: '§aRoyal Resident'
12:22:28 Removed old visitor: '§aPlumber Joe'
13:35:47 Removed old visitor: '§aRhys'
13:35:56 Removed old visitor: '§aTerry'
13:36:29 Removed old visitor: '§aRoyal Resident'
13:49:25 Removed old visitor: '§aLumber Jack'
13:49:28 Removed old visitor: '§aFelix'
13:49:31 Removed old visitor: '§aSargwyn'
13:54:28 Removed old visitor: '§aShaggy'
13:56:46 Removed old visitor: '§9Gold Forger'
14:12:45 Removed old visitor: '§aEmissary Fraiser'
14:12:48 Removed old visitor: '§aFarmhand'
14:27:13 Removed old visitor: '§aGuy'
14:38:20 Removed old visitor: '§aRoyal Resident'
15:03:30 Removed old visitor: '§aLibrarian'
15:03:33 Removed old visitor: '§aLumber Jack'
15:30:22 Removed old visitor: '§6Madame Eleanor Q. Goldsworth III'
15:30:49 Removed old visitor: '§aArthur'
16:18:52 Removed old visitor: '§6Madame Eleanor Q. Goldsworth III'
