13:33:14 Visitor status change for '§aPest Wrangler': NEW -> WAITING (tooltipMissingItems)
13:33:21 Visitor status change for '§aPest Wrangler': WAITING -> READY (hasItems)
13:33:23 Visitor status change for '§aPest Wrangler': READY -> ACCEPTED (accepted)
13:33:27 Visitor status change for '§aPlumber Joe': NEW -> WAITING (tooltipMissingItems)
13:33:29 Visitor status change for '§aHornum': NEW -> WAITING (tooltipMissingItems)
13:33:33 Visitor status change for '§9Queen Mismyla': NEW -> WAITING (tooltipMissingItems)
13:33:36 Visitor status change for '§aRyu': NEW -> WAITING (tooltipMissingItems)
13:36:40 Visitor status change for '§aPlumber Joe': WAITING -> READY (hasItems)
13:37:06 Visitor status change for '§6Pest Wrangler?': NEW -> WAITING (tooltipMissingItems)
13:37:13 Visitor status change for '§6Pest Wrangler?': WAITING -> READY (hasItems)
13:37:14 Visitor status change for '§6Pest Wrangler?': READY -> ACCEPTED (accepted)
13:37:22 Visitor status change for '§aPlumber Joe': READY -> ACCEPTED (accepted)
13:46:17 Visitor status change for '§aLynn': NEW -> READY (tooltipClickToGive)
13:46:19 Visitor status change for '§aLynn': READY -> ACCEPTED (accepted)
13:46:35 Visitor status change for '§9Queen Mismyla': WAITING -> READY (tooltipClickToGive)
13:46:35 Visitor status change for '§9Queen Mismyla': READY -> WAITING (noLongerHasItems)
13:46:35 Visitor status change for '§9Queen Mismyla': WAITING -> ACCEPTED (accepted)
13:51:02 Visitor status change for '§aHornum': WAITING -> READY (hasItems)
13:51:02 Visitor status change for '§aRyu': WAITING -> READY (hasItems)
13:51:06 Visitor status change for '§aRyu': READY -> ACCEPTED (accepted)
13:51:09 Visitor status change for '§aHornum': READY -> ACCEPTED (accepted)
13:51:11 Visitor status change for '§aTerry': NEW -> WAITING (tooltipMissingItems)
13:51:29 Visitor status change for '§9Shifty': NEW -> WAITING (tooltipMissingItems)
13:55:35 Visitor status change for '§aJamie': NEW -> READY (tooltipClickToGive)
13:55:37 Visitor status change for '§aJamie': READY -> ACCEPTED (accepted)
13:55:48 Visitor status change for '§aTerry': WAITING -> READY (tooltipClickToGive)
13:55:48 Visitor status change for '§aTerry': READY -> WAITING (noLongerHasItems)
13:55:48 Visitor status change for '§aTerry': WAITING -> READY (tooltipClickToGive)
13:55:48 Visitor status change for '§aTerry': READY -> WAITING (noLongerHasItems)
13:55:49 Visitor status change for '§aTerry': WAITING -> ACCEPTED (accepted)
13:59:57 Visitor status change for '§9Shifty': WAITING -> READY (tooltipClickToGive)
13:59:57 Visitor status change for '§9Shifty': READY -> WAITING (noLongerHasItems)
13:59:57 Visitor status change for '§9Shifty': WAITING -> ACCEPTED (accepted)
13:59:58 Visitor status change for '§9Tammy': NEW -> WAITING (tooltipMissingItems)
14:04:50 Visitor status change for '§aHornum': NEW -> WAITING (tooltipMissingItems)
14:05:06 Visitor status change for '§aHornum': WAITING -> READY (hasItems)
14:05:46 Visitor status change for '§9Tammy': WAITING -> READY (hasItems)
14:05:47 Visitor status change for '§9Tammy': READY -> ACCEPTED (accepted)
14:05:54 Visitor status change for '§aHornum': READY -> ACCEPTED (accepted)
15:32:45 Visitor status change for '§aFriendly Hiker': NEW -> WAITING (tooltipMissingItems)
15:33:06 Visitor status change for '§aFriendly Hiker': WAITING -> READY (hasItems)
15:33:09 Visitor status change for '§aFriendly Hiker': READY -> ACCEPTED (accepted)
15:33:15 Visitor status change for '§aAdventurer': NEW -> WAITING (tooltipMissingItems)
15:33:17 Visitor status change for '§aMason': NEW -> WAITING (tooltipMissingItems)
15:33:22 Visitor status change for '§aRoyal Resident': NEW -> WAITING (tooltipMissingItems)
15:34:49 Visitor status change for '§aRoyal Resident': WAITING -> READY (hasItems)
15:34:50 Visitor status change for '§aRoyal Resident': READY -> ACCEPTED (accepted)
