15:54:19 §f                                  §6§lBESTIARY
15:54:19 §f                              §b§lCricket §7§8X §8➡§b §bXI
15:54:19 
15:54:19 §f                                  §r§6§lREWARDS
15:54:19 §f                          §r§6+0.4☘ Farming Fortune
15:54:19 §f                              §r§8+§r§62% §r§aCricket §r§7coins
15:54:19 §f                    §r§8+§r§a50% §r§7chance for extra XP orbs
15:54:19 §f                               §r§8+§r§b1 SkyBlock XP
15:54:19 
15:54:19 §3§l▬▬▬▬▬▬▬▬▬▬▬▬▬▬▬▬▬▬▬▬▬▬▬▬▬▬▬▬▬▬▬▬▬▬▬▬▬▬▬▬▬▬▬▬▬▬▬▬▬▬▬▬▬▬▬▬▬▬▬▬▬▬▬▬
16:54:44 §f                                  §6§lBESTIARY
16:54:44 §f                         §b§lGreen Jerry §7§8VI §8➡§b §bVII
16:54:44 
16:54:44 §f                                  §r§6§lREWARDS
16:54:44 §f                      §r§8+§r§a3 §r§aGreen Jerry §r§b✯ Magic Find
16:54:44 §f                       §r§8+§r§a3 §r§aGreen Jerry §r§c❁ Strength
16:54:44 §f                          §r§8+§r§62% §r§a§r§aGreen Jerry §r§7coins
16:54:44 §f                    §r§8+§r§a50% §r§7chance for extra XP orbs
16:54:44 §f                               §r§8+§r§b1 SkyBlock XP
16:54:44 
16:54:44   §r§f                         §6§lBESTIARY MILESTONE
16:54:44   §r§f                                 §8CXVIII➡§eCXIX
16:54:45 
16:54:45 §3§l▬▬▬▬▬▬▬▬▬▬▬▬▬▬▬▬▬▬▬▬▬▬▬▬▬▬▬▬▬▬▬▬▬▬▬▬▬▬▬▬▬▬▬▬▬▬▬▬▬▬▬▬▬▬▬▬▬▬▬▬▬▬▬▬
17:20:38 §f                                  §6§lBESTIARY
17:20:38 §f                            §b§lMosquito §7§8XI §8➡§b §bXII
17:20:38 
17:20:38 §f                                  §r§6§lREWARDS
17:20:38 §f                          §r§6+0.4☘ Farming Fortune
17:20:38 §f                             §r§8+§r§62% §r§aMosquito §r§7coins
17:20:38 §f                    §r§8+§r§a50% §r§7chance for extra XP orbs
17:20:38 §f                               §r§8+§r§b1 SkyBlock XP
17:20:38 
17:20:38 §3§l▬▬▬▬▬▬▬▬▬▬▬▬▬▬▬▬▬▬▬▬▬▬▬▬▬▬▬▬▬▬▬▬▬▬▬▬▬▬▬▬▬▬▬▬▬▬▬▬▬▬▬▬▬▬▬▬▬▬▬▬▬▬▬▬
