15:57:03 §a§r§aEmissary Carlton §r§ehas arrived on your §r§aGarden§r§e!
16:01:01 §a§r§aGeonathan Greatforge §r§ehas arrived on your §r§aGarden§r§e!
16:05:24 §a§r§aEmissary Fraiser §r§ehas arrived on your §r§aGarden§r§e!
16:10:01 §9§r§9Shifty §r§ehas arrived on your §r§aGarden§r§e!
16:16:09 §a§r§aTerry §r§ehas arrived on your §r§aGarden§r§e!
16:19:22 §9§r§9Fragilis §r§ehas arrived on your §r§aGarden§r§e!
16:48:05 §a§r§aPest Wrangler §r§ehas arrived on your §r§aGarden§r§e!
16:52:44 §a§r§aJamie §r§ehas arrived on your §r§aGarden§r§e!
16:56:25 §a§r§aPlumber Joe §r§ehas arrived on your §r§aGarden§r§e!
17:00:44 §a§r§aFelix §r§ehas arrived on your §r§aGarden§r§e!
17:05:59 §a§r§aGuy §r§ehas arrived on your §r§aGarden§r§e!
17:11:13 §9§r§9Emissary Sisko §r§ehas arrived on your §r§aGarden§r§e!
17:16:18 §a§r§aLiam §r§ehas arrived on your §r§aGarden§r§e!
17:20:17 §9§r§9Shifty §r§ehas arrived on your §r§aGarden§r§e!
17:23:48 §9§r§9Bartender §r§ehas arrived on your §r§aGarden§r§e!
17:28:01 §a§r§aArthur §r§ehas arrived on your §r§aGarden§r§e!
17:31:49 §a§r§aHornum §r§ehas arrived on your §r§aGarden§r§e!
17:37:10 §9§r§9Tammy §r§ehas arrived on your §r§aGarden§r§e!
17:42:55 §6§r§6Madame Eleanor Q. Goldsworth III §r§ehas arrived on your §r§aGarden§r§e!
17:48:23 §a§r§aTom §r§ehas arrived on your §r§aGarden§r§e!
