14:02:36 §f                                  §6§lBESTIARY
14:02:36 §f                                §b§lRat §7§8XI §8➡§b §bXII
14:02:36 
14:02:36 §f                                  §r§6§lREWARDS
14:02:36 §f                          §r§6+0.4☘ Farming Fortune
14:02:36 §f                                §r§8+§r§62% §r§aRat §r§7coins
14:02:36 §f                    §r§8+§r§a50% §r§7chance for extra XP orbs
14:02:36 §f                               §r§8+§r§b1 SkyBlock XP
14:02:36 
14:02:36 §3§l▬▬▬▬▬▬▬▬▬▬▬▬▬▬▬▬▬▬▬▬▬▬▬▬▬▬▬▬▬▬▬▬▬▬▬▬▬▬▬▬▬▬▬▬▬▬▬▬▬▬▬▬▬▬▬▬▬▬▬▬▬▬▬▬
14:43:40 §f                                  §6§lBESTIARY
14:43:40 §f                          §b§lGolden Jerry §7§8IV §8➡§b §bV
14:43:40 
14:43:40 §f                                  §r§6§lREWARDS
14:43:40 §f                      §r§8+§r§a2 §r§6Golden Jerry §r§b✯ Magic Find
14:43:40 §f                      §r§8+§r§a2 §r§6Golden Jerry §r§c❁ Strength
14:43:40 §f                          §r§8+§r§62% §r§a§r§6Golden Jerry §r§7coins
14:43:40 §f                    §r§8+§r§a50% §r§7chance for extra XP orbs
14:43:40 §f                               §r§8+§r§b1 SkyBlock XP
14:43:40 
14:43:40 §3§l▬▬▬▬▬▬▬▬▬▬▬▬▬▬▬▬▬▬▬▬▬▬▬▬▬▬▬▬▬▬▬▬▬▬▬▬▬▬▬▬▬▬▬▬▬▬▬▬▬▬▬▬▬▬▬▬▬▬▬▬▬▬▬▬
15:24:49 §f                                  §6§lBESTIARY
15:24:49 §f                                 §b§lBal §7§8IX §8➡§b §bX
15:24:49 
15:24:49 §f                                  §r§6§lREWARDS
15:24:49 §f                            §r§8+§r§a3 §r§c§lBal §r§b✯ Magic Find
15:24:49 §f                            §r§8+§r§a3 §r§c§lBal §r§c❁ Strength
15:24:49 §f                                §r§8+§r§62% §r§a§r§c§lBal §r§7coins
15:24:49 §f                    §r§8+§r§a50% §r§7chance for extra XP orbs
15:24:49 §f                               §r§8+§r§b1 SkyBlock XP
15:24:49 
15:24:49 §3§l▬▬▬▬▬▬▬▬▬▬▬▬▬▬▬▬▬▬▬▬▬▬▬▬▬▬▬▬▬▬▬▬▬▬▬▬▬▬▬▬▬▬▬▬▬▬▬▬▬▬▬▬▬▬▬▬▬▬▬▬▬▬▬▬
15:29:42 §f                                  §6§lBESTIARY
15:29:42 §f                         §b§lKey Guardian §7§8III §8➡§b §bIV
15:29:42 
15:29:42 §f                                  §r§6§lREWARDS
15:29:42 §f                      §r§8+§r§a2 Key Guardian §r§b✯ Magic Find
15:29:42 §f                      §r§8+§r§a2 Key Guardian §r§c❁ Strength
15:29:42 §f                          §r§8+§r§62% §r§aKey Guardian §r§7coins
15:29:42 §f                    §r§8+§r§a50% §r§7chance for extra XP orbs
15:29:42 §f                               §r§8+§r§b1 SkyBlock XP
15:29:42 
15:29:42 §3§l▬▬▬▬▬▬▬▬▬▬▬▬▬▬▬▬▬▬▬▬▬▬▬▬▬▬▬▬▬▬▬▬▬▬▬▬▬▬▬▬▬▬▬▬▬▬▬▬▬▬▬▬▬▬▬▬▬▬▬▬▬▬▬▬
