19:52:43 DWARVEN_MINES
20:02:29 NONE
20:02:29 MINESHAFT
20:09:02 NONE
20:09:07 DWARVEN_MINES
20:22:26 NONE
20:22:26 MINESHAFT
20:29:32 NONE
20:29:33 DWARVEN_MINES
20:36:26 NONE
20:36:26 MINESHAFT
20:43:17 NONE
20:43:18 DWARVEN_MINES
21:16:00 NONE
21:16:13 DWARVEN_MINES
21:23:49 NONE
21:23:49 PRIVATE_ISLAND
21:36:19 NONE
21:36:21 HUB
21:38:03 NONE
21:38:03 DWARVEN_MINES
22:05:11 NONE
22:05:12 CRYSTAL_HOLLOWS
22:37:31 NONE
22:37:31 GARDEN
22:38:56 NONE
22:39:00 CRYSTAL_HOLLOWS
22:39:07 NONE
22:39:07 PRIVATE_ISLAND
22:39:11 NONE
22:39:12 CRYSTAL_HOLLOWS
22:40:02 NONE
22:40:02 PRIVATE_ISLAND
22:40:06 NONE
22:40:06 CRYSTAL_HOLLOWS
23:11:08 NONE
23:11:09 HUB
23:21:15 NONE
23:21:16 CRYSTAL_HOLLOWS
23:21:57 NONE
23:21:57 HUB
23:22:22 NONE
23:22:23 CRYSTAL_HOLLOWS
