11:35:04 New visitor detected: '§aSargwyn'
11:35:04 New visitor detected: '§aFelix'
11:35:04 New visitor detected: '§aRoyal Resident'
11:35:04 New visitor detected: '§aPlumber Joe'
11:35:04 New visitor detected: '§aLumber Jack'
11:39:10 New visitor detected: '§aLumber Jack'
11:54:22 New visitor detected: '§aRoyal Resident'
12:22:28 New visitor detected: '§aRhys'
13:35:47 New visitor detected: '§aTerry'
13:43:57 New visitor detected: '§aShaggy'
13:50:13 New visitor detected: '§aFarmhand'
13:56:13 New visitor detected: '§9Gold Forger'
14:05:51 New visitor detected: '§aEmissary Fraiser'
14:15:40 New visitor detected: '§aGuy'
14:27:25 New visitor detected: '§aArthur'
14:35:29 New visitor detected: '§aRoyal Resident'
15:03:13 New visitor detected: '§aLibrarian'
15:03:13 New visitor detected: '§aLumber Jack'
15:29:37 New visitor detected: '§6Madame Eleanor Q. Goldsworth III'
15:57:47 New visitor detected: '§6Madame Eleanor Q. Goldsworth III'
15:57:47 New visitor detected: '§aVex'
16:18:19 New visitor detected: '§9Zog'
