17:55:14 Visitor status change for '§aGimley': NEW -> WAITING (tooltipMissingItems)
17:55:17 Visitor status change for '§9Zog': NEW -> WAITING (tooltipMissingItems)
17:55:18 Visitor status change for '§aVex': NEW -> WAITING (tooltipMissingItems)
17:55:20 Visitor status change for '§aStella': NEW -> WAITING (tooltipMissingItems)
17:55:22 Visitor status change for '§9Queen Mismyla': NEW -> WAITING (tooltipMissingItems)
18:06:08 Visitor status change for '§aGimley': WAITING -> READY (hasItems)
18:06:08 Visitor status change for '§aStella': WAITING -> READY (hasItems)
18:13:09 Visitor status change for '§aGimley': READY -> ACCEPTED (accepted)
18:13:10 Visitor status change for '§aStella': READY -> ACCEPTED (accepted)
18:13:12 Visitor status change for '§aVex': NEW -> READY (tooltipClickToGive)
18:13:15 Visitor status change for '§aVex': READY -> ACCEPTED (accepted)
18:13:18 Visitor status change for '§9Seymour': NEW -> WAITING (tooltipMissingItems)
18:13:33 Visitor status change for '§9Seymour': NEW -> READY (tooltipClickToGive)
18:13:33 Visitor status change for '§9Seymour': READY -> WAITING (noLongerHasItems)
18:13:34 Visitor status change for '§9Seymour': WAITING -> ACCEPTED (accepted)
18:13:54 Visitor status change for '§9Queen Mismyla': WAITING -> READY (tooltipClickToGive)
18:13:54 Visitor status change for '§9Queen Mismyla': READY -> WAITING (noLongerHasItems)
18:13:54 Visitor status change for '§9Queen Mismyla': WAITING -> ACCEPTED (accepted)
18:40:47 Visitor status change for '§aDuke': NEW -> READY (tooltipClickToGive)
18:40:50 Visitor status change for '§aDuke': READY -> ACCEPTED (accepted)
19:48:19 Visitor status change for '§9Tia the Fairy': NEW -> WAITING (tooltipMissingItems)
19:48:24 Visitor status change for '§aJamie': NEW -> WAITING (tooltipMissingItems)
19:48:38 Visitor status change for '§9Tia the Fairy': WAITING -> READY (hasItems)
19:48:39 Visitor status change for '§9Tia the Fairy': READY -> ACCEPTED (accepted)
19:48:41 Visitor status change for '§aStella': NEW -> READY (tooltipClickToGive)
19:48:42 Visitor status change for '§aStella': READY -> ACCEPTED (accepted)
19:48:45 Visitor status change for '§aJotraeline Greatforge': NEW -> READY (tooltipClickToGive)
19:48:47 Visitor status change for '§aJotraeline Greatforge': READY -> ACCEPTED (accepted)
21:24:43 Visitor status change for '§aLumber Jack': NEW -> READY (tooltipClickToGive)
21:24:46 Visitor status change for '§aLumber Jack': READY -> ACCEPTED (accepted)
21:24:47 Visitor status change for '§9Gwendolyn': NEW -> WAITING (tooltipMissingItems)
21:24:50 Visitor status change for '§aDuke': NEW -> READY (tooltipClickToGive)
21:24:53 Visitor status change for '§aDuke': READY -> ACCEPTED (accepted)
