19:44:12 Trying to load config from config\skyhanni\config.json
19:44:12 load-config-now
19:44:13 Loaded config from file
19:44:13 Trying to load sacks from config\skyhanni\sacks.json
19:44:13 load-sacks-now
19:44:13 Loaded sacks from file
19:44:13 Trying to load friends from config\skyhanni\friends.json
19:44:13 load-friends-now
19:44:13 Loaded friends from file
19:44:13 Trying to load known_features from config\skyhanni\known_features.json
19:44:13 load-known_features-now
19:44:13 Loaded known_features from file
19:44:13 Trying to load jacob_contests from config\skyhanni\jacob_contests.json
19:44:13 load-jacob_contests-now
19:44:13 Loaded jacob_contests from file
19:44:13 Trying to load visual_words from config\skyhanni\visual_words.json
19:44:13 Setting visual_words to be blank as it did not exist. It will be saved once something is written to it
19:45:13 saveConfig: auto-save-60s
19:45:13 Saving config file
19:46:13 saveConfig: auto-save-60s
19:46:13 Saving config file
19:47:13 saveConfig: auto-save-60s
19:47:13 Saving config file
19:48:13 saveConfig: auto-save-60s
19:48:13 Saving config file
19:49:13 saveConfig: auto-save-60s
19:49:13 Saving config file
19:50:13 saveConfig: auto-save-60s
19:50:13 Saving config file
19:51:13 saveConfig: auto-save-60s
19:51:13 Saving config file
19:52:13 saveConfig: auto-save-60s
19:52:13 Saving config file
19:52:37 saveConfig: Updated known feature flags
19:52:37 Saving known_features file
19:53:13 saveConfig: auto-save-60s
19:53:13 Saving config file
19:54:13 saveConfig: auto-save-60s
19:54:13 Saving config file
19:55:13 saveConfig: auto-save-60s
19:55:13 Saving config file
19:55:43 saveConfig: saving-data
19:55:43 Saving sacks file
19:56:13 saveConfig: auto-save-60s
19:56:13 Saving config file
19:56:15 saveConfig: saving-data
19:56:15 Saving sacks file
19:56:48 saveConfig: saving-data
19:56:48 Saving sacks file
19:57:13 saveConfig: auto-save-60s
19:57:13 Saving config file
19:57:23 saveConfig: saving-data
19:57:23 Saving sacks file
19:57:55 saveConfig: saving-data
19:57:55 Saving sacks file
19:58:07 saveConfig: saving-data
19:58:07 Saving sacks file
19:58:11 saveConfig: saving-data
19:58:11 Saving sacks file
19:58:13 saveConfig: saving-data
19:58:13 Saving sacks file
19:58:13 saveConfig: auto-save-60s
19:58:13 Saving config file
19:58:42 saveConfig: saving-data
19:58:42 Saving sacks file
19:59:13 saveConfig: auto-save-60s
19:59:13 Saving config file
19:59:22 saveConfig: saving-data
19:59:22 Saving sacks file
19:59:38 saveConfig: saving-data
19:59:38 Saving sacks file
20:00:11 saveConfig: saving-data
20:00:11 Saving sacks file
20:00:13 saveConfig: auto-save-60s
20:00:13 Saving config file
20:00:42 saveConfig: saving-data
20:00:42 Saving sacks file
20:01:13 saveConfig: auto-save-60s
20:01:13 Saving config file
20:01:14 saveConfig: saving-data
20:01:14 Saving sacks file
20:01:43 saveConfig: saving-data
20:01:43 Saving sacks file
20:02:13 saveConfig: auto-save-60s
20:02:13 Saving config file
20:02:17 saveConfig: saving-data
20:02:17 Saving sacks file
20:02:28 saveConfig: saving-data
20:02:28 Saving sacks file
20:02:49 saveConfig: saving-data
20:02:49 Saving sacks file
20:03:01 saveConfig: saving-data
20:03:01 Saving sacks file
20:03:10 saveConfig: saving-data
20:03:10 Saving sacks file
20:03:13 saveConfig: auto-save-60s
20:03:13 Saving config file
20:03:41 saveConfig: saving-data
20:03:41 Saving sacks file
20:04:12 saveConfig: saving-data
20:04:12 Saving sacks file
20:04:13 saveConfig: auto-save-60s
20:04:13 Saving config file
20:04:44 saveConfig: saving-data
20:04:44 Saving sacks file
20:05:13 saveConfig: auto-save-60s
20:05:13 Saving config file
20:05:15 saveConfig: saving-data
20:05:15 Saving sacks file
20:05:46 saveConfig: saving-data
20:05:46 Saving sacks file
20:06:13 saveConfig: auto-save-60s
20:06:13 Saving config file
20:06:18 saveConfig: saving-data
20:06:18 Saving sacks file
20:06:49 saveConfig: saving-data
20:06:49 Saving sacks file
20:07:13 saveConfig: auto-save-60s
20:07:13 Saving config file
20:07:20 saveConfig: saving-data
20:07:20 Saving sacks file
20:07:51 saveConfig: saving-data
20:07:51 Saving sacks file
20:08:13 saveConfig: auto-save-60s
20:08:13 Saving config file
20:08:22 saveConfig: saving-data
20:08:22 Saving sacks file
20:08:46 saveConfig: saving-data
20:08:46 Saving sacks file
20:09:13 saveConfig: auto-save-60s
20:09:13 Saving config file
20:09:49 saveConfig: saving-data
20:09:49 Saving sacks file
20:10:13 saveConfig: auto-save-60s
20:10:13 Saving config file
20:10:21 saveConfig: saving-data
20:10:21 Saving sacks file
20:11:01 saveConfig: saving-data
20:11:01 Saving sacks file
20:11:13 saveConfig: auto-save-60s
20:11:13 Saving config file
20:11:20 saveConfig: saving-data
20:11:20 Saving sacks file
20:11:52 saveConfig: saving-data
20:11:52 Saving sacks file
20:12:13 saveConfig: auto-save-60s
20:12:13 Saving config file
20:12:28 saveConfig: saving-data
20:12:28 Saving sacks file
20:13:12 saveConfig: saving-data
20:13:12 Saving sacks file
20:13:13 saveConfig: auto-save-60s
20:13:13 Saving config file
20:13:44 saveConfig: saving-data
20:13:44 Saving sacks file
20:14:09 saveConfig: saving-data
20:14:09 Saving sacks file
20:14:13 saveConfig: auto-save-60s
20:14:13 Saving config file
20:14:32 saveConfig: saving-data
20:14:32 Saving sacks file
20:14:35 saveConfig: saving-data
20:14:35 Saving sacks file
20:15:00 saveConfig: saving-data
20:15:00 Saving sacks file
20:15:13 saveConfig: auto-save-60s
20:15:13 Saving config file
20:15:22 saveConfig: saving-data
20:15:22 Saving sacks file
20:15:54 saveConfig: saving-data
20:15:54 Saving sacks file
20:16:13 saveConfig: auto-save-60s
20:16:13 Saving config file
20:16:14 saveConfig: saving-data
20:16:14 Saving sacks file
20:16:57 saveConfig: saving-data
20:16:57 Saving sacks file
20:17:13 saveConfig: auto-save-60s
20:17:13 Saving config file
20:17:34 saveConfig: saving-data
20:17:34 Saving sacks file
20:18:07 saveConfig: saving-data
20:18:07 Saving sacks file
20:18:13 saveConfig: auto-save-60s
20:18:13 Saving config file
20:18:40 saveConfig: saving-data
20:18:40 Saving sacks file
20:19:13 saveConfig: auto-save-60s
20:19:13 Saving config file
20:19:15 saveConfig: saving-data
20:19:15 Saving sacks file
20:19:18 saveConfig: saving-data
20:19:18 Saving sacks file
20:19:37 saveConfig: saving-data
20:19:37 Saving sacks file
20:20:13 saveConfig: auto-save-60s
20:20:13 Saving config file
20:20:30 saveConfig: saving-data
20:20:30 Saving sacks file
20:20:32 saveConfig: saving-data
20:20:32 Saving sacks file
20:21:00 saveConfig: saving-data
20:21:00 Saving sacks file
20:21:13 saveConfig: auto-save-60s
20:21:13 Saving config file
20:21:41 saveConfig: saving-data
20:21:41 Saving sacks file
20:22:13 saveConfig: saving-data
20:22:13 Saving sacks file
20:22:13 saveConfig: auto-save-60s
20:22:13 Saving config file
20:22:40 saveConfig: saving-data
20:22:40 Saving sacks file
20:23:12 saveConfig: saving-data
20:23:12 Saving sacks file
20:23:13 saveConfig: auto-save-60s
20:23:13 Saving config file
20:23:43 saveConfig: saving-data
20:23:43 Saving sacks file
20:24:13 saveConfig: auto-save-60s
20:24:13 Saving config file
20:24:14 saveConfig: saving-data
20:24:14 Saving sacks file
20:24:45 saveConfig: saving-data
20:24:45 Saving sacks file
20:25:13 saveConfig: auto-save-60s
20:25:13 Saving config file
20:25:16 saveConfig: saving-data
20:25:16 Saving sacks file
20:25:20 saveConfig: saving-data
20:25:20 Saving sacks file
20:25:45 saveConfig: saving-data
20:25:45 Saving sacks file
20:26:13 saveConfig: auto-save-60s
20:26:13 Saving config file
20:26:16 saveConfig: saving-data
20:26:16 Saving sacks file
20:26:49 saveConfig: saving-data
20:26:49 Saving sacks file
20:27:13 saveConfig: auto-save-60s
20:27:13 Saving config file
20:27:20 saveConfig: saving-data
20:27:20 Saving sacks file
20:27:51 saveConfig: saving-data
20:27:51 Saving sacks file
20:28:13 saveConfig: auto-save-60s
20:28:13 Saving config file
20:28:22 saveConfig: saving-data
20:28:22 Saving sacks file
20:28:36 saveConfig: saving-data
20:28:36 Saving sacks file
20:29:07 saveConfig: saving-data
20:29:07 Saving sacks file
20:29:13 saveConfig: auto-save-60s
20:29:13 Saving config file
20:29:30 saveConfig: saving-data
20:29:30 Saving sacks file
20:29:55 saveConfig: saving-data
20:29:55 Saving sacks file
20:30:13 saveConfig: auto-save-60s
20:30:13 Saving config file
20:30:27 saveConfig: saving-data
20:30:27 Saving sacks file
20:30:59 saveConfig: saving-data
20:30:59 Saving sacks file
20:31:13 saveConfig: auto-save-60s
20:31:13 Saving config file
20:31:32 saveConfig: saving-data
20:31:32 Saving sacks file
20:31:42 saveConfig: saving-data
20:31:42 Saving sacks file
20:31:46 saveConfig: saving-data
20:31:46 Saving sacks file
20:31:59 saveConfig: saving-data
20:31:59 Saving sacks file
20:32:13 saveConfig: auto-save-60s
20:32:13 Saving config file
20:32:34 saveConfig: saving-data
20:32:34 Saving sacks file
20:33:02 saveConfig: saving-data
20:33:02 Saving sacks file
20:33:06 saveConfig: saving-data
20:33:06 Saving sacks file
20:33:13 saveConfig: auto-save-60s
20:33:13 Saving config file
20:33:42 saveConfig: saving-data
20:33:42 Saving sacks file
20:34:13 saveConfig: auto-save-60s
20:34:13 Saving config file
20:34:18 saveConfig: saving-data
20:34:18 Saving sacks file
20:34:26 saveConfig: saving-data
20:34:26 Saving sacks file
20:34:58 saveConfig: saving-data
20:34:58 Saving sacks file
20:35:13 saveConfig: auto-save-60s
20:35:13 Saving config file
20:35:29 saveConfig: saving-data
20:35:29 Saving sacks file
20:35:59 saveConfig: saving-data
20:35:59 Saving sacks file
20:36:13 saveConfig: auto-save-60s
20:36:13 Saving config file
20:36:41 saveConfig: saving-data
20:36:41 Saving sacks file
20:36:53 saveConfig: saving-data
20:36:53 Saving sacks file
20:37:02 saveConfig: saving-data
20:37:02 Saving sacks file
20:37:13 saveConfig: auto-save-60s
20:37:13 Saving config file
20:37:38 saveConfig: saving-data
20:37:38 Saving sacks file
20:38:13 saveConfig: auto-save-60s
20:38:13 Saving config file
20:38:22 saveConfig: saving-data
20:38:22 Saving sacks file
20:38:53 saveConfig: saving-data
20:38:53 Saving sacks file
20:39:13 saveConfig: auto-save-60s
20:39:13 Saving config file
20:39:24 saveConfig: saving-data
20:39:24 Saving sacks file
20:39:55 saveConfig: saving-data
20:39:55 Saving sacks file
20:40:13 saveConfig: auto-save-60s
20:40:13 Saving config file
20:40:27 saveConfig: saving-data
20:40:27 Saving sacks file
20:40:33 saveConfig: saving-data
20:40:33 Saving sacks file
20:40:42 saveConfig: saving-data
20:40:42 Saving sacks file
20:41:13 saveConfig: saving-data
20:41:13 Saving sacks file
20:41:13 saveConfig: auto-save-60s
20:41:13 Saving config file
20:41:18 saveConfig: saving-data
20:41:18 Saving sacks file
20:41:44 saveConfig: saving-data
20:41:44 Saving sacks file
20:41:53 saveConfig: saving-data
20:41:53 Saving sacks file
20:42:13 saveConfig: auto-save-60s
20:42:13 Saving config file
20:42:25 saveConfig: saving-data
20:42:25 Saving sacks file
20:42:39 saveConfig: saving-data
20:42:39 Saving sacks file
20:43:13 saveConfig: auto-save-60s
20:43:13 Saving config file
20:43:15 saveConfig: saving-data
20:43:15 Saving sacks file
20:43:35 saveConfig: saving-data
20:43:35 Saving sacks file
20:44:12 saveConfig: saving-data
20:44:12 Saving sacks file
20:44:13 saveConfig: auto-save-60s
20:44:13 Saving config file
20:44:46 saveConfig: saving-data
20:44:46 Saving sacks file
20:45:13 saveConfig: auto-save-60s
20:45:13 Saving config file
20:45:18 saveConfig: saving-data
20:45:18 Saving sacks file
20:45:50 saveConfig: saving-data
20:45:50 Saving sacks file
20:46:13 saveConfig: auto-save-60s
20:46:13 Saving config file
20:46:22 saveConfig: saving-data
20:46:22 Saving sacks file
20:46:53 saveConfig: saving-data
20:46:53 Saving sacks file
20:47:13 saveConfig: auto-save-60s
20:47:13 Saving config file
20:47:26 saveConfig: saving-data
20:47:26 Saving sacks file
20:47:58 saveConfig: saving-data
20:47:58 Saving sacks file
20:48:13 saveConfig: auto-save-60s
20:48:13 Saving config file
20:48:30 saveConfig: saving-data
20:48:30 Saving sacks file
20:49:01 saveConfig: saving-data
20:49:01 Saving sacks file
20:49:13 saveConfig: auto-save-60s
20:49:13 Saving config file
20:49:17 saveConfig: saving-data
20:49:17 Saving sacks file
20:49:48 saveConfig: saving-data
20:49:48 Saving sacks file
20:50:09 saveConfig: saving-data
20:50:09 Saving sacks file
20:50:11 saveConfig: saving-data
20:50:11 Saving sacks file
20:50:13 saveConfig: auto-save-60s
20:50:13 Saving config file
20:51:13 saveConfig: auto-save-60s
20:51:13 Saving config file
20:52:13 saveConfig: auto-save-60s
20:52:13 Saving config file
20:53:13 saveConfig: auto-save-60s
20:53:13 Saving config file
20:54:13 saveConfig: auto-save-60s
20:54:13 Saving config file
20:55:13 saveConfig: auto-save-60s
20:55:13 Saving config file
20:56:13 saveConfig: auto-save-60s
20:56:13 Saving config file
20:57:13 saveConfig: auto-save-60s
20:57:13 Saving config file
20:58:13 saveConfig: auto-save-60s
20:58:13 Saving config file
20:59:13 saveConfig: auto-save-60s
20:59:13 Saving config file
21:00:13 saveConfig: auto-save-60s
21:00:13 Saving config file
21:16:21 saveConfig: saving-data
21:16:21 Saving sacks file
21:16:34 saveConfig: auto-save-60s
21:16:34 Saving config file
21:16:34 saveConfig: auto-save-60s
21:16:34 Saving config file
21:16:34 saveConfig: auto-save-60s
21:16:34 Saving config file
21:16:34 saveConfig: auto-save-60s
21:16:34 Saving config file
21:16:34 saveConfig: auto-save-60s
21:16:34 Saving config file
21:16:34 saveConfig: auto-save-60s
21:16:34 Saving config file
21:16:34 saveConfig: auto-save-60s
21:16:34 Saving config file
21:16:34 saveConfig: auto-save-60s
21:16:34 Saving config file
21:16:34 saveConfig: auto-save-60s
21:16:34 Saving config file
21:16:34 saveConfig: auto-save-60s
21:16:34 Saving config file
21:16:34 saveConfig: auto-save-60s
21:16:34 Saving config file
21:16:34 saveConfig: auto-save-60s
21:16:34 Saving config file
21:16:34 saveConfig: auto-save-60s
21:16:34 Saving config file
21:16:34 saveConfig: auto-save-60s
21:16:34 Saving config file
21:16:34 saveConfig: auto-save-60s
21:16:34 Saving config file
21:16:34 saveConfig: auto-save-60s
21:16:34 Saving config file
21:17:13 saveConfig: auto-save-60s
21:17:13 Saving config file
21:17:38 saveConfig: saving-data
21:17:38 Saving sacks file
21:17:39 saveConfig: saving-data
21:17:39 Saving sacks file
21:17:46 saveConfig: saving-data
21:17:46 Saving sacks file
21:18:13 saveConfig: auto-save-60s
21:18:13 Saving config file
21:19:13 saveConfig: auto-save-60s
21:19:13 Saving config file
21:20:13 saveConfig: auto-save-60s
21:20:13 Saving config file
21:20:40 saveConfig: saving-data
21:20:40 Saving sacks file
21:20:57 saveConfig: saving-data
21:20:57 Saving sacks file
21:21:13 saveConfig: auto-save-60s
21:21:13 Saving config file
21:21:16 saveConfig: saving-data
21:21:16 Saving sacks file
21:22:13 saveConfig: auto-save-60s
21:22:13 Saving config file
21:23:13 saveConfig: auto-save-60s
21:23:13 Saving config file
21:24:13 saveConfig: auto-save-60s
21:24:13 Saving config file
21:25:13 saveConfig: auto-save-60s
21:25:13 Saving config file
21:26:13 saveConfig: auto-save-60s
21:26:13 Saving config file
21:27:13 saveConfig: auto-save-60s
21:27:13 Saving config file
21:28:13 saveConfig: auto-save-60s
21:28:13 Saving config file
21:29:13 saveConfig: auto-save-60s
21:29:13 Saving config file
21:30:13 saveConfig: auto-save-60s
21:30:13 Saving config file
21:31:13 saveConfig: auto-save-60s
21:31:13 Saving config file
21:32:13 saveConfig: auto-save-60s
21:32:13 Saving config file
21:33:13 saveConfig: auto-save-60s
21:33:13 Saving config file
21:34:13 saveConfig: auto-save-60s
21:34:13 Saving config file
21:35:13 saveConfig: auto-save-60s
21:35:13 Saving config file
21:35:55 saveConfig: saving-data
21:35:55 Saving sacks file
21:36:02 saveConfig: saving-data
21:36:02 Saving sacks file
21:36:13 saveConfig: auto-save-60s
21:36:13 Saving config file
21:37:13 saveConfig: auto-save-60s
21:37:13 Saving config file
21:38:13 saveConfig: auto-save-60s
21:38:13 Saving config file
21:39:13 saveConfig: auto-save-60s
21:39:13 Saving config file
21:40:13 saveConfig: auto-save-60s
21:40:13 Saving config file
21:41:13 saveConfig: auto-save-60s
21:41:13 Saving config file
21:42:13 saveConfig: auto-save-60s
21:42:13 Saving config file
21:43:13 saveConfig: auto-save-60s
21:43:13 Saving config file
21:44:13 saveConfig: auto-save-60s
21:44:13 Saving config file
21:45:13 saveConfig: auto-save-60s
21:45:13 Saving config file
21:46:13 saveConfig: auto-save-60s
21:46:13 Saving config file
21:46:13 saveConfig: saving-data
21:46:13 Saving sacks file
21:47:13 saveConfig: auto-save-60s
21:47:13 Saving config file
21:47:26 saveConfig: saving-data
21:47:26 Saving sacks file
21:47:56 saveConfig: saving-data
21:47:56 Saving sacks file
21:48:13 saveConfig: auto-save-60s
21:48:13 Saving config file
21:48:15 saveConfig: saving-data
21:48:15 Saving sacks file
21:48:36 saveConfig: saving-data
21:48:36 Saving sacks file
21:49:13 saveConfig: auto-save-60s
21:49:13 Saving config file
21:50:13 saveConfig: auto-save-60s
21:50:13 Saving config file
21:50:46 saveConfig: saving-data
21:50:46 Saving sacks file
21:51:13 saveConfig: auto-save-60s
21:51:13 Saving config file
21:52:13 saveConfig: auto-save-60s
21:52:13 Saving config file
21:53:13 saveConfig: auto-save-60s
21:53:13 Saving config file
21:53:30 saveConfig: saving-data
21:53:30 Saving sacks file
21:53:48 saveConfig: saving-data
21:53:48 Saving sacks file
21:54:13 saveConfig: auto-save-60s
21:54:13 Saving config file
21:54:15 saveConfig: saving-data
21:54:15 Saving sacks file
21:54:16 saveConfig: saving-data
21:54:16 Saving sacks file
21:54:32 saveConfig: saving-data
21:54:32 Saving sacks file
21:55:13 saveConfig: auto-save-60s
21:55:13 Saving config file
21:56:13 saveConfig: auto-save-60s
21:56:13 Saving config file
21:57:13 saveConfig: auto-save-60s
21:57:13 Saving config file
21:58:13 saveConfig: auto-save-60s
21:58:13 Saving config file
21:59:13 saveConfig: auto-save-60s
21:59:13 Saving config file
22:00:13 saveConfig: auto-save-60s
22:00:13 Saving config file
22:01:13 saveConfig: auto-save-60s
22:01:13 Saving config file
22:02:13 saveConfig: auto-save-60s
22:02:13 Saving config file
22:03:13 saveConfig: auto-save-60s
22:03:13 Saving config file
22:04:13 saveConfig: auto-save-60s
22:04:13 Saving config file
22:05:13 saveConfig: auto-save-60s
22:05:13 Saving config file
22:06:13 saveConfig: auto-save-60s
22:06:13 Saving config file
22:07:13 saveConfig: auto-save-60s
22:07:13 Saving config file
22:08:13 saveConfig: auto-save-60s
22:08:13 Saving config file
22:08:19 saveConfig: saving-data
22:08:19 Saving sacks file
22:08:28 saveConfig: saving-data
22:08:28 Saving sacks file
22:09:12 saveConfig: saving-data
22:09:12 Saving sacks file
22:09:13 saveConfig: auto-save-60s
22:09:13 Saving config file
22:10:01 saveConfig: saving-data
22:10:01 Saving sacks file
22:10:13 saveConfig: auto-save-60s
22:10:13 Saving config file
22:11:13 saveConfig: auto-save-60s
22:11:13 Saving config file
22:12:13 saveConfig: auto-save-60s
22:12:13 Saving config file
22:12:55 saveConfig: saving-data
22:12:55 Saving sacks file
22:13:13 saveConfig: auto-save-60s
22:13:13 Saving config file
22:13:28 saveConfig: saving-data
22:13:28 Saving sacks file
22:13:59 saveConfig: saving-data
22:13:59 Saving sacks file
22:14:13 saveConfig: auto-save-60s
22:14:13 Saving config file
22:14:30 saveConfig: saving-data
22:14:30 Saving sacks file
22:14:59 saveConfig: saving-data
22:14:59 Saving sacks file
22:15:13 saveConfig: auto-save-60s
22:15:13 Saving config file
22:15:31 saveConfig: saving-data
22:15:31 Saving sacks file
22:16:03 saveConfig: saving-data
22:16:03 Saving sacks file
22:16:13 saveConfig: auto-save-60s
22:16:13 Saving config file
22:16:46 saveConfig: saving-data
22:16:46 Saving sacks file
22:17:13 saveConfig: auto-save-60s
22:17:13 Saving config file
22:17:17 saveConfig: saving-data
22:17:17 Saving sacks file
22:17:49 saveConfig: saving-data
22:17:49 Saving sacks file
22:18:13 saveConfig: auto-save-60s
22:18:13 Saving config file
22:18:20 saveConfig: saving-data
22:18:20 Saving sacks file
22:18:45 saveConfig: saving-data
22:18:45 Saving sacks file
22:19:13 saveConfig: auto-save-60s
22:19:13 Saving config file
22:19:23 saveConfig: saving-data
22:19:23 Saving sacks file
22:20:13 saveConfig: auto-save-60s
22:20:13 Saving config file
22:20:36 saveConfig: saving-data
22:20:36 Saving sacks file
22:20:49 saveConfig: saving-data
22:20:49 Saving sacks file
22:21:06 saveConfig: saving-data
22:21:06 Saving sacks file
22:21:13 saveConfig: auto-save-60s
22:21:13 Saving config file
22:21:44 saveConfig: saving-data
22:21:44 Saving sacks file
22:21:53 saveConfig: saving-data
22:21:53 Saving sacks file
22:22:13 saveConfig: auto-save-60s
22:22:13 Saving config file
22:22:44 saveConfig: saving-data
22:22:44 Saving sacks file
22:22:53 saveConfig: saving-data
22:22:53 Saving sacks file
22:23:13 saveConfig: auto-save-60s
22:23:13 Saving config file
22:23:27 saveConfig: saving-data
22:23:27 Saving sacks file
22:23:58 saveConfig: saving-data
22:23:58 Saving sacks file
22:24:13 saveConfig: auto-save-60s
22:24:13 Saving config file
22:24:30 saveConfig: saving-data
22:24:30 Saving sacks file
22:25:02 saveConfig: saving-data
22:25:02 Saving sacks file
22:25:13 saveConfig: auto-save-60s
22:25:13 Saving config file
22:25:34 saveConfig: saving-data
22:25:34 Saving sacks file
22:26:06 saveConfig: saving-data
22:26:06 Saving sacks file
22:26:13 saveConfig: auto-save-60s
22:26:13 Saving config file
22:26:39 saveConfig: saving-data
22:26:39 Saving sacks file
22:27:11 saveConfig: saving-data
22:27:11 Saving sacks file
22:27:13 saveConfig: auto-save-60s
22:27:13 Saving config file
22:27:44 saveConfig: saving-data
22:27:44 Saving sacks file
22:28:13 saveConfig: auto-save-60s
22:28:13 Saving config file
22:28:16 saveConfig: saving-data
22:28:16 Saving sacks file
22:28:40 saveConfig: saving-data
22:28:40 Saving sacks file
22:29:13 saveConfig: auto-save-60s
22:29:13 Saving config file
22:29:42 saveConfig: saving-data
22:29:42 Saving sacks file
22:30:13 saveConfig: auto-save-60s
22:30:13 Saving config file
22:30:13 saveConfig: saving-data
22:30:13 Saving sacks file
22:30:21 saveConfig: saving-data
22:30:21 Saving sacks file
22:31:02 saveConfig: saving-data
22:31:02 Saving sacks file
22:31:13 saveConfig: auto-save-60s
22:31:13 Saving config file
22:31:23 saveConfig: saving-data
22:31:23 Saving sacks file
22:31:34 saveConfig: saving-data
22:31:34 Saving sacks file
22:32:07 saveConfig: saving-data
22:32:07 Saving sacks file
22:32:13 saveConfig: auto-save-60s
22:32:13 Saving config file
22:32:42 saveConfig: saving-data
22:32:42 Saving sacks file
22:33:03 saveConfig: saving-data
22:33:03 Saving sacks file
22:33:13 saveConfig: auto-save-60s
22:33:13 Saving config file
22:33:24 saveConfig: saving-data
22:33:24 Saving sacks file
22:34:13 saveConfig: auto-save-60s
22:34:13 Saving config file
22:34:17 saveConfig: saving-data
22:34:17 Saving sacks file
22:34:49 saveConfig: saving-data
22:34:49 Saving sacks file
22:35:13 saveConfig: auto-save-60s
22:35:13 Saving config file
22:35:21 saveConfig: saving-data
22:35:21 Saving sacks file
22:35:52 saveConfig: saving-data
22:35:52 Saving sacks file
22:36:13 saveConfig: auto-save-60s
22:36:13 Saving config file
22:36:24 saveConfig: saving-data
22:36:24 Saving sacks file
22:36:55 saveConfig: saving-data
22:36:55 Saving sacks file
22:37:13 saveConfig: auto-save-60s
22:37:13 Saving config file
22:37:27 saveConfig: saving-data
22:37:27 Saving sacks file
22:37:52 saveConfig: saving-data
22:37:52 Saving sacks file
22:37:59 saveConfig: saving-data
22:37:59 Saving sacks file
22:38:04 saveConfig: saving-data
22:38:04 Saving sacks file
22:38:06 saveConfig: saving-data
22:38:06 Saving sacks file
22:38:12 saveConfig: saving-data
22:38:12 Saving sacks file
22:38:13 saveConfig: auto-save-60s
22:38:13 Saving config file
22:38:18 saveConfig: saving-data
22:38:18 Saving sacks file
22:38:25 saveConfig: saving-data
22:38:25 Saving sacks file
22:38:39 saveConfig: saving-data
22:38:39 Saving sacks file
22:39:13 saveConfig: auto-save-60s
22:39:13 Saving config file
22:39:40 saveConfig: saving-data
22:39:40 Saving sacks file
22:40:13 saveConfig: auto-save-60s
22:40:13 Saving config file
22:40:51 saveConfig: saving-data
22:40:51 Saving sacks file
22:41:13 saveConfig: auto-save-60s
22:41:13 Saving config file
22:41:23 saveConfig: saving-data
22:41:23 Saving sacks file
22:41:55 saveConfig: saving-data
22:41:55 Saving sacks file
22:42:13 saveConfig: auto-save-60s
22:42:13 Saving config file
22:42:26 saveConfig: saving-data
22:42:26 Saving sacks file
22:42:58 saveConfig: saving-data
22:42:58 Saving sacks file
22:43:13 saveConfig: auto-save-60s
22:43:13 Saving config file
22:43:30 saveConfig: saving-data
22:43:30 Saving sacks file
22:43:49 saveConfig: saving-data
22:43:49 Saving sacks file
22:44:13 saveConfig: auto-save-60s
22:44:13 Saving config file
22:44:21 saveConfig: saving-data
22:44:21 Saving sacks file
22:44:45 saveConfig: saving-data
22:44:45 Saving sacks file
22:45:02 saveConfig: saving-data
22:45:02 Saving sacks file
22:45:13 saveConfig: auto-save-60s
22:45:13 Saving config file
22:45:25 saveConfig: saving-data
22:45:25 Saving sacks file
22:45:49 saveConfig: saving-data
22:45:49 Saving sacks file
22:46:13 saveConfig: auto-save-60s
22:46:13 Saving config file
22:46:21 saveConfig: saving-data
22:46:21 Saving sacks file
22:46:55 saveConfig: saving-data
22:46:55 Saving sacks file
22:47:13 saveConfig: auto-save-60s
22:47:13 Saving config file
22:47:24 saveConfig: saving-data
22:47:24 Saving sacks file
22:48:01 saveConfig: saving-data
22:48:01 Saving sacks file
22:48:13 saveConfig: auto-save-60s
22:48:13 Saving config file
22:48:33 saveConfig: saving-data
22:48:33 Saving sacks file
22:49:06 saveConfig: saving-data
22:49:06 Saving sacks file
22:49:13 saveConfig: auto-save-60s
22:49:13 Saving config file
22:49:25 saveConfig: saving-data
22:49:25 Saving sacks file
22:50:01 saveConfig: saving-data
22:50:01 Saving sacks file
22:50:13 saveConfig: auto-save-60s
22:50:13 Saving config file
22:50:26 saveConfig: saving-data
22:50:26 Saving sacks file
22:51:08 saveConfig: saving-data
22:51:08 Saving sacks file
22:51:13 saveConfig: auto-save-60s
22:51:13 Saving config file
22:51:49 saveConfig: saving-data
22:51:49 Saving sacks file
22:52:13 saveConfig: auto-save-60s
22:52:13 Saving config file
22:52:21 saveConfig: saving-data
22:52:21 Saving sacks file
22:53:04 saveConfig: saving-data
22:53:04 Saving sacks file
22:53:13 saveConfig: auto-save-60s
22:53:13 Saving config file
22:53:55 saveConfig: saving-data
22:53:55 Saving sacks file
22:54:13 saveConfig: auto-save-60s
22:54:13 Saving config file
22:54:19 saveConfig: saving-data
22:54:19 Saving sacks file
22:54:53 saveConfig: saving-data
22:54:53 Saving sacks file
22:55:13 saveConfig: auto-save-60s
22:55:13 Saving config file
22:55:25 saveConfig: saving-data
22:55:25 Saving sacks file
22:55:59 saveConfig: saving-data
22:55:59 Saving sacks file
22:56:13 saveConfig: auto-save-60s
22:56:13 Saving config file
22:56:30 saveConfig: saving-data
22:56:30 Saving sacks file
22:57:08 saveConfig: saving-data
22:57:08 Saving sacks file
22:57:13 saveConfig: auto-save-60s
22:57:13 Saving config file
22:57:41 saveConfig: saving-data
22:57:41 Saving sacks file
22:58:12 saveConfig: saving-data
22:58:12 Saving sacks file
22:58:13 saveConfig: auto-save-60s
22:58:13 Saving config file
22:58:44 saveConfig: saving-data
22:58:44 Saving sacks file
22:59:13 saveConfig: auto-save-60s
22:59:13 Saving config file
22:59:16 saveConfig: saving-data
22:59:16 Saving sacks file
22:59:47 saveConfig: saving-data
22:59:47 Saving sacks file
23:00:13 saveConfig: auto-save-60s
23:00:13 Saving config file
23:00:19 saveConfig: saving-data
23:00:19 Saving sacks file
23:00:50 saveConfig: saving-data
23:00:50 Saving sacks file
23:00:58 saveConfig: saving-data
23:00:58 Saving sacks file
23:01:13 saveConfig: auto-save-60s
23:01:13 Saving config file
23:01:31 saveConfig: saving-data
23:01:31 Saving sacks file
23:02:05 saveConfig: saving-data
23:02:05 Saving sacks file
23:02:13 saveConfig: auto-save-60s
23:02:13 Saving config file
23:02:36 saveConfig: saving-data
23:02:36 Saving sacks file
23:02:45 saveConfig: saving-data
23:02:45 Saving sacks file
23:03:13 saveConfig: auto-save-60s
23:03:13 Saving config file
23:03:17 saveConfig: saving-data
23:03:17 Saving sacks file
23:03:25 saveConfig: saving-data
23:03:25 Saving sacks file
23:03:32 saveConfig: saving-data
23:03:32 Saving sacks file
23:04:13 saveConfig: auto-save-60s
23:04:13 Saving config file
23:05:13 saveConfig: auto-save-60s
23:05:13 Saving config file
23:06:13 saveConfig: auto-save-60s
23:06:13 Saving config file
23:06:51 saveConfig: saving-data
23:06:51 Saving sacks file
23:07:13 saveConfig: auto-save-60s
23:07:13 Saving config file
23:07:26 saveConfig: saving-data
23:07:26 Saving sacks file
23:07:34 saveConfig: saving-data
23:07:34 Saving sacks file
23:07:44 saveConfig: saving-data
23:07:44 Saving sacks file
23:08:13 saveConfig: auto-save-60s
23:08:13 Saving config file
23:08:26 saveConfig: saving-data
23:08:26 Saving sacks file
23:08:43 saveConfig: saving-data
23:08:43 Saving sacks file
23:09:12 saveConfig: saving-data
23:09:12 Saving sacks file
23:09:13 saveConfig: auto-save-60s
23:09:13 Saving config file
23:09:53 saveConfig: saving-data
23:09:53 Saving sacks file
23:10:13 saveConfig: auto-save-60s
23:10:13 Saving config file
23:10:49 saveConfig: saving-data
23:10:49 Saving sacks file
23:11:13 saveConfig: auto-save-60s
23:11:13 Saving config file
23:12:13 saveConfig: auto-save-60s
23:12:13 Saving config file
23:13:01 saveConfig: saving-data
23:13:01 Saving sacks file
23:13:08 saveConfig: saving-data
23:13:08 Saving sacks file
23:13:13 saveConfig: auto-save-60s
23:13:13 Saving config file
23:13:54 saveConfig: saving-data
23:13:54 Saving sacks file
23:14:13 saveConfig: auto-save-60s
23:14:13 Saving config file
23:15:13 saveConfig: auto-save-60s
23:15:13 Saving config file
23:16:13 saveConfig: auto-save-60s
23:16:13 Saving config file
23:16:38 saveConfig: saving-data
23:16:38 Saving sacks file
23:16:46 saveConfig: saving-data
23:16:46 Saving sacks file
23:16:54 saveConfig: saving-data
23:16:54 Saving sacks file
23:17:06 saveConfig: saving-data
23:17:06 Saving sacks file
23:17:13 saveConfig: auto-save-60s
23:17:13 Saving config file
23:17:16 saveConfig: saving-data
23:17:16 Saving sacks file
23:17:34 saveConfig: saving-data
23:17:34 Saving sacks file
23:17:37 saveConfig: saving-data
23:17:37 Saving sacks file
23:17:46 saveConfig: saving-data
23:17:46 Saving sacks file
23:18:07 saveConfig: saving-data
23:18:07 Saving sacks file
23:18:13 saveConfig: auto-save-60s
23:18:13 Saving config file
23:18:14 saveConfig: saving-data
23:18:14 Saving sacks file
23:19:13 saveConfig: auto-save-60s
23:19:13 Saving config file
23:20:13 saveConfig: auto-save-60s
23:20:13 Saving config file
23:21:13 saveConfig: auto-save-60s
23:21:13 Saving config file
23:22:13 saveConfig: auto-save-60s
23:22:13 Saving config file
23:23:05 saveConfig: saving-data
23:23:05 Saving sacks file
23:23:13 saveConfig: auto-save-60s
23:23:13 Saving config file
23:23:37 saveConfig: saving-data
23:23:37 Saving sacks file
23:23:58 saveConfig: saving-data
23:23:58 Saving sacks file
23:24:13 saveConfig: auto-save-60s
23:24:13 Saving config file
23:25:13 saveConfig: auto-save-60s
23:25:13 Saving config file
23:25:45 saveConfig: saving-data
23:25:45 Saving sacks file
23:26:13 saveConfig: auto-save-60s
23:26:13 Saving config file
23:26:58 saveConfig: shutdown-hook
23:26:58 Saving config file
