18:57:43 §f                                  §6§lBESTIARY
18:57:43 §f                        §b§lGaia Construct §7§8II §8➡§b §bIII
18:57:43 
18:57:43 §f                                  §r§6§lREWARDS
18:57:43 §f                     §r§8+§r§a2 Gaia Construct §r§b✯ Magic Find
18:57:43 §f                     §r§8+§r§a2 Gaia Construct §r§c❁ Strength
18:57:43 §f                         §r§8+§r§62% §r§aGaia Construct §r§7coins
18:57:43 §f                    §r§8+§r§a50% §r§7chance for extra XP orbs
18:57:43 §f                               §r§8+§r§b1 SkyBlock XP
18:57:43 
18:57:43 §3§l▬▬▬▬▬▬▬▬▬▬▬▬▬▬▬▬▬▬▬▬▬▬▬▬▬▬▬▬▬▬▬▬▬▬▬▬▬▬▬▬▬▬▬▬▬▬▬▬▬▬▬▬▬▬▬▬▬▬▬▬▬▬▬▬
19:00:09 §f                                  §6§lBESTIARY
19:00:09 §f                             §b§lMinotaur §7§8II §8➡§b §bIII
19:00:09 
19:00:09 §f                                  §r§6§lREWARDS
19:00:09 §f                         §r§8+§r§a2 Minotaur §r§b✯ Magic Find
19:00:09 §f                         §r§8+§r§a2 Minotaur §r§c❁ Strength
19:00:09 §f                             §r§8+§r§62% §r§aMinotaur §r§7coins
19:00:09 §f                    §r§8+§r§a50% §r§7chance for extra XP orbs
19:00:09 §f                               §r§8+§r§b1 SkyBlock XP
19:00:09 
19:00:09 §3§l▬▬▬▬▬▬▬▬▬▬▬▬▬▬▬▬▬▬▬▬▬▬▬▬▬▬▬▬▬▬▬▬▬▬▬▬▬▬▬▬▬▬▬▬▬▬▬▬▬▬▬▬▬▬▬▬▬▬▬▬▬▬▬▬
19:11:50 §f                                  §6§lBESTIARY
19:11:50 §f                        §b§lGaia Construct §7§8III §8➡§b §bIV
19:11:50 
19:11:50 §f                                  §r§6§lREWARDS
19:11:50 §f                     §r§8+§r§a2 Gaia Construct §r§b✯ Magic Find
19:11:50 §f                     §r§8+§r§a2 Gaia Construct §r§c❁ Strength
19:11:50 §f                         §r§8+§r§62% §r§aGaia Construct §r§7coins
19:11:50 §f                    §r§8+§r§a50% §r§7chance for extra XP orbs
19:11:50 §f                               §r§8+§r§b1 SkyBlock XP
19:11:50 
19:11:50   §r§f                         §6§lBESTIARY MILESTONE
19:11:50   §r§f                                  §8CXIX➡§eCXX
19:11:50 
19:11:50 §3§l▬▬▬▬▬▬▬▬▬▬▬▬▬▬▬▬▬▬▬▬▬▬▬▬▬▬▬▬▬▬▬▬▬▬▬▬▬▬▬▬▬▬▬▬▬▬▬▬▬▬▬▬▬▬▬▬▬▬▬▬▬▬▬▬
19:15:42 §f                                  §6§lBESTIARY
19:15:42 §f                          §b§lSiamese Lynx §7§8IV §8➡§b §bV
19:15:42 
19:15:42 §f                                  §r§6§lREWARDS
19:15:42 §f                      §r§8+§r§a2 §r§2Siamese Lynx §r§b✯ Magic Find
19:15:42 §f                      §r§8+§r§a2 §r§2Siamese Lynx §r§c❁ Strength
19:15:42 §f                          §r§8+§r§62% §r§a§r§2Siamese Lynx §r§7coins
19:15:42 §f                    §r§8+§r§a50% §r§7chance for extra XP orbs
19:15:42 §f                               §r§8+§r§b1 SkyBlock XP
19:15:42 
19:15:42 §3§l▬▬▬▬▬▬▬▬▬▬▬▬▬▬▬▬▬▬▬▬▬▬▬▬▬▬▬▬▬▬▬▬▬▬▬▬▬▬▬▬▬▬▬▬▬▬▬▬▬▬▬▬▬▬▬▬▬▬▬▬▬▬▬▬
19:19:17 §f                                  §6§lBESTIARY
19:19:17 §f                             §b§lMinotaur §7§8III §8➡§b §bIV
19:19:17 
19:19:17 §f                                  §r§6§lREWARDS
19:19:17 §f                         §r§8+§r§a2 Minotaur §r§b✯ Magic Find
19:19:17 §f                         §r§8+§r§a2 Minotaur §r§c❁ Strength
19:19:17 §f                             §r§8+§r§62% §r§aMinotaur §r§7coins
19:19:17 §f                    §r§8+§r§a50% §r§7chance for extra XP orbs
19:19:17 §f                               §r§8+§r§b1 SkyBlock XP
19:19:17 
19:19:17 §3§l▬▬▬▬▬▬▬▬▬▬▬▬▬▬▬▬▬▬▬▬▬▬▬▬▬▬▬▬▬▬▬▬▬▬▬▬▬▬▬▬▬▬▬▬▬▬▬▬▬▬▬▬▬▬▬▬▬▬▬▬▬▬▬▬
19:30:55 §f                                  §6§lBESTIARY
19:30:55 §f                          §b§lSiamese Lynx §7§8V §8➡§b §bVI
19:30:55 
19:30:55 §f                                  §r§6§lREWARDS
19:30:55 §f                      §r§8+§r§a3 §r§2Siamese Lynx §r§b✯ Magic Find
19:30:55 §f                      §r§8+§r§a3 §r§2Siamese Lynx §r§c❁ Strength
19:30:55 §f                          §r§8+§r§62% §r§a§r§2Siamese Lynx §r§7coins
19:30:55 §f                    §r§8+§r§a50% §r§7chance for extra XP orbs
19:30:55 §f                               §r§8+§r§b1 SkyBlock XP
19:30:55 
19:30:55 §3§l▬▬▬▬▬▬▬▬▬▬▬▬▬▬▬▬▬▬▬▬▬▬▬▬▬▬▬▬▬▬▬▬▬▬▬▬▬▬▬▬▬▬▬▬▬▬▬▬▬▬▬▬▬▬▬▬▬▬▬▬▬▬▬▬
20:19:09 §f                                  §6§lBESTIARY
20:19:09 §f                         §b§lSiamese Lynx §7§8VI §8➡§b §bVII
20:19:09 
20:19:09 §f                                  §r§6§lREWARDS
20:19:09 §f                      §r§8+§r§a3 §r§2Siamese Lynx §r§b✯ Magic Find
20:19:09 §f                      §r§8+§r§a3 §r§2Siamese Lynx §r§c❁ Strength
20:19:09 §f                          §r§8+§r§62% §r§a§r§2Siamese Lynx §r§7coins
20:19:09 §f                    §r§8+§r§a50% §r§7chance for extra XP orbs
20:19:09 §f                               §r§8+§r§b1 SkyBlock XP
20:19:09 
20:19:09 §3§l▬▬▬▬▬▬▬▬▬▬▬▬▬▬▬▬▬▬▬▬▬▬▬▬▬▬▬▬▬▬▬▬▬▬▬▬▬▬▬▬▬▬▬▬▬▬▬▬▬▬▬▬▬▬▬▬▬▬▬▬▬▬▬▬
20:20:35 §f                                  §6§lBESTIARY
20:20:35 §f                      §b§lSoul of the Alpha §7§8XI §8➡§b §bXII
20:20:35 
20:20:35 §f                                  §r§6§lREWARDS
20:20:35 §f                   §r§8+§r§a4 §r§3Soul of the Alpha §r§b✯ Magic Find
20:20:35 §f                    §r§8+§r§a4 §r§3Soul of the Alpha §r§c❁ Strength
20:20:35 §f                       §r§8+§r§62% §r§a§r§3Soul of the Alpha §r§7coins
20:20:35 §f                    §r§8+§r§a50% §r§7chance for extra XP orbs
20:20:35 §f                               §r§8+§r§b1 SkyBlock XP
20:20:35 
20:20:35 §3§l▬▬▬▬▬▬▬▬▬▬▬▬▬▬▬▬▬▬▬▬▬▬▬▬▬▬▬▬▬▬▬▬▬▬▬▬▬▬▬▬▬▬▬▬▬▬▬▬▬▬▬▬▬▬▬▬▬▬▬▬▬▬▬▬
20:27:27 §f                                  §6§lBESTIARY
20:27:27 §f                          §b§lPack Spirit §7§8VIII §8➡§b §bIX
20:27:27 
20:27:27 §f                                  §r§6§lREWARDS
20:27:27 §f                       §r§8+§r§a3 §r§bPack Spirit §r§b✯ Magic Find
20:27:27 §f                        §r§8+§r§a3 §r§bPack Spirit §r§c❁ Strength
20:27:27 §f                           §r§8+§r§62% §r§a§r§bPack Spirit §r§7coins
20:27:27 §f                    §r§8+§r§a50% §r§7chance for extra XP orbs
20:27:27 §f                               §r§8+§r§b1 SkyBlock XP
20:27:27 
20:27:27 §3§l▬▬▬▬▬▬▬▬▬▬▬▬▬▬▬▬▬▬▬▬▬▬▬▬▬▬▬▬▬▬▬▬▬▬▬▬▬▬▬▬▬▬▬▬▬▬▬▬▬▬▬▬▬▬▬▬▬▬▬▬▬▬▬▬
21:54:36 §f                                  §6§lBESTIARY
21:54:36 §f                          §b§lBlue Jerry §7§8VIII §8➡§b §bIX
21:54:36 
21:54:36 §f                                  §r§6§lREWARDS
21:54:36 §f                       §r§8+§r§a3 §r§9Blue Jerry §r§b✯ Magic Find
21:54:36 §f                        §r§8+§r§a3 §r§9Blue Jerry §r§c❁ Strength
21:54:36 §f                           §r§8+§r§62% §r§a§r§9Blue Jerry §r§7coins
21:54:36 §f                    §r§8+§r§a50% §r§7chance for extra XP orbs
21:54:36 §f                               §r§8+§r§b1 SkyBlock XP
21:54:36 
21:54:36 §3§l▬▬▬▬▬▬▬▬▬▬▬▬▬▬▬▬▬▬▬▬▬▬▬▬▬▬▬▬▬▬▬▬▬▬▬▬▬▬▬▬▬▬▬▬▬▬▬▬▬▬▬▬▬▬▬▬▬▬▬▬▬▬▬▬
22:01:56 §f                                  §6§lBESTIARY
22:01:56 §f                         §b§lGreen Jerry §7§8VIII §8➡§b §bIX
22:01:56 
22:01:56 §f                                  §r§6§lREWARDS
22:01:56 §f                      §r§8+§r§a3 §r§aGreen Jerry §r§b✯ Magic Find
22:01:56 §f                       §r§8+§r§a3 §r§aGreen Jerry §r§c❁ Strength
22:01:56 §f                          §r§8+§r§62% §r§a§r§aGreen Jerry §r§7coins
22:01:56 §f                    §r§8+§r§a50% §r§7chance for extra XP orbs
22:01:56 §f                               §r§8+§r§b1 SkyBlock XP
22:01:56 
22:01:56 §3§l▬▬▬▬▬▬▬▬▬▬▬▬▬▬▬▬▬▬▬▬▬▬▬▬▬▬▬▬▬▬▬▬▬▬▬▬▬▬▬▬▬▬▬▬▬▬▬▬▬▬▬▬▬▬▬▬▬▬▬▬▬▬▬▬
22:12:22 §f                                  §6§lBESTIARY
22:12:22 §f                         §b§lGlacite Bowman §7§8IX §8➡§b §bX
22:12:22 
22:12:22 §f                                  §r§6§lREWARDS
22:12:22 §f                     §r§8+§r§a3 Glacite Bowman §r§b✯ Magic Find
22:12:22 §f                      §r§8+§r§a3 Glacite Bowman §r§c❁ Strength
22:12:22 §f                         §r§8+§r§62% §r§aGlacite Bowman §r§7coins
22:12:22 §f                    §r§8+§r§a50% §r§7chance for extra XP orbs
22:12:22 §f                               §r§8+§r§b1 SkyBlock XP
22:12:22 
22:12:22 §3§l▬▬▬▬▬▬▬▬▬▬▬▬▬▬▬▬▬▬▬▬▬▬▬▬▬▬▬▬▬▬▬▬▬▬▬▬▬▬▬▬▬▬▬▬▬▬▬▬▬▬▬▬▬▬▬▬▬▬▬▬▬▬▬▬
22:23:15 §f                                  §6§lBESTIARY
22:23:15 §f                          §b§lGlacite Mage §7§8IX §8➡§b §bX
22:23:15 
22:23:15 §f                                  §r§6§lREWARDS
22:23:15 §f                      §r§8+§r§a3 Glacite Mage §r§b✯ Magic Find
22:23:15 §f                       §r§8+§r§a3 Glacite Mage §r§c❁ Strength
22:23:15 §f                          §r§8+§r§62% §r§aGlacite Mage §r§7coins
22:23:15 §f                    §r§8+§r§a50% §r§7chance for extra XP orbs
22:23:15 §f                               §r§8+§r§b1 SkyBlock XP
22:23:15 
22:23:15   §r§f                         §6§lBESTIARY MILESTONE
22:23:15   §r§f                                  §8CXX➡§eCXXI
22:23:15 
22:23:15 §3§l▬▬▬▬▬▬▬▬▬▬▬▬▬▬▬▬▬▬▬▬▬▬▬▬▬▬▬▬▬▬▬▬▬▬▬▬▬▬▬▬▬▬▬▬▬▬▬▬▬▬▬▬▬▬▬▬▬▬▬▬▬▬▬▬
