13:30:18 DWARVEN_MINES
13:33:10 NONE
13:33:10 GARDEN
13:37:47 NONE
13:37:48 PRIVATE_ISLAND
13:40:16 NONE
13:40:18 THE_FARMING_ISLANDS
13:41:03 NONE
13:41:05 GARDEN
14:00:11 NONE
14:00:16 DWARVEN_MINES
14:00:34 NONE
14:00:34 GARDEN
14:04:42 NONE
14:04:46 GARDEN
14:10:29 NONE
14:10:31 DWARVEN_MINES
14:17:34 NONE
14:17:34 MINESHAFT
14:20:19 NONE
14:20:20 DWARVEN_MINES
14:35:27 NONE
14:35:28 MINESHAFT
14:39:10 NONE
14:39:14 DWARVEN_MINES
14:46:34 NONE
14:46:37 CRYSTAL_HOLLOWS
15:04:24 NONE
15:04:39 DWARVEN_MINES
15:04:47 NONE
15:04:49 CRYSTAL_HOLLOWS
15:26:02 NONE
15:26:18 DWARVEN_MINES
15:26:24 NONE
15:26:26 CRYSTAL_HOLLOWS
15:32:15 NONE
15:32:16 DWARVEN_MINES
15:32:38 NONE
15:32:38 GARDEN
