19:44:02 `6yvc48u8bm`367 missed {
 is already Found: false).
 Position: LorenzVec{x=-59.5, y=89.0, z=-16.5}
 DistanceC: 23.98802612790103
Relative Position: LorenzVec{x=-23.98802612790103, y=11.0, z=-4.1999999880790675}
 }
19:44:31 `kcmag4can5`410 missed {
 is already Found: false).
 Position: LorenzVec{x=2.5, y=70.0, z=-75.5}
 DistanceC: 16.161453495489255
Relative Position: LorenzVec{x=13.608751005140283, y=0.0, z=-16.161453495489255}
 }
19:44:33 `6pbpypb9t9`570 missed {
 is already Found: false).
 Position: LorenzVec{x=-32.5, y=71.0, z=-76.5}
 DistanceC: 21.391248994859716
Relative Position: LorenzVec{x=-21.391248994859716, y=1.0, z=-17.161453495489255}
 }
19:44:34 `Villager`360 missed {
 is already Found: false).
 Position: LorenzVec{x=10.5, y=70.0, z=-41.5}
 DistanceC: 21.608751005140284
Relative Position: LorenzVec{x=21.608751005140284, y=0.0, z=17.838546504510745}
 }
19:56:19 `14l735u1t6`112 missed {
 is already Found: false).
 Position: LorenzVec{x=-6.5, y=145.0, z=-18.5}
 DistanceC: 11.657808893080475
Relative Position: LorenzVec{x=0.44342320172712313, y=-4.676932213130101, z=11.657808893080475}
 }
19:59:29 `14l735u1t6`112 missed {
 is already Found: false).
 Position: LorenzVec{x=-6.5, y=145.0, z=-18.5}
 DistanceC: 9.633143349968151
Relative Position: LorenzVec{x=9.633143349968151, y=0.0, z=-2.148155245844464}
 }
19:59:42 `fga1rq7jeu`188 missed {
 is already Found: false).
 Position: LorenzVec{x=-2.5, y=149.0, z=-68.5}
 DistanceC: 20.0
Relative Position: LorenzVec{x=19.0, y=-2.0, z=-20.0}
 }
20:03:41 `ยง5Gwendolyn `25552 missed {
 is already Found: false).
 Position: LorenzVec{x=1.5, y=73.0, z=-18.5}
 DistanceC: 22.403037488669607
Relative Position: LorenzVec{x=22.403037488669607, y=2.0, z=-17.676794318070883}
 }
20:04:42 `g094pd1rz0`38982 missed {
 is already Found: false).
 Position: LorenzVec{x=6.5, y=71.0, z=-5.5}
 DistanceC: 23.0
Relative Position: LorenzVec{x=12.0, y=0.0, z=-23.0}
 }
20:39:13 `Creeper`60897 missed {
 is already Found: false).
 Position: LorenzVec{x=-7.0, y=76.0, z=127.59375}
 DistanceC: 6.730994472361743
Relative Position: LorenzVec{x=5.271205530006968, y=-52.0, z=-6.730994472361743}
 }
20:39:36 `2xhsvm7z9k`170 missed {
 is already Found: false).
 Position: LorenzVec{x=46.5, y=131.0, z=173.5}
 DistanceC: 18.782277952564456
Relative Position: LorenzVec{x=-18.782277952564456, y=-10.5, z=17.534501981715152}
 }
20:42:01 `2xhsvm7z9k`170 missed {
 is already Found: false).
 Position: LorenzVec{x=46.5, y=131.0, z=173.5}
 DistanceC: 9.05994947923459
Relative Position: LorenzVec{x=-9.05994947923459, y=-12.0, z=-0.19999998807907104}
 }
20:42:26 `2xhsvm7z9k`170 missed {
 is already Found: false).
 Position: LorenzVec{x=46.5, y=131.0, z=173.5}
 DistanceC: 18.770076303812793
Relative Position: LorenzVec{x=18.770076303812793, y=2.464159374955443, z=11.382037240674435}
 }
20:44:17 `2xhsvm7z9k`170 missed {
 is already Found: false).
 Position: LorenzVec{x=46.5, y=131.0, z=173.5}
 DistanceC: 8.084153362396336
Relative Position: LorenzVec{x=-4.873544124163502, y=-12.0, z=8.084153362396336}
 }
20:44:45 `2xhsvm7z9k`170 missed {
 is already Found: false).
 Position: LorenzVec{x=46.5, y=131.0, z=173.5}
 DistanceC: 7.777576774844135
Relative Position: LorenzVec{x=-6.882534929624214, y=-12.0, z=7.777576774844135}
 }
20:46:01 `2xhsvm7z9k`170 missed {
 is already Found: false).
 Position: LorenzVec{x=46.5, y=131.0, z=173.5}
 DistanceC: 6.55738506171889
Relative Position: LorenzVec{x=-3.718076521297931, y=-12.0, z=6.55738506171889}
 }
20:46:57 `2xhsvm7z9k`170 missed {
 is already Found: false).
 Position: LorenzVec{x=46.5, y=131.0, z=173.5}
 DistanceC: 12.64972902436481
Relative Position: LorenzVec{x=-12.64972902436481, y=-12.0, z=2.778130695531729}
 }
20:47:28 `2xhsvm7z9k`170 missed {
 is already Found: false).
 Position: LorenzVec{x=46.5, y=131.0, z=173.5}
 DistanceC: 15.210218208867978
Relative Position: LorenzVec{x=-15.210218208867978, y=-12.0, z=9.973762175741939}
 }
20:48:31 `2xhsvm7z9k`170 missed {
 is already Found: false).
 Position: LorenzVec{x=46.5, y=131.0, z=173.5}
 DistanceC: 21.35785595788522
Relative Position: LorenzVec{x=6.309455927355394, y=-1.0, z=21.35785595788522}
 }
20:48:55 `2xhsvm7z9k`170 missed {
 is already Found: false).
 Position: LorenzVec{x=46.5, y=131.0, z=173.5}
 DistanceC: 19.155867816681194
Relative Position: LorenzVec{x=-17.28352911942912, y=-10.0, z=19.155867816681194}
 }
20:49:22 `2xhsvm7z9k`170 missed {
 is already Found: false).
 Position: LorenzVec{x=46.5, y=131.0, z=173.5}
 DistanceC: 19.6378751258149
Relative Position: LorenzVec{x=-19.6378751258149, y=-12.0, z=7.82089015257165}
 }
20:50:52 `2xhsvm7z9k`170 missed {
 is already Found: false).
 Position: LorenzVec{x=46.5, y=131.0, z=173.5}
 DistanceC: 16.823861844772964
Relative Position: LorenzVec{x=-16.823861844772964, y=-12.0, z=1.9416861042489018}
 }
20:51:23 `2xhsvm7z9k`170 missed {
 is already Found: false).
 Position: LorenzVec{x=46.5, y=131.0, z=173.5}
 DistanceC: 7.956564966868314
Relative Position: LorenzVec{x=-7.956564966868314, y=-12.921599998474107, z=6.93990719497063}
 }
20:51:48 `2xhsvm7z9k`170 missed {
 is already Found: false).
 Position: LorenzVec{x=46.5, y=131.0, z=173.5}
 DistanceC: 9.496372803911825
Relative Position: LorenzVec{x=-9.496372803911825, y=-12.0, z=8.960998849468297}
 }
20:52:24 `2xhsvm7z9k`170 missed {
 is already Found: false).
 Position: LorenzVec{x=46.5, y=131.0, z=173.5}
 DistanceC: 20.093853158030328
Relative Position: LorenzVec{x=11.013030483958076, y=0.2336320060424839, z=20.093853158030328}
 }
20:52:43 `2xhsvm7z9k`170 missed {
 is already Found: false).
 Position: LorenzVec{x=46.5, y=131.0, z=173.5}
 DistanceC: 17.022903812395732
Relative Position: LorenzVec{x=-17.022903812395732, y=-13.765576083091247, z=1.2841252765430227}
 }
20:53:21 `2xhsvm7z9k`170 missed {
 is already Found: false).
 Position: LorenzVec{x=46.5, y=131.0, z=173.5}
 DistanceC: 9.630843446821387
Relative Position: LorenzVec{x=-9.630843446821387, y=-12.0, z=1.0374311294796144}
 }
21:35:24 `ยง5Gwendolyn `2991 missed {
 is already Found: false).
 Position: LorenzVec{x=1.5, y=73.0, z=-21.5}
 DistanceC: 23.643388902301336
Relative Position: LorenzVec{x=23.643388902301336, y=2.0, z=-8.80000001192093}
 }
21:40:04 `x8m8499vh6`2998 missed {
 is already Found: false).
 Position: LorenzVec{x=-21.5, y=71.0, z=-14.5}
 DistanceC: 19.24693089699732
Relative Position: LorenzVec{x=-18.87182505398673, y=-3.0, z=19.24693089699732}
 }
21:40:06 `ymkae7y3z1`2999 missed {
 is already Found: false).
 Position: LorenzVec{x=-23.5, y=71.0, z=-14.5}
 DistanceC: 21.694169907129616
Relative Position: LorenzVec{x=-21.694169907129616, y=-3.0, z=19.361189259767386}
 }
