19:37:41 DWARVEN_MINES
19:39:07 NONE
19:39:07 PRIVATE_ISLAND
19:43:16 NONE
19:43:18 HUB
19:44:36 NONE
19:44:37 DWARVEN_MINES
20:00:48 NONE
20:00:49 GARDEN
20:03:58 NONE
20:04:00 PRIVATE_ISLAND
20:04:35 NONE
20:04:35 GARDEN
20:35:04 NONE
20:35:04 PRIVATE_ISLAND
20:35:08 NONE
20:35:08 GARDEN
20:38:07 NONE
20:38:08 PRIVATE_ISLAND
20:38:50 NONE
20:38:51 DWARVEN_MINES
20:54:07 NONE
20:54:07 PRIVATE_ISLAND
20:54:18 NONE
20:54:18 DWARVEN_MINES
21:03:52 NONE
21:03:53 PRIVATE_ISLAND
21:18:55 NONE
21:18:55 GARDEN
