12:13:39 §f                                  §6§lBESTIARY
12:13:39 §f                        §b§lPurple Jerry §7§8VII §8➡§b §bVIII
12:13:39 
12:13:39 §f                                  §r§6§lREWARDS
12:13:39 §f                      §r§8+§r§a3 §r§5Purple Jerry §r§b✯ Magic Find
12:13:39 §f                      §r§8+§r§a3 §r§5Purple Jerry §r§c❁ Strength
12:13:39 §f                          §r§8+§r§62% §r§a§r§5Purple Jerry §r§7coins
12:13:39 §f                    §r§8+§r§a50% §r§7chance for extra XP orbs
12:13:39 §f                               §r§8+§r§b1 SkyBlock XP
12:13:39 
12:13:39 §3§l▬▬▬▬▬▬▬▬▬▬▬▬▬▬▬▬▬▬▬▬▬▬▬▬▬▬▬▬▬▬▬▬▬▬▬▬▬▬▬▬▬▬▬▬▬▬▬▬▬▬▬▬▬▬▬▬▬▬▬▬▬▬▬▬
12:24:04 §f                                  §6§lBESTIARY
12:24:04 §f                         §b§lBlue Jerry §7§8VII §8➡§b §bVIII
12:24:04 
12:24:04 §f                                  §r§6§lREWARDS
12:24:05 §f                       §r§8+§r§a3 §r§9Blue Jerry §r§b✯ Magic Find
12:24:05 §f                        §r§8+§r§a3 §r§9Blue Jerry §r§c❁ Strength
12:24:05 §f                           §r§8+§r§62% §r§a§r§9Blue Jerry §r§7coins
12:24:05 §f                    §r§8+§r§a50% §r§7chance for extra XP orbs
12:24:05 §f                               §r§8+§r§b1 SkyBlock XP
12:24:05 
12:24:05 §3§l▬▬▬▬▬▬▬▬▬▬▬▬▬▬▬▬▬▬▬▬▬▬▬▬▬▬▬▬▬▬▬▬▬▬▬▬▬▬▬▬▬▬▬▬▬▬▬▬▬▬▬▬▬▬▬▬▬▬▬▬▬▬▬▬
15:22:53 §f                                  §6§lBESTIARY
15:22:53 §f                            §b§lButterfly §7§8VI §8➡§b §bVII
15:22:53 
15:22:53 §f                                  §r§6§lREWARDS
15:22:53 §f                        §r§8+§r§a3 §r§eButterfly §r§b✯ Magic Find
15:22:53 §f                         §r§8+§r§a3 §r§eButterfly §r§c❁ Strength
15:22:53 §f                            §r§8+§r§62% §r§a§r§eButterfly §r§7coins
15:22:53 §f                    §r§8+§r§a50% §r§7chance for extra XP orbs
15:22:53 §f                               §r§8+§r§b1 SkyBlock XP
15:22:53 
15:22:53 §3§l▬▬▬▬▬▬▬▬▬▬▬▬▬▬▬▬▬▬▬▬▬▬▬▬▬▬▬▬▬▬▬▬▬▬▬▬▬▬▬▬▬▬▬▬▬▬▬▬▬▬▬▬▬▬▬▬▬▬▬▬▬▬▬▬
