11:38:59 §e[NPC] §aRoyal Resident§f: §r§fI don't really converse with your kind, but today I'll make an exception.
11:39:04 §e[NPC] §aRoyal Resident§f: §r§fThis is acceptable. I would never eat this myself, but it's good enough for my servants.
11:39:16 §e[NPC] §aSargwyn§f: §r§fBuurrrp? ... BuURrpPp!
11:39:19 §e[NPC] §aFelix§f: §r§fYou won't be able to store any items in the Garden, you should keep them on your Private Island!
11:39:23 §e[NPC] §aPlumber Joe§f: §r§fI once dumped a magical water bucket into the toilet. It won't stop overflowing. Anyway, you got something for me?
11:39:26 §e[NPC] §aLumber Jack§f: §r§fMy assistant is feeling off, and I think we could do with a hearty meal. Do you think you can help us out?
12:04:41 §e[NPC] §aRoyal Resident§f: §r§fI don't really converse with your kind, but today I'll make an exception.
12:04:47 §e[NPC] §aSargwyn§f: §r§fBuurrrp? ... BuURrpPp!
12:04:50 §e[NPC] §aFelix§f: §r§fYou won't be able to store any items in the Garden, you should keep them on your Private Island!
12:04:52 §e[NPC] §aPlumber Joe§f: §r§fI once dumped a magical water bucket into the toilet. It won't stop overflowing. Anyway, you got something for me?
12:04:54 §e[NPC] §aLumber Jack§f: §r§fMy assistant is feeling off, and I think we could do with a hearty meal. Do you think you can help us out?
12:22:22 §e[NPC] §aPlumber Joe§f: §r§fI guess I'll just try to fix it myself.
12:22:29 §e[NPC] §aRhys§f: §r§fI found an unexplored cave while mining for titanium. But it's too dark to see in there, even for me! Can you spare any glowing pumpkins?
13:35:11 §e[NPC] §aRhys§f: §r§fI found an unexplored cave while mining for titanium. But it's too dark to see in there, even for me! Can you spare any glowing pumpkins?
13:35:40 §e[NPC] §aRhys§f: §r§fI found an unexplored cave while mining for titanium. But it's too dark to see in there, even for me! Can you spare any glowing pumpkins?
13:35:42 §e[NPC] §aRhys§f: §r§fThank you! Discovery awaits.
13:35:51 §e[NPC] §aTerry§f: §r§fYou are saying I need to combine these items with ice to have a taste? I'll believe it when I see it!
13:35:56 §e[NPC] §aRoyal Resident§f: §r§fI don't really converse with your kind, but today I'll make an exception.
13:35:59 §e[NPC] §aLumber Jack§f: §r§fMy assistant is feeling off, and I think we could do with a hearty meal. Do you think you can help us out?
13:36:02 §e[NPC] §aFelix§f: §r§fYou won't be able to store any items in the Garden, you should keep them on your Private Island!
13:36:06 §e[NPC] §aSargwyn§f: §r§fBuurrrp? ... BuURrpPp!
13:36:24 §e[NPC] §aRoyal Resident§f: §r§fThis is acceptable. I would never eat this myself, but it's good enough for my servants.
13:49:22 §e[NPC] §aLumber Jack§f: §r§fThank you! I'm sure this will make him feel better.
13:49:23 §e[NPC] §aFelix§f: §r§fUntil next time!
13:49:25 §e[NPC] §aSargwyn§f: §r§fBUuuUUuuUURrRRRrRPPpPPP!
13:49:30 §e[NPC] §aShaggy§f: §r§fHey kid, I haven't seen you in a while. Arachne's powers are growing day by day. Soon she'll take over the §cSpider's Den§f.
13:50:59 §e[NPC] §aFarmhand§f: §r§fI took a break from work for too long! Now I need your help to meet my quota!
13:54:23 §e[NPC] §aShaggy§f: §r§fThe evil doesn't defeat itself. You should come to the §cSpider's Den §fagain when you are free.
13:56:32 §e[NPC] §9Gold Forger§f: §r§fDo Golden Carrots taste different than normal ones? I've actually never tried one before so I am pretty curious how they taste.
13:56:42 §e[NPC] §9Gold Forger§f: §r§fLet's taste...THIS IS DISGUSTING!!! Why would anyone waste such precious gold on this? Just like any other fancy food, expensive and gross...
14:12:38 §e[NPC] §aEmissary Fraiser§f: §r§fI know what all the others say, but I am the King's true favorite emissary.
14:12:42 §e[NPC] §aEmissary Fraiser§f: §r§fAs the King's true favorite only I know he secretly loves melon.
14:12:42 §e[NPC] §aFarmhand§f: §r§fI took a break from work for too long! Now I need your help to meet my quota!
14:12:44 §e[NPC] §aFarmhand§f: §r§fExactly what I needed. I think I will take the remainder of the day off.
14:27:04 §e[NPC] §aGuy§f: §r§fHeard you may got some mushrooms...I've been looking for some...
14:27:08 §e[NPC] §aGuy§f: §r§fThank ya man, I knew I could trust you! These will come in good use!
14:27:43 §e[NPC] §aArthur§f: §r§fMy wheat minion has been slacking recently, I am thinking about giving it an upgrade. He hasn't produced any wheat in years! Every time I check on him, he's empty.
14:35:34 §e[NPC] §aRoyal Resident§f: §r§fMy neighbor told me to get off his property, but he doesn't even own this place!
14:38:16 §e[NPC] §aRoyal Resident§f: §rMaybe I have to talk to the King about him. He is going too far. I think the current King is §l§6Thormyr§f.
15:03:16 §e[NPC] §aLibrarian§f: §r§fGreetings! I've been running low on paper recently for my Enchanted Books, could you bring me some Sugar Cane?
15:03:24 §e[NPC] §aLibrarian§f: §r§fI'll be sure to make some Enchanted Books out of these, I hope you come around some day!
15:03:25 §e[NPC] §aLumber Jack§f: §r§fMy assistant is feeling off, and I think we could do with a hearty meal. Do you think you can help us out?
15:03:29 §e[NPC] §aLumber Jack§f: §r§fThank you! I'm sure this will make him feel better.
15:29:50 §e[NPC] §6Madame Eleanor Q. Goldsworth III§f: §r§fI'm here to put a value on your farm. Bring me your fanciest crop.
15:30:06 §e[NPC] §aArthur§f: §r§fMy wheat minion has been slacking recently, I am thinking about giving it an upgrade. He hasn't produced any wheat in years! Every time I check on him, he's empty.
15:30:17 §e[NPC] §6Madame Eleanor Q. Goldsworth III§f: §rTruly Magnificent! I value your farm at a minimum of §6120,000,100 §fcoins!
15:30:44 §e[NPC] §aArthur§f: §r§fHoly Macaroni! That should boost my minion to at least Tier 5! Thank you a lot!
15:57:51 §e[NPC] §aVex§f: §r§fI have an offer for you that you can't refuse.
16:18:22 §e[NPC] §9Zog§f: §r§fI have a big problem. I lost my sense of taste, now I can't tell the difference between a melon and a cactus...
16:18:31 §e[NPC] §6Madame Eleanor Q. Goldsworth III§f: §r§fI'm here to put a value on your farm. Bring me your fanciest crop.
16:18:49 §e[NPC] §6Madame Eleanor Q. Goldsworth III§f: §rTruly Magnificent! I value your farm at a minimum of §6120,000,100 §fcoins!
16:18:51 §e[NPC] §aVex§f: §r§fI have an offer for you that you can't refuse.
