15:22:44 `9az9u50e22`124 missed {
 is already Found: false).
 Position: LorenzVec{x=-15.5, y=201.0, z=-98.5}
 DistanceC: 23.65849633767091
Relative Position: LorenzVec{x=23.043453003361442, y=1.0, z=23.65849633767091}
 }
15:33:02 `ay38itb9e1`170 missed {
 is already Found: false).
 Position: LorenzVec{x=46.5, y=131.0, z=173.5}
 DistanceC: 17.46852764518931
Relative Position: LorenzVec{x=-13.836811999321924, y=-10.0, z=17.46852764518931}
 }
15:33:28 `ay38itb9e1`170 missed {
 is already Found: false).
 Position: LorenzVec{x=46.5, y=131.0, z=173.5}
 DistanceC: 8.067412546429253
Relative Position: LorenzVec{x=-8.067412546429253, y=-12.0, z=2.8685388249250536}
 }
15:33:45 `ay38itb9e1`170 missed {
 is already Found: false).
 Position: LorenzVec{x=46.5, y=131.0, z=173.5}
 DistanceC: 20.359197723847245
Relative Position: LorenzVec{x=4.744530825937019, y=-1.0, z=20.359197723847245}
 }
15:34:07 `ay38itb9e1`170 missed {
 is already Found: false).
 Position: LorenzVec{x=46.5, y=131.0, z=173.5}
 DistanceC: 5.107028468782154
Relative Position: LorenzVec{x=-5.107028468782154, y=-12.0, z=5.081895439236149}
 }
15:34:33 `ay38itb9e1`170 missed {
 is already Found: false).
 Position: LorenzVec{x=46.5, y=131.0, z=173.5}
 DistanceC: 15.50526646664192
Relative Position: LorenzVec{x=-15.50526646664192, y=-12.964552491403367, z=5.048440268759379}
 }
15:35:05 `ay38itb9e1`170 missed {
 is already Found: false).
 Position: LorenzVec{x=46.5, y=131.0, z=173.5}
 DistanceC: 17.95322902208146
Relative Position: LorenzVec{x=-17.95322902208146, y=-13.741574587805133, z=15.500698148628203}
 }
15:35:12 `i991z9b33w`163 missed {
 is already Found: false).
 Position: LorenzVec{x=-22.5, y=151.0, z=-49.5}
 DistanceC: 23.0
Relative Position: LorenzVec{x=-23.0, y=2.0, z=19.0}
 }
15:35:12 `wxxiktp5p8`164 missed {
 is already Found: false).
 Position: LorenzVec{x=-22.5, y=151.0, z=-79.5}
 DistanceC: 23.0
Relative Position: LorenzVec{x=-23.0, y=2.0, z=-11.0}
 }
15:35:12 `0r9wrdvx6x`166 missed {
 is already Found: false).
 Position: LorenzVec{x=23.5, y=151.0, z=-87.5}
 DistanceC: 23.0
Relative Position: LorenzVec{x=23.0, y=2.0, z=-19.0}
 }
15:35:12 `174s3jvu54`167 missed {
 is already Found: false).
 Position: LorenzVec{x=23.5, y=151.0, z=-57.5}
 DistanceC: 23.0
Relative Position: LorenzVec{x=23.0, y=2.0, z=11.0}
 }
15:35:12 `7w2m3549p6`188 missed {
 is already Found: false).
 Position: LorenzVec{x=-2.5, y=149.0, z=-68.5}
 DistanceC: 3.0
Relative Position: LorenzVec{x=-3.0, y=0.0, z=0.0}
 }
15:53:05 `8964zyi8aw`34004 missed {
 is already Found: false).
 Position: LorenzVec{x=6.5, y=71.0, z=-5.5}
 DistanceC: 23.0
Relative Position: LorenzVec{x=12.0, y=0.0, z=-23.0}
 }
16:12:38 `9648ot30ek`367 missed {
 is already Found: false).
 Position: LorenzVec{x=-59.5, y=89.0, z=-16.5}
 DistanceC: 12.800000011920929
Relative Position: LorenzVec{x=-10.308293534874565, y=18.5, z=12.800000011920929}
 }
16:12:51 `vqlw6zuf16`253 missed {
 is already Found: false).
 Position: LorenzVec{x=-74.0, y=65.0, z=-50.0}
 DistanceC: 23.810830017940937
Relative Position: LorenzVec{x=-23.810830017940937, y=-6.0, z=-20.69999998807907}
 }
16:13:14 `4e4l1sfp09`25541 missed {
 is already Found: false).
 Position: LorenzVec{x=-23.5, y=71.0, z=-14.5}
 DistanceC: 22.255628211410766
Relative Position: LorenzVec{x=-22.255628211410766, y=-2.0, z=15.276610190143355}
 }
16:48:16 `fb3gz0l24k`1248 missed {
 is already Found: false).
 Position: LorenzVec{x=-25.5, y=71.0, z=-13.5}
 DistanceC: 23.278180723015872
Relative Position: LorenzVec{x=-23.278180723015872, y=-2.0, z=9.646683957717784}
 }
16:56:54 `fb3gz0l24k`1248 missed {
 is already Found: false).
 Position: LorenzVec{x=-25.5, y=71.0, z=-13.5}
 DistanceC: 23.02852337431001
Relative Position: LorenzVec{x=-23.02852337431001, y=-2.0, z=13.531289502744098}
 }
17:38:28 `oc75bm1015`1243 missed {
 is already Found: false).
 Position: LorenzVec{x=-21.5, y=71.0, z=-14.5}
 DistanceC: 23.91785993249905
Relative Position: LorenzVec{x=-17.798117291299498, y=0.0, z=-23.91785993249905}
 }
17:38:28 `89994b1cg4`1253 missed {
 is already Found: false).
 Position: LorenzVec{x=-23.5, y=71.0, z=-14.5}
 DistanceC: 23.91785993249905
Relative Position: LorenzVec{x=-19.798117291299498, y=0.0, z=-23.91785993249905}
 }
17:38:28 `fb3gz0l24k`1248 missed {
 is already Found: false).
 Position: LorenzVec{x=-25.5, y=71.0, z=-13.5}
 DistanceC: 22.91785993249905
Relative Position: LorenzVec{x=-21.798117291299498, y=0.0, z=-22.91785993249905}
 }
17:38:28 `4i2kk5f881`1244 missed {
 is already Found: false).
 Position: LorenzVec{x=-27.5, y=71.0, z=-13.5}
 DistanceC: 23.798117291299498
Relative Position: LorenzVec{x=-23.798117291299498, y=0.0, z=-22.91785993249905}
 }
17:46:14 `fb3gz0l24k`1248 missed {
 is already Found: false).
 Position: LorenzVec{x=-25.5, y=71.0, z=-13.5}
 DistanceC: 22.64600673820442
Relative Position: LorenzVec{x=-22.64600673820442, y=-2.0, z=16.59767801449414}
 }
17:46:21 `4i2kk5f881`1244 missed {
 is already Found: false).
 Position: LorenzVec{x=-27.5, y=71.0, z=-13.5}
 DistanceC: 23.488709741731633
Relative Position: LorenzVec{x=-23.488709741731633, y=-2.875, z=18.867829007599838}
 }
17:49:10 `tr5kh51iy7`112 missed {
 is already Found: false).
 Position: LorenzVec{x=-6.5, y=145.0, z=-18.5}
 DistanceC: 14.418424624979906
Relative Position: LorenzVec{x=0.24530605023485208, y=-2.0, z=14.418424624979906}
 }
17:51:19 `hkc5urbb88`44 missed {
 is already Found: false).
 Position: LorenzVec{x=475.5, y=106.0, z=513.5}
 DistanceC: 18.704225283832955
Relative Position: LorenzVec{x=-18.704225283832955, y=-3.0, z=-13.456056467476628}
 }
17:53:49 `Zombie`99 missed {
 is already Found: false).
 Position: LorenzVec{x=463.85416666666663, y=120.0, z=569.6666666666667}
 DistanceC: 6.734398500282396
Relative Position: LorenzVec{x=-2.0426211206128073, y=1.0, z=6.734398500282396}
 }
