17:55:14 [GARDEN_VISITOR_MESSAGE] §e[NPC] §aGimley§f: §r§fbUuUrP!?!?
17:55:16 [GARDEN_VISITOR_MESSAGE] §e[NPC] §9Zog§f: §r§fI have a big problem. I lost my sense of taste, now I can't tell the difference between a melon and a cactus...
17:55:18 [GARDEN_VISITOR_MESSAGE] §e[NPC] §aVex§f: §r§fI have an offer for you that you can't refuse.
17:55:20 [GARDEN_VISITOR_MESSAGE] §e[NPC] §aStella§f: §r§fThe amount of plots you can unlock here is perfect for a Co-op. So much space!
17:55:22 [GARDEN_VISITOR_MESSAGE] §e[NPC] §9Queen Mismyla§f: §r§fThe King made me go grocery shopping. Me! Can you believe that? He has a pair of perfectly good legs, and still, here I am.
18:13:09 [GARDEN_VISITOR_MESSAGE] §e[NPC] §aGimley§f: §r§fBuRRrP Burp!
18:13:10 [GARDEN_VISITOR_MESSAGE] §e[NPC] §aStella§f: §r§fGood choice!
18:13:12 [NEW_VISITOR_ARRIVED] §9§r§9Seymour §r§ehas arrived on your §r§aGarden§r§e!
18:13:16 [GARDEN_VISITOR_MESSAGE] §e[NPC] §aVex§f: §r§fTold you.
18:13:18 [GARDEN_VISITOR_MESSAGE] §e[NPC] §9Seymour§f: §r§fWanting to buy something from me? I got some pretty fancy tuxedos for sale, for a price of a small fortune.
18:13:34 [GARDEN_VISITOR_MESSAGE] §e[NPC] §9Seymour§f: §r§fWow, don't you look dashing with that! Pleasure doing business with you.
18:13:54 [GARDEN_VISITOR_MESSAGE] §e[NPC] §9Queen Mismyla§f: §r§fI bet when I am back, they are all still sitting around that table! All day, every day! It's ludicrous!
18:40:45 [GARDEN_VISITOR_MESSAGE] §e[NPC] §9Zog§f: §r§fI have a big problem. I lost my sense of taste, now I can't tell the difference between a melon and a cactus...
18:40:47 [GARDEN_VISITOR_MESSAGE] §e[NPC] §aDuke§f: §rYou seem new here. You should probably try to get some §9Enchanted Melon Block §ffor me.
18:40:51 [GARDEN_VISITOR_MESSAGE] §e[NPC] §aDuke§f: §r§fSee ya next time!
18:57:43 [BESTIARY] §f                                  §6§lBESTIARY
18:57:43 [BESTIARY] §f                        §b§lGaia Construct §7§8II §8➡§b §bIII
18:57:43 [BESTIARY] 
18:57:43 [BESTIARY] §f                                  §r§6§lREWARDS
18:57:43 [BESTIARY] §f                     §r§8+§r§a2 Gaia Construct §r§b✯ Magic Find
18:57:43 [BESTIARY] §f                     §r§8+§r§a2 Gaia Construct §r§c❁ Strength
18:57:43 [BESTIARY] §f                         §r§8+§r§62% §r§aGaia Construct §r§7coins
18:57:43 [BESTIARY] §f                    §r§8+§r§a50% §r§7chance for extra XP orbs
18:57:43 [BESTIARY] §f                               §r§8+§r§b1 SkyBlock XP
18:57:43 [BESTIARY] 
18:57:43 [BESTIARY] §3§l▬▬▬▬▬▬▬▬▬▬▬▬▬▬▬▬▬▬▬▬▬▬▬▬▬▬▬▬▬▬▬▬▬▬▬▬▬▬▬▬▬▬▬▬▬▬▬▬▬▬▬▬▬▬▬▬▬▬▬▬▬▬▬▬
19:00:09 [BESTIARY] §f                                  §6§lBESTIARY
19:00:09 [BESTIARY] §f                             §b§lMinotaur §7§8II §8➡§b §bIII
19:00:09 [BESTIARY] 
19:00:09 [BESTIARY] §f                                  §r§6§lREWARDS
19:00:09 [BESTIARY] §f                         §r§8+§r§a2 Minotaur §r§b✯ Magic Find
19:00:09 [BESTIARY] §f                         §r§8+§r§a2 Minotaur §r§c❁ Strength
19:00:09 [BESTIARY] §f                             §r§8+§r§62% §r§aMinotaur §r§7coins
19:00:09 [BESTIARY] §f                    §r§8+§r§a50% §r§7chance for extra XP orbs
19:00:09 [BESTIARY] §f                               §r§8+§r§b1 SkyBlock XP
19:00:09 [BESTIARY] 
19:00:09 [BESTIARY] §3§l▬▬▬▬▬▬▬▬▬▬▬▬▬▬▬▬▬▬▬▬▬▬▬▬▬▬▬▬▬▬▬▬▬▬▬▬▬▬▬▬▬▬▬▬▬▬▬▬▬▬▬▬▬▬▬▬▬▬▬▬▬▬▬▬
19:11:50 [BESTIARY] §f                                  §6§lBESTIARY
19:11:50 [BESTIARY] §f                        §b§lGaia Construct §7§8III §8➡§b §bIV
19:11:50 [BESTIARY] 
19:11:50 [BESTIARY] §f                                  §r§6§lREWARDS
19:11:50 [BESTIARY] §f                     §r§8+§r§a2 Gaia Construct §r§b✯ Magic Find
19:11:50 [BESTIARY] §f                     §r§8+§r§a2 Gaia Construct §r§c❁ Strength
19:11:50 [BESTIARY] §f                         §r§8+§r§62% §r§aGaia Construct §r§7coins
19:11:50 [BESTIARY] §f                    §r§8+§r§a50% §r§7chance for extra XP orbs
19:11:50 [BESTIARY] §f                               §r§8+§r§b1 SkyBlock XP
19:11:50 [BESTIARY] 
19:11:50 [BESTIARY]   §r§f                         §6§lBESTIARY MILESTONE
19:11:50 [BESTIARY]   §r§f                                  §8CXIX➡§eCXX
19:11:50 [BESTIARY] 
19:11:50 [BESTIARY] §3§l▬▬▬▬▬▬▬▬▬▬▬▬▬▬▬▬▬▬▬▬▬▬▬▬▬▬▬▬▬▬▬▬▬▬▬▬▬▬▬▬▬▬▬▬▬▬▬▬▬▬▬▬▬▬▬▬▬▬▬▬▬▬▬▬
19:15:42 [BESTIARY] §f                                  §6§lBESTIARY
19:15:42 [BESTIARY] §f                          §b§lSiamese Lynx §7§8IV §8➡§b §bV
19:15:42 [BESTIARY] 
19:15:42 [BESTIARY] §f                                  §r§6§lREWARDS
19:15:42 [BESTIARY] §f                      §r§8+§r§a2 §r§2Siamese Lynx §r§b✯ Magic Find
19:15:42 [BESTIARY] §f                      §r§8+§r§a2 §r§2Siamese Lynx §r§c❁ Strength
19:15:42 [BESTIARY] §f                          §r§8+§r§62% §r§a§r§2Siamese Lynx §r§7coins
19:15:42 [BESTIARY] §f                    §r§8+§r§a50% §r§7chance for extra XP orbs
19:15:42 [BESTIARY] §f                               §r§8+§r§b1 SkyBlock XP
19:15:42 [BESTIARY] 
19:15:42 [BESTIARY] §3§l▬▬▬▬▬▬▬▬▬▬▬▬▬▬▬▬▬▬▬▬▬▬▬▬▬▬▬▬▬▬▬▬▬▬▬▬▬▬▬▬▬▬▬▬▬▬▬▬▬▬▬▬▬▬▬▬▬▬▬▬▬▬▬▬
19:19:17 [BESTIARY] §f                                  §6§lBESTIARY
19:19:17 [BESTIARY] §f                             §b§lMinotaur §7§8III §8➡§b §bIV
19:19:17 [BESTIARY] 
19:19:17 [BESTIARY] §f                                  §r§6§lREWARDS
19:19:17 [BESTIARY] §f                         §r§8+§r§a2 Minotaur §r§b✯ Magic Find
19:19:17 [BESTIARY] §f                         §r§8+§r§a2 Minotaur §r§c❁ Strength
19:19:17 [BESTIARY] §f                             §r§8+§r§62% §r§aMinotaur §r§7coins
19:19:17 [BESTIARY] §f                    §r§8+§r§a50% §r§7chance for extra XP orbs
19:19:17 [BESTIARY] §f                               §r§8+§r§b1 SkyBlock XP
19:19:17 [BESTIARY] 
19:19:17 [BESTIARY] §3§l▬▬▬▬▬▬▬▬▬▬▬▬▬▬▬▬▬▬▬▬▬▬▬▬▬▬▬▬▬▬▬▬▬▬▬▬▬▬▬▬▬▬▬▬▬▬▬▬▬▬▬▬▬▬▬▬▬▬▬▬▬▬▬▬
19:30:55 [BESTIARY] §f                                  §6§lBESTIARY
19:30:55 [BESTIARY] §f                          §b§lSiamese Lynx §7§8V §8➡§b §bVI
19:30:55 [BESTIARY] 
19:30:55 [BESTIARY] §f                                  §r§6§lREWARDS
19:30:55 [BESTIARY] §f                      §r§8+§r§a3 §r§2Siamese Lynx §r§b✯ Magic Find
19:30:55 [BESTIARY] §f                      §r§8+§r§a3 §r§2Siamese Lynx §r§c❁ Strength
19:30:55 [BESTIARY] §f                          §r§8+§r§62% §r§a§r§2Siamese Lynx §r§7coins
19:30:55 [BESTIARY] §f                    §r§8+§r§a50% §r§7chance for extra XP orbs
19:30:55 [BESTIARY] §f                               §r§8+§r§b1 SkyBlock XP
19:30:55 [BESTIARY] 
19:30:55 [BESTIARY] §3§l▬▬▬▬▬▬▬▬▬▬▬▬▬▬▬▬▬▬▬▬▬▬▬▬▬▬▬▬▬▬▬▬▬▬▬▬▬▬▬▬▬▬▬▬▬▬▬▬▬▬▬▬▬▬▬▬▬▬▬▬▬▬▬▬
19:48:18 [GARDEN_VISITOR_MESSAGE] §e[NPC] §9Tia the Fairy§f: §rYou are currently missing §d6 §fFairy Souls. Better get to work!
19:48:24 [GARDEN_VISITOR_MESSAGE] §e[NPC] §aJamie§f: §r§fYou might have noticed that you can purchase additional plots within your Desk in the Barn!
19:48:40 [GARDEN_VISITOR_MESSAGE] §e[NPC] §9Tia the Fairy§f: §rThat's exactly what I needed!
19:48:40 [GARDEN_VISITOR_MESSAGE] §e[NPC] §aStella§f: §r§fThe amount of plots you can unlock here is perfect for a Co-op. So much space!
19:48:42 [GARDEN_VISITOR_MESSAGE] §e[NPC] §aStella§f: §r§fGood choice!
19:48:44 [GARDEN_VISITOR_MESSAGE] §e[NPC] §aJotraeline Greatforge§f: §r§fI heard you have a composter in your barn, it happens to run on the same fuel drills run on! Could I check it out?
19:48:47 [GARDEN_VISITOR_MESSAGE] §e[NPC] §aJotraeline Greatforge§f: §r§fQuite fascinating technology you have there, I'm sure with this machinery we could create even better appliances in the future!
20:19:09 [BESTIARY] §f                                  §6§lBESTIARY
20:19:09 [BESTIARY] §f                         §b§lSiamese Lynx §7§8VI §8➡§b §bVII
20:19:09 [BESTIARY] 
20:19:09 [BESTIARY] §f                                  §r§6§lREWARDS
20:19:09 [BESTIARY] §f                      §r§8+§r§a3 §r§2Siamese Lynx §r§b✯ Magic Find
20:19:09 [BESTIARY] §f                      §r§8+§r§a3 §r§2Siamese Lynx §r§c❁ Strength
20:19:09 [BESTIARY] §f                          §r§8+§r§62% §r§a§r§2Siamese Lynx §r§7coins
20:19:09 [BESTIARY] §f                    §r§8+§r§a50% §r§7chance for extra XP orbs
20:19:09 [BESTIARY] §f                               §r§8+§r§b1 SkyBlock XP
20:19:09 [BESTIARY] 
20:19:09 [BESTIARY] §3§l▬▬▬▬▬▬▬▬▬▬▬▬▬▬▬▬▬▬▬▬▬▬▬▬▬▬▬▬▬▬▬▬▬▬▬▬▬▬▬▬▬▬▬▬▬▬▬▬▬▬▬▬▬▬▬▬▬▬▬▬▬▬▬▬
20:20:35 [BESTIARY] §f                                  §6§lBESTIARY
20:20:35 [BESTIARY] §f                      §b§lSoul of the Alpha §7§8XI §8➡§b §bXII
20:20:35 [BESTIARY] 
20:20:35 [BESTIARY] §f                                  §r§6§lREWARDS
20:20:35 [BESTIARY] §f                   §r§8+§r§a4 §r§3Soul of the Alpha §r§b✯ Magic Find
20:20:35 [BESTIARY] §f                    §r§8+§r§a4 §r§3Soul of the Alpha §r§c❁ Strength
20:20:35 [BESTIARY] §f                       §r§8+§r§62% §r§a§r§3Soul of the Alpha §r§7coins
20:20:35 [BESTIARY] §f                    §r§8+§r§a50% §r§7chance for extra XP orbs
20:20:35 [BESTIARY] §f                               §r§8+§r§b1 SkyBlock XP
20:20:35 [BESTIARY] 
20:20:35 [BESTIARY] §3§l▬▬▬▬▬▬▬▬▬▬▬▬▬▬▬▬▬▬▬▬▬▬▬▬▬▬▬▬▬▬▬▬▬▬▬▬▬▬▬▬▬▬▬▬▬▬▬▬▬▬▬▬▬▬▬▬▬▬▬▬▬▬▬▬
20:27:27 [BESTIARY] §f                                  §6§lBESTIARY
20:27:27 [BESTIARY] §f                          §b§lPack Spirit §7§8VIII §8➡§b §bIX
20:27:27 [BESTIARY] 
20:27:27 [BESTIARY] §f                                  §r§6§lREWARDS
20:27:27 [BESTIARY] §f                       §r§8+§r§a3 §r§bPack Spirit §r§b✯ Magic Find
20:27:27 [BESTIARY] §f                        §r§8+§r§a3 §r§bPack Spirit §r§c❁ Strength
20:27:27 [BESTIARY] §f                           §r§8+§r§62% §r§a§r§bPack Spirit §r§7coins
20:27:27 [BESTIARY] §f                    §r§8+§r§a50% §r§7chance for extra XP orbs
20:27:27 [BESTIARY] §f                               §r§8+§r§b1 SkyBlock XP
20:27:27 [BESTIARY] 
20:27:27 [BESTIARY] §3§l▬▬▬▬▬▬▬▬▬▬▬▬▬▬▬▬▬▬▬▬▬▬▬▬▬▬▬▬▬▬▬▬▬▬▬▬▬▬▬▬▬▬▬▬▬▬▬▬▬▬▬▬▬▬▬▬▬▬▬▬▬▬▬▬
21:24:42 [GARDEN_VISITOR_MESSAGE] §e[NPC] §aLumber Jack§f: §r§fMy assistant is feeling off, and I think we could do with a hearty meal. Do you think you can help us out?
21:24:46 [GARDEN_VISITOR_MESSAGE] §e[NPC] §aLumber Jack§f: §r§fThank you! I'm sure this will make him feel better.
21:24:47 [GARDEN_VISITOR_MESSAGE] §e[NPC] §9Gwendolyn§f: §r§fI don't really have a sweet tooth, but chocolate is probably my favorite thing in this world. But the supply is really poor mostly because of the mines' lack of accessibility.
21:24:50 [GARDEN_VISITOR_MESSAGE] §e[NPC] §aDuke§f: §rYou seem new here. You should probably try to get some §aEnchanted Pumpkin §ffor me.
21:24:53 [GARDEN_VISITOR_MESSAGE] §e[NPC] §aDuke§f: §r§fSee ya next time!
21:24:54 [GARDEN_VISITOR_MESSAGE] §e[NPC] §aJamie§f: §r§fYou might have noticed that you can purchase additional plots within your Desk in the Barn!
21:54:36 [BESTIARY] §f                                  §6§lBESTIARY
21:54:36 [BESTIARY] §f                          §b§lBlue Jerry §7§8VIII §8➡§b §bIX
21:54:36 [BESTIARY] 
21:54:36 [BESTIARY] §f                                  §r§6§lREWARDS
21:54:36 [BESTIARY] §f                       §r§8+§r§a3 §r§9Blue Jerry §r§b✯ Magic Find
21:54:36 [BESTIARY] §f                        §r§8+§r§a3 §r§9Blue Jerry §r§c❁ Strength
21:54:36 [BESTIARY] §f                           §r§8+§r§62% §r§a§r§9Blue Jerry §r§7coins
21:54:36 [BESTIARY] §f                    §r§8+§r§a50% §r§7chance for extra XP orbs
21:54:36 [BESTIARY] §f                               §r§8+§r§b1 SkyBlock XP
21:54:36 [BESTIARY] 
21:54:36 [BESTIARY] §3§l▬▬▬▬▬▬▬▬▬▬▬▬▬▬▬▬▬▬▬▬▬▬▬▬▬▬▬▬▬▬▬▬▬▬▬▬▬▬▬▬▬▬▬▬▬▬▬▬▬▬▬▬▬▬▬▬▬▬▬▬▬▬▬▬
22:01:56 [BESTIARY] §f                                  §6§lBESTIARY
22:01:56 [BESTIARY] §f                         §b§lGreen Jerry §7§8VIII §8➡§b §bIX
22:01:56 [BESTIARY] 
22:01:56 [BESTIARY] §f                                  §r§6§lREWARDS
22:01:56 [BESTIARY] §f                      §r§8+§r§a3 §r§aGreen Jerry §r§b✯ Magic Find
22:01:56 [BESTIARY] §f                       §r§8+§r§a3 §r§aGreen Jerry §r§c❁ Strength
22:01:56 [BESTIARY] §f                          §r§8+§r§62% §r§a§r§aGreen Jerry §r§7coins
22:01:56 [BESTIARY] §f                    §r§8+§r§a50% §r§7chance for extra XP orbs
22:01:56 [BESTIARY] §f                               §r§8+§r§b1 SkyBlock XP
22:01:56 [BESTIARY] 
22:01:56 [BESTIARY] §3§l▬▬▬▬▬▬▬▬▬▬▬▬▬▬▬▬▬▬▬▬▬▬▬▬▬▬▬▬▬▬▬▬▬▬▬▬▬▬▬▬▬▬▬▬▬▬▬▬▬▬▬▬▬▬▬▬▬▬▬▬▬▬▬▬
22:12:22 [BESTIARY] §f                                  §6§lBESTIARY
22:12:22 [BESTIARY] §f                         §b§lGlacite Bowman §7§8IX §8➡§b §bX
22:12:22 [BESTIARY] 
22:12:22 [BESTIARY] §f                                  §r§6§lREWARDS
22:12:22 [BESTIARY] §f                     §r§8+§r§a3 Glacite Bowman §r§b✯ Magic Find
22:12:22 [BESTIARY] §f                      §r§8+§r§a3 Glacite Bowman §r§c❁ Strength
22:12:22 [BESTIARY] §f                         §r§8+§r§62% §r§aGlacite Bowman §r§7coins
22:12:22 [BESTIARY] §f                    §r§8+§r§a50% §r§7chance for extra XP orbs
22:12:22 [BESTIARY] §f                               §r§8+§r§b1 SkyBlock XP
22:12:22 [BESTIARY] 
22:12:22 [BESTIARY] §3§l▬▬▬▬▬▬▬▬▬▬▬▬▬▬▬▬▬▬▬▬▬▬▬▬▬▬▬▬▬▬▬▬▬▬▬▬▬▬▬▬▬▬▬▬▬▬▬▬▬▬▬▬▬▬▬▬▬▬▬▬▬▬▬▬
22:23:15 [BESTIARY] §f                                  §6§lBESTIARY
22:23:15 [BESTIARY] §f                          §b§lGlacite Mage §7§8IX §8➡§b §bX
22:23:15 [BESTIARY] 
22:23:15 [BESTIARY] §f                                  §r§6§lREWARDS
22:23:15 [BESTIARY] §f                      §r§8+§r§a3 Glacite Mage §r§b✯ Magic Find
22:23:15 [BESTIARY] §f                       §r§8+§r§a3 Glacite Mage §r§c❁ Strength
22:23:15 [BESTIARY] §f                          §r§8+§r§62% §r§aGlacite Mage §r§7coins
22:23:15 [BESTIARY] §f                    §r§8+§r§a50% §r§7chance for extra XP orbs
22:23:15 [BESTIARY] §f                               §r§8+§r§b1 SkyBlock XP
22:23:15 [BESTIARY] 
22:23:15 [BESTIARY]   §r§f                         §6§lBESTIARY MILESTONE
22:23:15 [BESTIARY]   §r§f                                  §8CXX➡§eCXXI
22:23:15 [BESTIARY] 
22:23:15 [BESTIARY] §3§l▬▬▬▬▬▬▬▬▬▬▬▬▬▬▬▬▬▬▬▬▬▬▬▬▬▬▬▬▬▬▬▬▬▬▬▬▬▬▬▬▬▬▬▬▬▬▬▬▬▬▬▬▬▬▬▬▬▬▬▬▬▬▬▬
