17:54:13 §e[SkyHanni] §aSkyHanni found a new update: 0.27 Beta 17. Check §b/sh download update §afor more info.§r
17:54:25 §e[SkyHanni] §aVex §eis visiting your garden!§r
17:54:25 §e[SkyHanni] §9Zog §eis visiting your garden!§r
17:54:25 §e[SkyHanni] §aGimley §eis visiting your garden!§r
17:54:25 §e[SkyHanni] §aStella §eis visiting your garden!§r
17:54:25 §e[SkyHanni] §9Queen Mismyla §eis visiting your garden!§r
17:54:25 §e[SkyHanni] The Perkpocalypse Mayor is not known! Click here to update the temporary Mayor.§r
17:54:29 §e[SkyHanni] You have gained §b600 §eBits.§r
17:56:22 §e[SkyHanni] Loaded Wheat milestone data from tab list!§r
17:59:26 §e[SkyHanni] The Perkpocalypse Mayor is not known! Click here to update the temporary Mayor.§r
18:00:34 §e[SkyHanni] You have gained §b12 §eBits.§r
18:00:49 §e[SkyHanni] You have gained §b6 §eBits.§r
18:04:26 §e[SkyHanni] The Perkpocalypse Mayor is not known! Click here to update the temporary Mayor.§r
18:05:45 §e[SkyHanni] §lCLICK HERE§r§e to grab §ax40 §9§aEnchanted Hay Bale§e from sacks!§r
18:05:46 §e[SkyHanni] §aVex §eis visiting your garden!§r
18:06:09 §e[SkyHanni] You have gained §b6 §eBits.§r
18:09:26 §e[SkyHanni] The Perkpocalypse Mayor is not known! Click here to update the temporary Mayor.§r
18:13:06 §e[SkyHanni] §lCLICK HERE§r§e to grab §ax32 §9§aEnchanted Hay Bale§e from sacks!§r
18:13:09 §e[SkyHanni] You have gained §b6 §eBits.§r
18:13:11 §e[SkyHanni] You have gained §b6 §eBits.§r
18:13:13 §e[SkyHanni] §9Seymour §eis visiting your garden!§r
18:13:16 §e[SkyHanni] You have gained §b6 §eBits.§r
18:13:19 §e[SkyHanni] §9Seymour §eis visiting your garden!§r
18:13:31 §e[SkyHanni] §lCLICK HERE§r§e to grab §ax1 §9§9Polished Pumpkin§e from sacks!§r
18:13:32 §e[SkyHanni] §lCLICK HERE§r§e to grab §ax1 §9§9Polished Pumpkin§e from sacks!§r
18:13:35 §e[SkyHanni] You have gained §b6 §eBits.§r
18:13:51 §e[SkyHanni] §lCLICK HERE§r§e to grab §ax1 §9§9Mutant Nether Wart§e from sacks!§r
18:13:51 §e[SkyHanni] §lCLICK HERE§r§e to grab §ax1 §9§9Mutant Nether Wart§e from sacks!§r
18:13:52 §e[SkyHanni] §lCLICK HERE§r§e to grab §ax1 §9§9Mutant Nether Wart§e from sacks!§r
18:13:52 §e[SkyHanni] §lCLICK HERE§r§e to grab §ax1 §9§9Mutant Nether Wart§e from sacks!§r
18:13:53 §e[SkyHanni] §lCLICK HERE§r§e to grab §ax1 §9§9Mutant Nether Wart§e from sacks!§r
18:13:55 §e[SkyHanni] You have gained §b6 §eBits.§r
18:14:26 §e[SkyHanni] The Perkpocalypse Mayor is not known! Click here to update the temporary Mayor.§r
18:40:37 §e[SkyHanni] §aDuke §eis visiting your garden!§r
18:40:37 §e[SkyHanni] The Perkpocalypse Mayor is not known! Click here to update the temporary Mayor.§r
18:40:41 §e[SkyHanni] You have gained §b300 §eBits.§r
18:40:57 §e[SkyHanni] You have gained §b6 §eBits.§r
18:41:24 §e[SkyHanni] Loaded Cactus milestone data from tab list!§r
18:41:58 §e[SkyHanni] You have gained §b6 §eBits.§r
18:42:03 §e[SkyHanni] You have gained §b6 §eBits.§r
18:45:37 §e[SkyHanni] The Perkpocalypse Mayor is not known! Click here to update the temporary Mayor.§r
18:50:38 §e[SkyHanni] The Perkpocalypse Mayor is not known! Click here to update the temporary Mayor.§r
18:52:52 §e[SkyHanni] You have gained §b5 §eBits.§r
18:55:38 §e[SkyHanni] The Perkpocalypse Mayor is not known! Click here to update the temporary Mayor.§r
18:57:43 §6§lBESTIARY §r§b§lGaia Construct §7§8II §8➡§b §bIII§r
18:59:35 §e[SkyHanni] §b+2 SkyBlock XP §7(Mythological Kills§7)§b (45/100)§r
19:00:09 §6§lBESTIARY §r§b§lMinotaur §7§8II §8➡§b §bIII§r
19:00:30 §e[SkyHanni] You have gained §b5 §eBits.§r
19:00:38 §e[SkyHanni] The Perkpocalypse Mayor is not known! Click here to update the temporary Mayor.§r
19:03:43 §e[SkyHanni] You have gained §b5 §eBits.§r
19:05:39 §e[SkyHanni] The Perkpocalypse Mayor is not known! Click here to update the temporary Mayor.§r
19:06:16 §e[SkyHanni] You have gained §b5 §eBits.§r
19:10:39 §e[SkyHanni] The Perkpocalypse Mayor is not known! Click here to update the temporary Mayor.§r
19:11:00 §e[SkyHanni] You have gained §b5 §eBits.§r
19:11:21 §e[SkyHanni] You have gained §b300 §eBits.§r
19:11:50 §6§lBESTIARY §r§b§lGaia Construct §7§8III §8➡§b §bIV§r
19:12:37 §e[SkyHanni] You have gained §b5 §eBits.§r
19:15:40 §e[SkyHanni] The Perkpocalypse Mayor is not known! Click here to update the temporary Mayor.§r
19:15:42 §6§lBESTIARY §r§b§lSiamese Lynx §7§8IV §8➡§b §bV§r
19:16:04 §e[SkyHanni] You have gained §b5 §eBits.§r
19:19:17 §6§lBESTIARY §r§b§lMinotaur §7§8III §8➡§b §bIV§r
19:19:43 §e[SkyHanni] You have gained §b5 §eBits.§r
19:20:40 §e[SkyHanni] The Perkpocalypse Mayor is not known! Click here to update the temporary Mayor.§r
19:23:38 §e[SkyHanni] You have gained §b5 §eBits.§r
19:25:00 §e[SkyHanni] You have gained §b5 §eBits.§r
19:25:41 §e[SkyHanni] The Perkpocalypse Mayor is not known! Click here to update the temporary Mayor.§r
19:30:42 §e[SkyHanni] The Perkpocalypse Mayor is not known! Click here to update the temporary Mayor.§r
19:30:55 §6§lBESTIARY §r§b§lSiamese Lynx §7§8V §8➡§b §bVI§r
19:31:57 §e[SkyHanni] You have gained §b5 §eBits.§r
19:35:29 §e[SkyHanni] §b+20 SkyBlock XP §7(Skill Level Up§7)§b (70/100)§r
19:35:42 §e[SkyHanni] The Perkpocalypse Mayor is not known! Click here to update the temporary Mayor.§r
19:40:52 §e[SkyHanni] The Perkpocalypse Mayor is not known! Click here to update the temporary Mayor.§r
19:41:37 §e[SkyHanni] You have gained §b72 §eBits.§r
19:41:47 §e[SkyHanni] You have gained §b300 §eBits.§r
19:42:16 §e[SkyHanni] You have gained §b2 §eBits.§r
19:43:27 §e[SkyHanni] You have gained §b36 §eBits.§r
19:45:18 §e[SkyHanni] You have gained §b2 §eBits.§r
19:45:53 §e[SkyHanni] The Perkpocalypse Mayor is not known! Click here to update the temporary Mayor.§r
19:46:11 §e[SkyHanni] You have gained §b36 §eBits.§r
19:46:48 §e[SkyHanni] You have gained §b2 §eBits.§r
19:48:13 §e[SkyHanni] §aStella §eis visiting your garden!§r
19:48:13 §e[SkyHanni] §9Tia the Fairy §eis visiting your garden!§r
19:48:13 §e[SkyHanni] §aJamie §eis visiting your garden!§r
19:48:13 §e[SkyHanni] §aJotraeline Greatforge §eis visiting your garden!§r
19:48:40 §e[SkyHanni] You have gained §b6 §eBits.§r
19:48:43 §e[SkyHanni] You have gained §b6 §eBits.§r
19:48:47 §e[SkyHanni] You have gained §b6 §eBits.§r
19:50:38 §e[SkyHanni] You have gained §b36 §eBits.§r
19:50:54 §e[SkyHanni] The Perkpocalypse Mayor is not known! Click here to update the temporary Mayor.§r
19:51:01 §e[SkyHanni] Start a new slayer quest! The old slayer quest has failed!§r
19:51:20 §e[SkyHanni] Start a new slayer quest! The old slayer quest has failed!§r
19:51:32 §e[SkyHanni] Start a new slayer quest! The old slayer quest has failed!§r
19:51:33 §e[SkyHanni] You have gained §b2 §eBits.§r
19:52:39 §e[SkyHanni] You have gained §b36 §eBits.§r
19:55:11 §e[SkyHanni] You have gained §b36 §eBits.§r
19:55:54 §e[SkyHanni] The Perkpocalypse Mayor is not known! Click here to update the temporary Mayor.§r
19:57:24 §e[SkyHanni] You have gained §b36 §eBits.§r
19:59:09 §e[SkyHanni] You have gained §b72 §eBits.§r
20:00:55 §e[SkyHanni] The Perkpocalypse Mayor is not known! Click here to update the temporary Mayor.§r
20:05:10 §e[SkyHanni] You have gained §b72 §eBits.§r
20:05:24 §e[SkyHanni] Start a new slayer quest! The old slayer quest has failed!§r
20:05:55 §e[SkyHanni] The Perkpocalypse Mayor is not known! Click here to update the temporary Mayor.§r
20:08:05 §e[SkyHanni] Use a §9§lGuardian Pet §efor more Exp in the Experimentation Table.
§e[CLICK to open pets menu or disable this feature]§r
20:10:17 §e[SkyHanni] §b+1 SkyBlock XP §7(Crafted Minion§7)§b (81/100)§r
20:10:56 §e[SkyHanni] The Perkpocalypse Mayor is not known! Click here to update the temporary Mayor.§r
20:12:25 §e[SkyHanni] You have gained §b300 §eBits.§r
20:15:57 §e[SkyHanni] The Perkpocalypse Mayor is not known! Click here to update the temporary Mayor.§r
20:17:40 §e[SkyHanni] You have gained §b14 §eBits.§r
20:19:09 §6§lBESTIARY §r§b§lSiamese Lynx §7§8VI §8➡§b §bVII§r
20:19:40 §e[SkyHanni] You have gained §b14 §eBits.§r
20:20:35 §6§lBESTIARY §r§b§lSoul of the Alpha §7§8XI §8➡§b §bXII§r
20:20:58 §e[SkyHanni] The Perkpocalypse Mayor is not known! Click here to update the temporary Mayor.§r
20:21:19 §e[SkyHanni] You have gained §b14 §eBits.§r
20:23:10 §e[SkyHanni] You have gained §b14 §eBits.§r
20:24:36 §e[SkyHanni] You have gained §b14 §eBits.§r
20:25:53 §e[SkyHanni] You have gained §b14 §eBits.§r
20:25:58 §e[SkyHanni] The Perkpocalypse Mayor is not known! Click here to update the temporary Mayor.§r
20:27:27 §6§lBESTIARY §r§b§lPack Spirit §7§8VIII §8➡§b §bIX§r
20:27:48 §e[SkyHanni] You have gained §b14 §eBits.§r
20:29:36 §e[SkyHanni] You have gained §b14 §eBits.§r
20:30:59 §e[SkyHanni] The Perkpocalypse Mayor is not known! Click here to update the temporary Mayor.§r
20:31:16 §e[SkyHanni] You have gained §b14 §eBits.§r
20:40:34 §e[SkyHanni] The Perkpocalypse Mayor is not known! Click here to update the temporary Mayor.§r
20:40:45 §e[SkyHanni] Use a §9§lGuardian Pet §efor more Exp in the Experimentation Table.
§e[CLICK to open pets menu or disable this feature]§r
21:07:31 §e[SkyHanni] The Perkpocalypse Mayor is not known! Click here to update the temporary Mayor.§r
21:07:35 §e[SkyHanni] You have gained §b300 §eBits.§r
21:07:37 §e[SkyHanni] Use a §9§lGuardian Pet §efor more Exp in the Experimentation Table.
§e[CLICK to open pets menu or disable this feature]§r
21:08:51 §e[SkyHanni] You have reached the maximum extra Superpairs clicks from this add-on!§r
21:09:47 §e[SkyHanni] You have reached the maximum extra Superpairs clicks from this add-on!§r
21:12:32 §e[SkyHanni] The Perkpocalypse Mayor is not known! Click here to update the temporary Mayor.§r
21:12:59 §e[SkyHanni] You have reached the maximum extra Superpairs clicks from this add-on!§r
21:14:11 §e[SkyHanni] You have reached the maximum extra Superpairs clicks from this add-on!§r
21:17:32 §e[SkyHanni] The Perkpocalypse Mayor is not known! Click here to update the temporary Mayor.§r
21:17:48 §e[SkyHanni] You have reached the maximum extra Superpairs clicks from this add-on!§r
21:18:22 §e[SkyHanni] You have reached the maximum extra Superpairs clicks from this add-on!§r
21:20:55 §e[SkyHanni] You have reached the maximum extra Superpairs clicks from this add-on!§r
21:21:25 §e[SkyHanni] You have reached the maximum extra Superpairs clicks from this add-on!§r
21:22:33 §e[SkyHanni] The Perkpocalypse Mayor is not known! Click here to update the temporary Mayor.§r
21:24:38 §e[SkyHanni] §aDuke §eis visiting your garden!§r
21:24:38 §e[SkyHanni] §9Gwendolyn §eis visiting your garden!§r
21:24:38 §e[SkyHanni] §aLumber Jack §eis visiting your garden!§r
21:24:46 §e[SkyHanni] You have gained §b6 §eBits.§r
21:24:53 §e[SkyHanni] You have gained §b6 §eBits.§r
21:26:25 §e[SkyHanni] §b+1 SkyBlock XP §7(HOTM Progression§7)§b (84/100)§r
21:26:28 §e[SkyHanni] §b+10 SkyBlock XP §7(HOTM Progression§7)§b (84/100)§r
21:26:32 §e[SkyHanni] §b+12 SkyBlock XP §7(HOTM Progression§7)§b (84/100)§r
21:26:37 §e[SkyHanni] §b+13 SkyBlock XP §7(HOTM Progression§7)§b (74/100)§r
21:26:46 §e[SkyHanni] §b+9 SkyBlock XP §7(HOTM Progression§7)§b (83/100)§r
21:26:55 §e[SkyHanni] §b+1 SkyBlock XP §7(HOTM Progression§7)§b (84/100)§r
21:26:58 §e[SkyHanni] §b+18 SkyBlock XP §7(HOTM Progression§7)§b (84/100)§r
21:27:05 §e[SkyHanni] §b+33 SkyBlock XP §7(HOTM Progression§7)§b (81/100)§r
21:27:13 §e[SkyHanni] §b+22 SkyBlock XP §7(HOTM Progression§7)§b (81/100)§r
21:27:21 §e[SkyHanni] §b+15 SkyBlock XP §7(HOTM Progression§7)§b (72/100)§r
21:27:24 §e[SkyHanni] §b+28 SkyBlock XP §7(HOTM Progression§7)§b (78/100)§r
21:27:34 §e[SkyHanni] The Perkpocalypse Mayor is not known! Click here to update the temporary Mayor.§r
21:28:40 §e[SkyHanni] Profit for §9Lapis Corpse§e: §635k§r
21:28:40 §e[SkyHanni] §b+1 SkyBlock XP §7(HOTM Progression§7)§b (85/100)§r
21:32:39 §e[SkyHanni] The Perkpocalypse Mayor is not known! Click here to update the temporary Mayor.§r
21:36:09 §e[SkyHanni] Profit for §9Lapis Corpse§e: §648k§r
21:36:09 §e[SkyHanni] §b+1 SkyBlock XP §7(HOTM Progression§7)§b (88/100)§r
21:38:28 §e[SkyHanni] You have gained §b300 §eBits.§r
21:38:28 §e[SkyHanni] The Perkpocalypse Mayor is not known! Click here to update the temporary Mayor.§r
21:43:29 §e[SkyHanni] The Perkpocalypse Mayor is not known! Click here to update the temporary Mayor.§r
21:45:08 §e[SkyHanni] Profit for §9Lapis Corpse§e: §622k§r
21:45:09 §e[SkyHanni] §b+1 SkyBlock XP §7(HOTM Progression§7)§b (90/100)§r
21:45:23 §e[SkyHanni] Profit for §9Lapis Corpse§e: §660k§r
21:45:24 §e[SkyHanni] §b+1 SkyBlock XP §7(HOTM Progression§7)§b (91/100)§r
21:50:19 §e[SkyHanni] The Perkpocalypse Mayor is not known! Click here to update the temporary Mayor.§r
21:50:42 §e[SkyHanni] You have gained §b6 §eBits.§r
21:50:43 §e[SkyHanni] You have gained §b6 §eBits.§r
21:50:44 §e[SkyHanni] You have gained §b12 §eBits.§r
21:54:36 §6§lBESTIARY §r§b§lBlue Jerry §7§8VIII §8➡§b §bIX§r
21:54:57 §e[SkyHanni] Profit for §9Lapis Corpse§e: §620k§r
21:54:57 §e[SkyHanni] §b+1 SkyBlock XP §7(HOTM Progression§7)§b (95/100)§r
21:59:04 §e[SkyHanni] §b+1 SkyBlock XP §7(HOTM Progression§7)§b (96/100)§r
22:00:26 §e[SkyHanni] The Perkpocalypse Mayor is not known! Click here to update the temporary Mayor.§r
22:01:56 §6§lBESTIARY §r§b§lGreen Jerry §7§8VIII §8➡§b §bIX§r
22:05:26 §e[SkyHanni] The Perkpocalypse Mayor is not known! Click here to update the temporary Mayor.§r
22:08:22 §e[SkyHanni] Located a Tungsten Corpse and marked its location with a waypoint.§r
22:08:41 §e[SkyHanni] Located a Tungsten Corpse and marked its location with a waypoint.§r
22:11:18 §e[SkyHanni] You have gained §b300 §eBits.§r
22:11:18 §e[SkyHanni] The Perkpocalypse Mayor is not known! Click here to update the temporary Mayor.§r
22:12:14 §e[SkyHanni] Located a Tungsten Corpse and marked its location with a waypoint.§r
22:12:22 §6§lBESTIARY §r§b§lGlacite Bowman §7§8IX §8➡§b §bX§r
22:12:29 §e[SkyHanni] §b+1 SkyBlock XP §7(HOTM Progression§7)§b (0/100)§r
22:12:42 §e[SkyHanni] Located a Lapis Corpse and marked its location with a waypoint.§r
22:12:43 §e[SkyHanni] Profit for §9Lapis Corpse§e: §637k§r
22:17:02 §e[SkyHanni] §b+2 SkyBlock XP §7(HOTM Progression§7)§b (2/100)§r
22:17:03 §e[SkyHanni] The Perkpocalypse Mayor is not known! Click here to update the temporary Mayor.§r
22:22:03 §e[SkyHanni] The Perkpocalypse Mayor is not known! Click here to update the temporary Mayor.§r
22:22:22 §e[SkyHanni] Located a Tungsten Corpse and marked its location with a waypoint.§r
22:22:40 §e[SkyHanni] Located a Lapis Corpse and marked its location with a waypoint.§r
22:22:46 §e[SkyHanni] Profit for §9Lapis Corpse§e: §6101k§r
22:22:46 §e[SkyHanni] §b+1 SkyBlock XP §7(HOTM Progression§7)§b (3/100)§r
22:22:56 §e[SkyHanni] Located a Lapis Corpse and marked its location with a waypoint.§r
22:22:58 §e[SkyHanni] Profit for §9Lapis Corpse§e: §6328k§r
22:22:58 §e[SkyHanni] §b+1 SkyBlock XP §7(HOTM Progression§7)§b (4/100)§r
22:23:15 §6§lBESTIARY §r§b§lGlacite Mage §7§8IX §8➡§b §bX§r
22:23:15 §e[SkyHanni] §b+1 SkyBlock XP §7(HOTM Progression§7)§b (5/100)§r
22:27:12 §e[SkyHanni] §b+1 SkyBlock XP §7(HOTM Progression§7)§b (6/100)§r
22:27:13 §e[SkyHanni] The Perkpocalypse Mayor is not known! Click here to update the temporary Mayor.§r
22:29:40 §e[SkyHanni] Located a Tungsten Corpse and marked its location with a waypoint.§r
22:29:49 §e[SkyHanni] Located an Umber Corpse and marked its location with a waypoint.§r
22:32:24 §e[SkyHanni] The Perkpocalypse Mayor is not known! Click here to update the temporary Mayor.§r
22:33:39 §e[SkyHanni] You have gained §b6 §eBits.§r
22:33:42 §e[SkyHanni] You have gained §b6 §eBits.§r
22:37:24 §e[SkyHanni] The Perkpocalypse Mayor is not known! Click here to update the temporary Mayor.§r
22:38:47 §e[SkyHanni] You have gained §b300 §eBits.§r
22:42:24 §e[SkyHanni] The Perkpocalypse Mayor is not known! Click here to update the temporary Mayor.§r
