11:35:09 `timu2kh85d`1493 missed {
 is already Found: false).
 Position: LorenzVec{x=6.5, y=71.0, z=-5.5}
 DistanceC: 23.0
Relative Position: LorenzVec{x=12.0, y=0.0, z=-23.0}
 }
13:35:29 `4241yh31g1`253 missed {
 is already Found: false).
 Position: LorenzVec{x=-74.0, y=65.0, z=-50.0}
 DistanceC: 23.387263974408995
Relative Position: LorenzVec{x=-23.387263974408995, y=-6.0, z=-20.69999998807907}
 }
13:54:45 `l81t5ph80k`21425 missed {
 is already Found: false).
 Position: LorenzVec{x=-21.5, y=71.0, z=-14.5}
 DistanceC: 21.050955121737037
Relative Position: LorenzVec{x=-21.050955121737037, y=-2.0, z=15.824685727486852}
 }
13:54:46 `uyh42396x5`21419 missed {
 is already Found: false).
 Position: LorenzVec{x=-23.5, y=71.0, z=-14.5}
 DistanceC: 23.050955121737037
Relative Position: LorenzVec{x=-23.050955121737037, y=-2.0, z=15.824685727486852}
 }
14:11:27 `u9dx1lkd4m`332 missed {
 is already Found: false).
 Position: LorenzVec{x=-41.5, y=70.0, z=-64.5}
 DistanceC: 17.778720012420035
Relative Position: LorenzVec{x=-17.778720012420035, y=0.0, z=10.54750594200685}
 }
14:11:27 `p4aroujc85`416 missed {
 is already Found: false).
 Position: LorenzVec{x=-36.0, y=73.0, z=-95.5}
 DistanceC: 20.45249405799315
Relative Position: LorenzVec{x=-12.278720012420035, y=3.0, z=-20.45249405799315}
 }
14:11:47 `jmmm7b4iz7`223 missed {
 is already Found: false).
 Position: LorenzVec{x=22.0, y=71.0, z=-45.5}
 DistanceC: 19.62184155800128
Relative Position: LorenzVec{x=-19.62184155800128, y=1.0, z=19.415834510166263}
 }
14:11:47 `e301d82p43`224 missed {
 is already Found: false).
 Position: LorenzVec{x=25.0, y=65.0, z=-41.0}
 DistanceC: 23.915834510166263
Relative Position: LorenzVec{x=-16.62184155800128, y=-5.0, z=23.915834510166263}
 }
14:12:33 `s33q1tlo2p`25068 missed {
 is already Found: false).
 Position: LorenzVec{x=6.5, y=71.0, z=-5.5}
 DistanceC: 23.0
Relative Position: LorenzVec{x=12.0, y=0.0, z=-23.0}
 }
14:14:53 `m0q5j35kby`25066 missed {
 is already Found: false).
 Position: LorenzVec{x=-27.5, y=71.0, z=-13.5}
 DistanceC: 22.072272753503686
Relative Position: LorenzVec{x=-22.072272753503686, y=-2.0, z=12.880341151857106}
 }
14:16:37 `j5j9ob848w`23 missed {
 is already Found: false).
 Position: LorenzVec{x=269.5, y=48.0, z=-480.5}
 DistanceC: 2.7434670847788425
Relative Position: LorenzVec{x=-1.6900090121691846, y=0.0, z=2.7434670847788425}
 }
14:29:31 `76mm89ze38`22452 missed {
 is already Found: false).
 Position: LorenzVec{x=-21.5, y=71.0, z=-14.5}
 DistanceC: 22.64037429747276
Relative Position: LorenzVec{x=-22.64037429747276, y=-2.0625, z=13.776031419102203}
 }
14:32:17 `73170v89j2`22453 missed {
 is already Found: false).
 Position: LorenzVec{x=-27.5, y=71.0, z=-13.5}
 DistanceC: 23.79446461977179
Relative Position: LorenzVec{x=-23.79446461977179, y=0.0, z=-20.794120511745973}
 }
14:32:17 `yp00zdw533`22462 missed {
 is already Found: false).
 Position: LorenzVec{x=-25.5, y=71.0, z=-13.5}
 DistanceC: 21.79446461977179
Relative Position: LorenzVec{x=-21.79446461977179, y=0.0, z=-20.794120511745973}
 }
14:32:18 `5zl80j950p`22451 missed {
 is already Found: false).
 Position: LorenzVec{x=-23.5, y=71.0, z=-14.5}
 DistanceC: 21.794120511745973
Relative Position: LorenzVec{x=-19.79446461977179, y=0.0, z=-21.794120511745973}
 }
14:32:18 `76mm89ze38`22452 missed {
 is already Found: false).
 Position: LorenzVec{x=-21.5, y=71.0, z=-14.5}
 DistanceC: 21.794120511745973
Relative Position: LorenzVec{x=-17.79446461977179, y=0.0, z=-21.794120511745973}
 }
14:38:44 `4vqwiyxk6y`112 missed {
 is already Found: false).
 Position: LorenzVec{x=-6.5, y=145.0, z=-18.5}
 DistanceC: 15.852195763939392
Relative Position: LorenzVec{x=-15.852195763939392, y=0.0, z=1.7615491260296317}
 }
14:52:22 `Sheep`184 missed {
 is already Found: false).
 Position: LorenzVec{x=65.5, y=211.0, z=198.5}
 DistanceC: 1.8612269692957852
Relative Position: LorenzVec{x=-0.4789793777441673, y=0.0, z=-1.8612269692957852}
 }
15:06:37 `Sheep`184 missed {
 is already Found: false).
 Position: LorenzVec{x=65.5, y=211.0, z=198.5}
 DistanceC: 2.204813724269144
Relative Position: LorenzVec{x=-2.204813724269144, y=0.0, z=-0.8739842951751484}
 }
15:09:59 `Weakling `249584 missed {
 is already Found: false).
 Position: LorenzVec{x=419.6875, y=74.0, z=593.40625}
 DistanceC: 20.8125
Relative Position: LorenzVec{x=-20.8125, y=-32.0, z=12.90625}
 }
15:27:50 `Zombie`163773 missed {
 is already Found: false).
 Position: LorenzVec{x=259.6875, y=184.0, z=707.4375}
 DistanceC: 11.925953137687259
Relative Position: LorenzVec{x=11.925953137687259, y=69.0, z=-6.569088689135924}
 }
15:29:43 `b2hcor34ea`18038 missed {
 is already Found: false).
 Position: LorenzVec{x=6.5, y=71.0, z=-5.5}
 DistanceC: 23.0
Relative Position: LorenzVec{x=12.0, y=0.0, z=-23.0}
 }
15:30:48 `1fu84c4zo5`18024 missed {
 is already Found: false).
 Position: LorenzVec{x=-23.5, y=71.0, z=-14.5}
 DistanceC: 23.732819893965974
Relative Position: LorenzVec{x=-23.732819893965974, y=-2.0, z=7.884417868128875}
 }
15:58:17 `e85jz7122i`112 missed {
 is already Found: false).
 Position: LorenzVec{x=-6.5, y=145.0, z=-18.5}
 DistanceC: 22.191864281002545
Relative Position: LorenzVec{x=1.076486797401257, y=-4.0, z=22.191864281002545}
 }
15:59:31 `e85jz7122i`112 missed {
 is already Found: false).
 Position: LorenzVec{x=-6.5, y=145.0, z=-18.5}
 DistanceC: 11.459169161620949
Relative Position: LorenzVec{x=2.267321086622344, y=-1.0, z=11.459169161620949}
 }
15:59:55 `e85jz7122i`112 missed {
 is already Found: false).
 Position: LorenzVec{x=-6.5, y=145.0, z=-18.5}
 DistanceC: 7.322436786848524
Relative Position: LorenzVec{x=5.31058249321439, y=0.0, z=7.322436786848524}
 }
16:10:24 `62hu90v4it`124 missed {
 is already Found: false).
 Position: LorenzVec{x=-15.5, y=201.0, z=-98.5}
 DistanceC: 23.257131536709366
Relative Position: LorenzVec{x=18.495161556980392, y=1.0, z=23.257131536709366}
 }
16:10:24 `kf6qy23ae5`123 missed {
 is already Found: false).
 Position: LorenzVec{x=-10.5, y=201.0, z=-103.5}
 DistanceC: 23.495161556980392
Relative Position: LorenzVec{x=23.495161556980392, y=1.0, z=18.257131536709366}
 }
16:17:28 `8cf3pqotzz`163 missed {
 is already Found: false).
 Position: LorenzVec{x=-22.5, y=151.0, z=-49.5}
 DistanceC: 23.0
Relative Position: LorenzVec{x=-23.0, y=2.0, z=19.0}
 }
16:17:28 `ymue91ynk6`164 missed {
 is already Found: false).
 Position: LorenzVec{x=-22.5, y=151.0, z=-79.5}
 DistanceC: 23.0
Relative Position: LorenzVec{x=-23.0, y=2.0, z=-11.0}
 }
16:17:28 `1iepgi1364`166 missed {
 is already Found: false).
 Position: LorenzVec{x=23.5, y=151.0, z=-87.5}
 DistanceC: 23.0
Relative Position: LorenzVec{x=23.0, y=2.0, z=-19.0}
 }
16:17:28 `1gxj83h3p7`167 missed {
 is already Found: false).
 Position: LorenzVec{x=23.5, y=151.0, z=-57.5}
 DistanceC: 23.0
Relative Position: LorenzVec{x=23.0, y=2.0, z=11.0}
 }
