20:23:59 §f                                  §6§lBESTIARY
20:23:59 §f                           §b§lBlue Jerry §7§8IX §8➡§b §bX
20:23:59 
20:23:59 §f                                  §r§6§lREWARDS
20:23:59 §f                       §r§8+§r§a3 §r§9Blue Jerry §r§b✯ Magic Find
20:23:59 §f                        §r§8+§r§a3 §r§9Blue Jerry §r§c❁ Strength
20:23:59 §f                           §r§8+§r§62% §r§a§r§9Blue Jerry §r§7coins
20:23:59 §f                    §r§8+§r§a50% §r§7chance for extra XP orbs
20:23:59 §f                               §r§8+§r§b1 SkyBlock XP
20:23:59 
20:23:59 §3§l▬▬▬▬▬▬▬▬▬▬▬▬▬▬▬▬▬▬▬▬▬▬▬▬▬▬▬▬▬▬▬▬▬▬▬▬▬▬▬▬▬▬▬▬▬▬▬▬▬▬▬▬▬▬▬▬▬▬▬▬▬▬▬▬
22:08:20 §f                                  §6§lBESTIARY
22:08:20 §f                        §b§lPurple Jerry §7§8VIII §8➡§b §bIX
22:08:20 
22:08:20 §f                                  §r§6§lREWARDS
22:08:20 §f                      §r§8+§r§a3 §r§5Purple Jerry §r§b✯ Magic Find
22:08:20 §f                      §r§8+§r§a3 §r§5Purple Jerry §r§c❁ Strength
22:08:20 §f                          §r§8+§r§62% §r§a§r§5Purple Jerry §r§7coins
22:08:20 §f                    §r§8+§r§a50% §r§7chance for extra XP orbs
22:08:20 §f                               §r§8+§r§b1 SkyBlock XP
22:08:20 
22:08:20 §3§l▬▬▬▬▬▬▬▬▬▬▬▬▬▬▬▬▬▬▬▬▬▬▬▬▬▬▬▬▬▬▬▬▬▬▬▬▬▬▬▬▬▬▬▬▬▬▬▬▬▬▬▬▬▬▬▬▬▬▬▬▬▬▬▬
