15:52:58 New visitor detected: '§9Gwendolyn'
15:52:59 New visitor detected: '§aRhys'
15:52:59 New visitor detected: '§aTerry'
15:52:59 New visitor detected: '§aOringo'
15:52:59 New visitor detected: '§9Queen Mismyla'
15:57:04 New visitor detected: '§aEmissary Carlton'
16:01:01 New visitor detected: '§aGeonathan Greatforge'
16:05:26 New visitor detected: '§aEmissary Fraiser'
16:10:02 New visitor detected: '§9Shifty'
16:16:11 New visitor detected: '§aTerry'
16:19:23 New visitor detected: '§9Fragilis'
16:48:08 New visitor detected: '§aPest Wrangler'
16:52:44 New visitor detected: '§aJamie'
16:56:27 New visitor detected: '§aPlumber Joe'
17:00:46 New visitor detected: '§aFelix'
17:06:01 New visitor detected: '§aGuy'
17:11:16 New visitor detected: '§9Emissary Sisko'
17:16:20 New visitor detected: '§aLiam'
17:20:20 New visitor detected: '§9Shifty'
17:23:51 New visitor detected: '§9Bartender'
17:28:04 New visitor detected: '§aArthur'
17:31:49 New visitor detected: '§aHornum'
17:37:11 New visitor detected: '§9Tammy'
17:42:56 New visitor detected: '§6Madame Eleanor Q. Goldsworth III'
17:48:24 New visitor detected: '§aTom'
