20:23:59 [BESTIARY] §f                                  §6§lBESTIARY
20:23:59 [BESTIARY] §f                           §b§lBlue Jerry §7§8IX §8➡§b §bX
20:23:59 [BESTIARY] 
20:23:59 [BESTIARY] §f                                  §r§6§lREWARDS
20:23:59 [BESTIARY] §f                       §r§8+§r§a3 §r§9Blue Jerry §r§b✯ Magic Find
20:23:59 [BESTIARY] §f                        §r§8+§r§a3 §r§9Blue Jerry §r§c❁ Strength
20:23:59 [BESTIARY] §f                           §r§8+§r§62% §r§a§r§9Blue Jerry §r§7coins
20:23:59 [BESTIARY] §f                    §r§8+§r§a50% §r§7chance for extra XP orbs
20:23:59 [BESTIARY] §f                               §r§8+§r§b1 SkyBlock XP
20:23:59 [BESTIARY] 
20:23:59 [BESTIARY] §3§l▬▬▬▬▬▬▬▬▬▬▬▬▬▬▬▬▬▬▬▬▬▬▬▬▬▬▬▬▬▬▬▬▬▬▬▬▬▬▬▬▬▬▬▬▬▬▬▬▬▬▬▬▬▬▬▬▬▬▬▬▬▬▬▬
22:08:20 [BESTIARY] §f                                  §6§lBESTIARY
22:08:20 [BESTIARY] §f                        §b§lPurple Jerry §7§8VIII §8➡§b §bIX
22:08:20 [BESTIARY] 
22:08:20 [BESTIARY] §f                                  §r§6§lREWARDS
22:08:20 [BESTIARY] §f                      §r§8+§r§a3 §r§5Purple Jerry §r§b✯ Magic Find
22:08:20 [BESTIARY] §f                      §r§8+§r§a3 §r§5Purple Jerry §r§c❁ Strength
22:08:20 [BESTIARY] §f                          §r§8+§r§62% §r§a§r§5Purple Jerry §r§7coins
22:08:20 [BESTIARY] §f                    §r§8+§r§a50% §r§7chance for extra XP orbs
22:08:20 [BESTIARY] §f                               §r§8+§r§b1 SkyBlock XP
22:08:20 [BESTIARY] 
22:08:20 [BESTIARY] §3§l▬▬▬▬▬▬▬▬▬▬▬▬▬▬▬▬▬▬▬▬▬▬▬▬▬▬▬▬▬▬▬▬▬▬▬▬▬▬▬▬▬▬▬▬▬▬▬▬▬▬▬▬▬▬▬▬▬▬▬▬▬▬▬▬
22:37:36 [GARDEN_VISITOR_MESSAGE] §e[NPC] §6Sirius§f: §r§fI've always wanted to start a farm but instead I got sucked into this life of crim...I mean business!
22:38:34 [GARDEN_VISITOR_MESSAGE] §e[NPC] §6Sirius§f: §r§fThis smell... it reminds me of my childhood when I used to pick flowers in the garden. Keep this between you and me, understand?
22:38:41 [GARDEN_VISITOR_MESSAGE] §e[NPC] §9Queen Mismyla§f: §r§fThe King made me go grocery shopping. Me! Can you believe that? He has a pair of perfectly good legs, and still, here I am.
22:38:43 [GARDEN_VISITOR_MESSAGE] §e[NPC] §aPlumber Joe§f: §r§fI once dumped a magical water bucket into the toilet. It won't stop overflowing. Anyway, you got something for me?
22:38:45 [GARDEN_VISITOR_MESSAGE] §e[NPC] §aHornum§f: §r§fBuurrrp!
22:38:47 [GARDEN_VISITOR_MESSAGE] §e[NPC] §aTrevor§f: §r§fI've been tracking an animal for the past few days. Got anything I could use as bait?
22:38:50 [GARDEN_VISITOR_MESSAGE] §e[NPC] §aTrevor§f: §r§fThis should do nicely. I'll have plenty of pelts by the end of the day.
