19:52:38 §e[SkyHanni] §aSkyHanni found a new update: 0.27. Check §b/sh download update §afor more info.§r
19:52:43 §e[SkyHanni] The Perkpocalypse Mayor is not known! Click here to update the temporary Mayor.§r
19:52:45 §e[SkyHanni] §bNo Bits Available! §eClick to buy booster cookies on the bazaar.§r
19:52:45 §e[SkyHanni] You have gained §b1.065 §eBits.§r
19:54:02 §e[SkyHanni] §b+1 SkyBlock XP §7(HOTM Progression§7)§b (30/100)§r
19:54:08 §e[SkyHanni] §b+18 SkyBlock XP §7(HOTM Progression§7)§b (30/100)§r
19:54:13 §e[SkyHanni] §b+21 SkyBlock XP §7(HOTM Progression§7)§b (29/100)§r
19:54:14 §e[SkyHanni] §b+13 SkyBlock XP §7(HOTM Progression§7)§b (30/100)§r
19:54:22 §e[SkyHanni] §b+1 SkyBlock XP §7(HOTM Progression§7)§b (30/100)§r
19:54:24 §e[SkyHanni] §b+18 SkyBlock XP §7(HOTM Progression§7)§b (30/100)§r
19:54:29 §e[SkyHanni] §b+16 SkyBlock XP §7(HOTM Progression§7)§b (28/100)§r
19:54:35 §e[SkyHanni] §b+1 SkyBlock XP §7(HOTM Progression§7)§b (29/100)§r
19:54:51 §e[SkyHanni] §b+3 SkyBlock XP §7(HOTM Progression§7)§b (27/100)§r
19:54:54 §e[SkyHanni] §b+96 SkyBlock XP §7(HOTM Progression§7)§b (6/100)§r
19:54:57 §e[SkyHanni] §b+4 SkyBlock XP §7(HOTM Progression§7)§b (10/100)§r
19:55:12 §e[SkyHanni] §b+20 SkyBlock XP §7(HOTM Progression§7)§b (30/100)§r
19:55:33 §e[SkyHanni] §b+1 SkyBlock XP §7(Mining Fiesta§7)§b (31/100)§r
19:57:44 §e[SkyHanni] The Perkpocalypse Mayor is not known! Click here to update the temporary Mayor.§r
20:02:30 §e[SkyHanni] Located a Lapis Corpse and marked its location with a waypoint.§r
20:02:33 §e[SkyHanni] Profit for §9Lapis Corpse§e: §6141k§r
20:02:36 §e[SkyHanni] §b+1 SkyBlock XP §7(HOTM Progression§7)§b (32/100)§r
20:02:51 §e[SkyHanni] Located a Lapis Corpse and marked its location with a waypoint.§r
20:02:56 §e[SkyHanni] Profit for §9Lapis Corpse§e: §656k§r
20:02:56 §e[SkyHanni] §b+1 SkyBlock XP §7(HOTM Progression§7)§b (33/100)§r
20:09:02 §e[SkyHanni] §b+1 SkyBlock XP §7(HOTM Progression§7)§b (34/100)§r
20:09:07 §e[SkyHanni] The Perkpocalypse Mayor is not known! Click here to update the temporary Mayor.§r
20:14:08 §e[SkyHanni] The Perkpocalypse Mayor is not known! Click here to update the temporary Mayor.§r
20:19:08 §e[SkyHanni] The Perkpocalypse Mayor is not known! Click here to update the temporary Mayor.§r
20:22:30 §e[SkyHanni] Located a Lapis Corpse and marked its location with a waypoint.§r
20:22:32 §e[SkyHanni] Located a Lapis Corpse and marked its location with a waypoint.§r
20:22:41 §e[SkyHanni] Profit for §9Lapis Corpse§e: §6110k§r
20:22:41 §e[SkyHanni] §b+1 SkyBlock XP §7(HOTM Progression§7)§b (36/100)§r
20:22:46 §e[SkyHanni] Profit for §9Lapis Corpse§e: §638k§r
20:22:50 §e[SkyHanni] §b+1 SkyBlock XP §7(HOTM Progression§7)§b (37/100)§r
20:22:58 §e[SkyHanni] Located an Umber Corpse and marked its location with a waypoint.§r
20:23:59 §6§lBESTIARY §r§b§lBlue Jerry §7§8IX §8➡§b §bX§r
20:24:01 §e[SkyHanni] §b+1 SkyBlock XP §7(HOTM Progression§7)§b (38/100)§r
20:28:14 §e[SkyHanni] §b+1 SkyBlock XP §7(Mining Fiesta§7)§b (39/100)§r
20:29:33 §e[SkyHanni] The Perkpocalypse Mayor is not known! Click here to update the temporary Mayor.§r
20:34:34 §e[SkyHanni] The Perkpocalypse Mayor is not known! Click here to update the temporary Mayor.§r
20:36:40 §e[SkyHanni] Located an Umber Corpse and marked its location with a waypoint.§r
20:37:29 §e[SkyHanni] Located a Lapis Corpse and marked its location with a waypoint.§r
20:37:32 §e[SkyHanni] Profit for §9Lapis Corpse§e: §6671k§r
20:37:33 §e[SkyHanni] §b+2 SkyBlock XP §7(HOTM Progression§7)§b (42/100)§r
20:37:50 §e[SkyHanni] Located a Lapis Corpse and marked its location with a waypoint.§r
20:37:51 §e[SkyHanni] Profit for §9Lapis Corpse§e: §653k§r
20:37:51 §e[SkyHanni] §b+1 SkyBlock XP §7(HOTM Progression§7)§b (43/100)§r
20:40:37 §e[SkyHanni] §lCLICK HERE§r§e to grab §ax662 §9§a❤ Flawed Ruby Gemstone§e from sacks!§r
20:42:07 §e[SkyHanni] §b+1 SkyBlock XP §7(Mining Fiesta§7)§b (44/100)§r
20:43:18 §e[SkyHanni] The Perkpocalypse Mayor is not known! Click here to update the temporary Mayor.§r
20:48:18 §e[SkyHanni] The Perkpocalypse Mayor is not known! Click here to update the temporary Mayor.§r
20:53:19 §e[SkyHanni] The Perkpocalypse Mayor is not known! Click here to update the temporary Mayor.§r
20:58:19 §e[SkyHanni] The Perkpocalypse Mayor is not known! Click here to update the temporary Mayor.§r
21:16:13 §e[SkyHanni] The Perkpocalypse Mayor is not known! Click here to update the temporary Mayor.§r
21:20:29 §e[SkyHanni] §lCLICK HERE§r§e to grab §ax854 §9§a✎ Flawed Sapphire Gemstone§e from sacks!§r
21:20:34 §e[SkyHanni] §lCLICK HERE§r§e to grab §ax131 §9§9✎ Fine Sapphire Gemstone§e from sacks!§r
21:20:48 §e[SkyHanni] §lCLICK HERE§r§e to grab §ax143 §9§a❤ Flawed Ruby Gemstone§e from sacks!§r
21:20:52 §e[SkyHanni] §lCLICK HERE§r§e to grab §ax101 §9§9❤ Fine Ruby Gemstone§e from sacks!§r
21:21:06 §e[SkyHanni] §lCLICK HERE§r§e to grab §ax1781 §9§a❈ Flawed Amethyst Gemstone§e from sacks!§r
21:21:10 §e[SkyHanni] §lCLICK HERE§r§e to grab §ax140 §9§9❈ Fine Amethyst Gemstone§e from sacks!§r
21:21:13 §e[SkyHanni] The Perkpocalypse Mayor is not known! Click here to update the temporary Mayor.§r
21:23:58 §e[SkyHanni] Use a §9§lGuardian Pet §efor more Exp in the Experimentation Table.
§e[CLICK to open pets menu or disable this feature]§r
21:25:13 §e[SkyHanni] You have reached the maximum extra Superpairs clicks from this add-on!§r
21:25:44 §e[SkyHanni] You have reached the maximum extra Superpairs clicks from this add-on!§r
21:26:14 §e[SkyHanni] The Perkpocalypse Mayor is not known! Click here to update the temporary Mayor.§r
21:26:53 §e[SkyHanni] §a+Tracker Drop§7: §r§9Growth VI §7(§67.2M coins§7)§r
21:28:18 §e[SkyHanni] You have reached the maximum extra Superpairs clicks from this add-on!§r
21:28:49 §e[SkyHanni] You have reached the maximum extra Superpairs clicks from this add-on!§r
21:30:51 §e[SkyHanni] You have reached the maximum extra Superpairs clicks from this add-on!§r
21:31:15 §e[SkyHanni] The Perkpocalypse Mayor is not known! Click here to update the temporary Mayor.§r
21:31:21 §e[SkyHanni] You have reached the maximum extra Superpairs clicks from this add-on!§r
21:33:07 §e[SkyHanni] You have reached the maximum extra Superpairs clicks from this add-on!§r
21:33:37 §e[SkyHanni] You have reached the maximum extra Superpairs clicks from this add-on!§r
21:36:16 §e[SkyHanni] The Perkpocalypse Mayor is not known! Click here to update the temporary Mayor.§r
21:41:16 §e[SkyHanni] The Perkpocalypse Mayor is not known! Click here to update the temporary Mayor.§r
21:46:17 §e[SkyHanni] The Perkpocalypse Mayor is not known! Click here to update the temporary Mayor.§r
21:51:18 §e[SkyHanni] The Perkpocalypse Mayor is not known! Click here to update the temporary Mayor.§r
21:53:38 §e[SkyHanni] §lCLICK HERE§r§e to grab §ax812 §9§a☘ Flawed Jade Gemstone§e from sacks!§r
21:53:42 §e[SkyHanni] §lCLICK HERE§r§e to grab §ax107 §9§9☘ Fine Jade Gemstone§e from sacks!§r
21:54:06 §e[SkyHanni] §lCLICK HERE§r§e to grab §ax361 §9§a⸕ Flawed Amber Gemstone§e from sacks!§r
21:54:10 §e[SkyHanni] §lCLICK HERE§r§e to grab §ax58 §9§9⸕ Fine Amber Gemstone§e from sacks!§r
21:56:18 §e[SkyHanni] The Perkpocalypse Mayor is not known! Click here to update the temporary Mayor.§r
21:56:59 §e[SkyHanni] §cYour Time Tower just expired and has 2 charges remaining. Click here to use one.§r
22:01:19 §e[SkyHanni] The Perkpocalypse Mayor is not known! Click here to update the temporary Mayor.§r
22:06:14 §e[SkyHanni] §b+1 SkyBlock XP §7(HOTM Progression§7)§b (45/100)§r
22:06:19 §e[SkyHanni] The Perkpocalypse Mayor is not known! Click here to update the temporary Mayor.§r
22:07:04 §e[SkyHanni] §b+13 SkyBlock XP §7(HOTM Progression§7)§b (45/100)§r
22:07:18 §e[SkyHanni] §b+3 SkyBlock XP §7(HOTM Progression§7)§b (45/100)§r
22:07:28 §e[SkyHanni] §b+22 SkyBlock XP §7(HOTM Progression§7)§b (45/100)§r
22:07:39 §e[SkyHanni] §b+3 SkyBlock XP §7(HOTM Progression§7)§b (43/100)§r
22:07:54 §e[SkyHanni] §b+8 SkyBlock XP §7(HOTM Progression§7)§b (44/100)§r
22:08:03 §e[SkyHanni] §b+1 SkyBlock XP §7(HOTM Progression§7)§b (45/100)§r
22:08:20 §6§lBESTIARY §r§b§lPurple Jerry §7§8VIII §8➡§b §bIX§r
22:11:10 §e[SkyHanni] §b+13 SkyBlock XP §7(HOTM Progression§7)§b (46/100)§r
22:11:14 §e[SkyHanni] §b+1 SkyBlock XP §7(HOTM Progression§7)§b (46/100)§r
22:11:19 §e[SkyHanni] The Perkpocalypse Mayor is not known! Click here to update the temporary Mayor.§r
22:11:27 §e[SkyHanni] §b+4 SkyBlock XP §7(HOTM Progression§7)§b (46/100)§r
22:11:53 §e[SkyHanni] §b+35 SkyBlock XP §7(HOTM Progression§7)§b (46/100)§r
22:12:02 §e[SkyHanni] §b+4 SkyBlock XP §7(HOTM Progression§7)§b (46/100)§r
22:12:07 §e[SkyHanni] §b+1 SkyBlock XP §7(HOTM Progression§7)§b (46/100)§r
22:12:14 §e[SkyHanni] §b+20 SkyBlock XP §7(HOTM Progression§7)§b (44/100)§r
22:12:18 §e[SkyHanni] §b+2 SkyBlock XP §7(HOTM Progression§7)§b (46/100)§r
22:12:21 §e[SkyHanni] §b+2 SkyBlock XP §7(HOTM Progression§7)§b (44/100)§r
22:13:18 §e[SkyHanni] §b+1 SkyBlock XP §7(HOTM Progression§7)§b (47/100)§r
22:16:20 §e[SkyHanni] The Perkpocalypse Mayor is not known! Click here to update the temporary Mayor.§r
22:17:38 §e[SkyHanni] §b+1 SkyBlock XP §7(HOTM Progression§7)§b (48/100)§r
22:21:21 §e[SkyHanni] The Perkpocalypse Mayor is not known! Click here to update the temporary Mayor.§r
22:21:47 §e[SkyHanni] §lCLICK HERE§r§e to grab §ax35 §9§aEnchanted Hard Stone§e from sacks!§r
22:23:33 §e[SkyHanni] §b+1 SkyBlock XP §7(HOTM Progression§7)§b (49/100)§r
22:26:22 §e[SkyHanni] The Perkpocalypse Mayor is not known! Click here to update the temporary Mayor.§r
22:30:30 §e[SkyHanni] §lCLICK HERE§r§e to grab §ax35 §9§aEnchanted Hard Stone§e from sacks!§r
22:31:22 §e[SkyHanni] The Perkpocalypse Mayor is not known! Click here to update the temporary Mayor.§r
22:35:09 §e[SkyHanni] §b+1 SkyBlock XP §7(HOTM Progression§7)§b (53/100)§r
22:36:23 §e[SkyHanni] The Perkpocalypse Mayor is not known! Click here to update the temporary Mayor.§r
22:37:31 §e[SkyHanni] §aTrevor §eis visiting your garden!§r
22:37:31 §e[SkyHanni] §aHornum §eis visiting your garden!§r
22:37:31 §e[SkyHanni] §aPlumber Joe §eis visiting your garden!§r
22:37:31 §e[SkyHanni] §6Sirius §eis visiting your garden!§r
22:37:31 §e[SkyHanni] §9Queen Mismyla §eis visiting your garden!§r
22:38:20 §e[SkyHanni] §lCLICK HERE§r§e to grab §ax35 §9§aEnchanted Hard Stone§e from sacks!§r
22:38:29 §e[SkyHanni] §lCLICK HERE§r§e to grab §ax16 §9§9Enchanted Melon Block§e from sacks!§r
22:41:24 §e[SkyHanni] The Perkpocalypse Mayor is not known! Click here to update the temporary Mayor.§r
22:43:23 §e[SkyHanni] §b+1 SkyBlock XP §7(HOTM Progression§7)§b (56/100)§r
22:45:15 §e[SkyHanni] §lCLICK HERE§r§e to grab §ax35 §9§aEnchanted Hard Stone§e from sacks!§r
22:46:09 §e[SkyHanni] §b+1 SkyBlock XP §7(HOTM Progression§7)§b (57/100)§r
22:46:25 §e[SkyHanni] The Perkpocalypse Mayor is not known! Click here to update the temporary Mayor.§r
22:49:54 §e[SkyHanni] §lCLICK HERE§r§e to grab §ax1 §9§aEnchanted Hard Stone§e from sacks!§r
22:49:55 §e[SkyHanni] §lCLICK HERE§r§e to grab §ax1 §9§aEnchanted Hard Stone§e from sacks!§r
22:49:56 §e[SkyHanni] §lCLICK HERE§r§e to grab §ax33 §9§aEnchanted Hard Stone§e from sacks!§r
22:51:25 §e[SkyHanni] The Perkpocalypse Mayor is not known! Click here to update the temporary Mayor.§r
22:51:25 §e[SkyHanni] §b+1 SkyBlock XP §7(HOTM Progression§7)§b (58/100)§r
22:56:26 §e[SkyHanni] The Perkpocalypse Mayor is not known! Click here to update the temporary Mayor.§r
22:56:37 §e[SkyHanni] §lCLICK HERE§r§e to grab §ax126 §9§aEnchanted Gold§e from sacks!§r
23:00:03 §e[SkyHanni] §b+1 SkyBlock XP §7(HOTM Progression§7)§b (61/100)§r
23:01:26 §e[SkyHanni] The Perkpocalypse Mayor is not known! Click here to update the temporary Mayor.§r
23:02:38 §e[SkyHanni] §b+1 SkyBlock XP §7(HOTM Progression§7)§b (62/100)§r
23:03:12 §e[SkyHanni] §lCLICK HERE§r§e to grab §ax35 §9§aEnchanted Hard Stone§e from sacks!§r
23:03:20 §e[SkyHanni] §lCLICK HERE§r§e to grab §ax126 §9§aEnchanted Coal§e from sacks!§r
23:03:27 §e[SkyHanni] §lCLICK HERE§r§e to grab §ax4 §9§9Enchanted Coal Block§e from sacks!§r
23:05:49 §e[SkyHanni] §b+11 SkyBlock XP §7(HOTM Progression§7)§b (61/100)§r
23:05:55 §e[SkyHanni] §b+29 SkyBlock XP §7(HOTM Progression§7)§b (61/100)§r
23:06:02 §e[SkyHanni] §b+13 SkyBlock XP §7(HOTM Progression§7)§b (59/100)§r
23:06:26 §e[SkyHanni] The Perkpocalypse Mayor is not known! Click here to update the temporary Mayor.§r
23:06:33 §e[SkyHanni] §b+3 SkyBlock XP §7(HOTM Progression§7)§b (62/100)§r
23:06:36 §e[SkyHanni] §b+18 SkyBlock XP §7(HOTM Progression§7)§b (62/100)§r
23:06:56 §e[SkyHanni] §b+22 SkyBlock XP §7(HOTM Progression§7)§b (62/100)§r
23:09:31 §e[SkyHanni] §b+4 SkyBlock XP §7(HOTM Progression§7)§b (62/100)§r
23:11:26 §e[SkyHanni] The Perkpocalypse Mayor is not known! Click here to update the temporary Mayor.§r
23:12:55 §e[SkyHanni] §lCLICK HERE§r§e to grab §ax259 §9§a❈ Flawed Amethyst Gemstone§e from sacks!§r
23:13:02 §e[SkyHanni] §lCLICK HERE§r§e to grab §ax5 §9§9❈ Fine Amethyst Gemstone§e from sacks!§r
23:16:27 §e[SkyHanni] The Perkpocalypse Mayor is not known! Click here to update the temporary Mayor.§r
23:21:27 §e[SkyHanni] The Perkpocalypse Mayor is not known! Click here to update the temporary Mayor.§r
23:26:28 §e[SkyHanni] The Perkpocalypse Mayor is not known! Click here to update the temporary Mayor.§r
