15:20:53 §e[SkyHanni] §aSkyHanni found a new update: 0.27 Beta 15. Check §b/sh download update §afor more info.§r
15:21:01 §e[SkyHanni] The Perkpocalypse Mayor is not known! Click here to update the temporary Mayor.§r
15:26:02 §e[SkyHanni] The Perkpocalypse Mayor is not known! Click here to update the temporary Mayor.§r
15:31:03 §e[SkyHanni] The Perkpocalypse Mayor is not known! Click here to update the temporary Mayor.§r
15:36:03 §e[SkyHanni] The Perkpocalypse Mayor is not known! Click here to update the temporary Mayor.§r
15:39:37 §e[SkyHanni] You have reached the maximum extra Superpairs clicks from this add-on!§r
15:40:55 §e[SkyHanni] You have reached the maximum extra Superpairs clicks from this add-on!§r
15:41:03 §e[SkyHanni] The Perkpocalypse Mayor is not known! Click here to update the temporary Mayor.§r
15:43:59 §e[SkyHanni] You have reached the maximum extra Superpairs clicks from this add-on!§r
15:44:48 §e[SkyHanni] You have reached the maximum extra Superpairs clicks from this add-on!§r
15:46:03 §e[SkyHanni] The Perkpocalypse Mayor is not known! Click here to update the temporary Mayor.§r
15:47:35 §e[SkyHanni] You have reached the maximum extra Superpairs clicks from this add-on!§r
15:48:17 §e[SkyHanni] You have reached the maximum extra Superpairs clicks from this add-on!§r
15:50:22 §e[SkyHanni] You have reached the maximum extra Superpairs clicks from this add-on!§r
15:50:54 §e[SkyHanni] You have reached the maximum extra Superpairs clicks from this add-on!§r
15:51:03 §e[SkyHanni] The Perkpocalypse Mayor is not known! Click here to update the temporary Mayor.§r
15:52:28 §e[SkyHanni] §b+3 SkyBlock XP §7(Accessory Bag§7)§b (94/100)§r
15:52:32 §e[SkyHanni] Talk to Maxwell and open the Tuning Page again to update the tuning data in scoreboard.§r
15:52:58 §e[SkyHanni] §9Gwendolyn §eis visiting your garden!§r
15:52:59 §e[SkyHanni] §aRhys §eis visiting your garden!§r
15:52:59 §e[SkyHanni] §aTerry §eis visiting your garden!§r
15:52:59 §e[SkyHanni] §aOringo §eis visiting your garden!§r
15:52:59 §e[SkyHanni] §9Queen Mismyla §eis visiting your garden!§r
15:53:00 §e[SkyHanni] Successfully loaded this year's contests from elitebot.dev automatically!§r
15:54:19 §6§lBESTIARY §r§b§lCricket §7§8X §8➡§b §bXI§r
15:56:04 §e[SkyHanni] The Perkpocalypse Mayor is not known! Click here to update the temporary Mayor.§r
15:56:22 §e[SkyHanni] Loaded Nether Wart milestone data from tab list!§r
15:57:04 §e[SkyHanni] §aEmissary Carlton §eis visiting your garden!§r
16:01:01 §e[SkyHanni] §aGeonathan Greatforge §eis visiting your garden!§r
16:01:04 §e[SkyHanni] The Perkpocalypse Mayor is not known! Click here to update the temporary Mayor.§r
16:02:31 §e[SkyHanni] Loaded Melon milestone data from tab list!§r
16:05:26 §e[SkyHanni] §aEmissary Fraiser §eis visiting your garden!§r
16:05:56 §e[SkyHanni] §lCLICK HERE§r§e to grab §ax6 §9§9Enchanted Melon Block§e from sacks!§r
16:06:05 §e[SkyHanni] The Perkpocalypse Mayor is not known! Click here to update the temporary Mayor.§r
16:10:02 §e[SkyHanni] §9Shifty §eis visiting your garden!§r
16:11:06 §e[SkyHanni] The Perkpocalypse Mayor is not known! Click here to update the temporary Mayor.§r
16:11:31 §e[SkyHanni] §lCLICK HERE§r§e to grab §ax4 §9§9Enchanted Melon Block§e from sacks!§r
16:15:01 §e[SkyHanni] Started tracking your Jacob Contest Blocks Per Second!§r
16:15:05 §e[SkyHanni] Loaded Mushroom milestone data from tab list!§r
16:16:11 §e[SkyHanni] §aTerry §eis visiting your garden!§r
16:19:23 §e[SkyHanni] §9Fragilis §eis visiting your garden!§r
16:24:08 §e[SkyHanni] Loaded Cactus milestone data from tab list!§r
16:26:47 §e[SkyHanni] §cYour Time Tower just expired and has 2 charges remaining. Click here to use one.§r
16:35:00 §e[SkyHanni] Stats for Mushroom Contest:§r
16:35:00 §e[SkyHanni] §7Blocks Broken in total: §e17.961§r
16:35:00 §e[SkyHanni] §7Average Blocks Per Second: §a14.99§r
16:35:00 §e[SkyHanni] §7Participated for §b19m 58s§r
16:35:01 §e[SkyHanni] The Perkpocalypse Mayor is not known! Click here to update the temporary Mayor.§r
16:35:13 §e[SkyHanni] This is §63.01☘ Mushroom Fortune §emore than previously!§r
16:40:01 §e[SkyHanni] The Perkpocalypse Mayor is not known! Click here to update the temporary Mayor.§r
16:43:12 §e[SkyHanni] Loaded Cocoa Beans milestone data from tab list!§r
16:45:02 §e[SkyHanni] The Perkpocalypse Mayor is not known! Click here to update the temporary Mayor.§r
16:47:52 §e[SkyHanni] §lCLICK HERE§r§e to grab §ax1 §9§9Enchanted Cookie§e from sacks!§r
16:48:08 §e[SkyHanni] §aPest Wrangler §eis visiting your garden!§r
16:50:03 §e[SkyHanni] The Perkpocalypse Mayor is not known! Click here to update the temporary Mayor.§r
16:52:44 §e[SkyHanni] §aJamie §eis visiting your garden!§r
16:53:27 §e[SkyHanni] Loaded Pumpkin milestone data from tab list!§r
16:54:45 §6§lBESTIARY §r§b§lGreen Jerry §7§8VI §8➡§b §bVII§r
16:55:03 §e[SkyHanni] The Perkpocalypse Mayor is not known! Click here to update the temporary Mayor.§r
16:56:25 §e[SkyHanni] §lCLICK HERE§r§e to grab §ax12 §9§9Enchanted Melon Block§e from sacks!§r
16:56:27 §e[SkyHanni] §aPlumber Joe §eis visiting your garden!§r
16:58:54 §e[SkyHanni] §lCLICK HERE§r§e to grab §ax3 §9§9Enchanted Melon Block§e from sacks!§r
17:00:04 §e[SkyHanni] The Perkpocalypse Mayor is not known! Click here to update the temporary Mayor.§r
17:00:22 §e[SkyHanni] Loaded Wheat milestone data from tab list!§r
17:00:46 §e[SkyHanni] §aFelix §eis visiting your garden!§r
17:05:04 §e[SkyHanni] The Perkpocalypse Mayor is not known! Click here to update the temporary Mayor.§r
17:06:01 §e[SkyHanni] §aGuy §eis visiting your garden!§r
17:07:31 §e[SkyHanni] §lCLICK HERE§r§e to grab §ax1 §9§9Enchanted Cactus§e from sacks!§r
17:07:41 §e[SkyHanni] §lCLICK HERE§r§e to grab §ax2 §9§9Enchanted Cactus§e from sacks!§r
17:08:01 §e[SkyHanni] §lCLICK HERE§r§e to grab §ax1 §9§9Enchanted Brown Mushroom Block§e from sacks!§r
17:08:01 §e[SkyHanni] §lCLICK HERE§r§e to grab §ax1 §9§9Enchanted Brown Mushroom Block§e from sacks!§r
17:08:02 §e[SkyHanni] §lCLICK HERE§r§e to grab §ax1 §9§9Enchanted Brown Mushroom Block§e from sacks!§r
17:08:02 §e[SkyHanni] §lCLICK HERE§r§e to grab §ax1 §9§9Enchanted Brown Mushroom Block§e from sacks!§r
17:08:03 §e[SkyHanni] §lCLICK HERE§r§e to grab §ax1 §9§9Enchanted Brown Mushroom Block§e from sacks!§r
17:10:04 §e[SkyHanni] The Perkpocalypse Mayor is not known! Click here to update the temporary Mayor.§r
17:10:34 §e[SkyHanni] §lCLICK HERE§r§e to grab §ax69 §9§9Enchanted Brown Mushroom Block§e from sacks!§r
17:10:40 §e[SkyHanni] §lCLICK HERE§r§e to grab §ax93 §9§9Enchanted Red Mushroom Block§e from sacks!§r
17:11:16 §e[SkyHanni] §9Emissary Sisko §eis visiting your garden!§r
17:11:47 §e[SkyHanni] §b+1 SkyBlock XP §7(HOTM Progression§7)§b (1/100)§r
17:14:04 §e[SkyHanni] Loaded Potato milestone data from tab list!§r
17:15:05 §e[SkyHanni] The Perkpocalypse Mayor is not known! Click here to update the temporary Mayor.§r
17:15:17 §e[SkyHanni] Started tracking your Jacob Contest Blocks Per Second!§r
17:16:20 §e[SkyHanni] §aLiam §eis visiting your garden!§r
17:20:20 §e[SkyHanni] §9Shifty §eis visiting your garden!§r
17:20:38 §6§lBESTIARY §r§b§lMosquito §7§8XI §8➡§b §bXII§r
17:23:51 §e[SkyHanni] §9Bartender §eis visiting your garden!§r
17:26:06 §e[SkyHanni] Loaded Sugar Cane milestone data from tab list!§r
17:26:55 §e[SkyHanni] §cYour Time Tower just expired and has 1 charge remaining. Click here to use one.§r
17:28:04 §e[SkyHanni] §aArthur §eis visiting your garden!§r
17:31:49 §e[SkyHanni] §aHornum §eis visiting your garden!§r
17:32:00 §e[SkyHanni] §b+1 SkyBlock XP §7(Crop Milestones§7)§b (5/100)§r
17:34:59 §e[SkyHanni] Stats for Nether Wart Contest:§r
17:34:59 §e[SkyHanni] §7Blocks Broken in total: §e3.543§r
17:34:59 §e[SkyHanni] §7Average Blocks Per Second: §a3.0§r
17:34:59 §e[SkyHanni] §7Participated for §b19m 41s§r
17:35:00 §e[SkyHanni] The Perkpocalypse Mayor is not known! Click here to update the temporary Mayor.§r
17:37:11 §e[SkyHanni] §9Tammy §eis visiting your garden!§r
17:37:23 §e[SkyHanni] §lCLICK HERE§r§e to grab §ax1 §9§9Enchanted Sugar Cane§e from sacks!§r
17:37:24 §e[SkyHanni] §lCLICK HERE§r§e to grab §ax1 §9§9Enchanted Sugar Cane§e from sacks!§r
17:37:24 §e[SkyHanni] §lCLICK HERE§r§e to grab §ax1 §9§9Enchanted Sugar Cane§e from sacks!§r
17:40:00 §e[SkyHanni] The Perkpocalypse Mayor is not known! Click here to update the temporary Mayor.§r
17:42:56 §e[SkyHanni] §6Madame Eleanor Q. Goldsworth III §eis visiting your garden!§r
17:45:01 §e[SkyHanni] The Perkpocalypse Mayor is not known! Click here to update the temporary Mayor.§r
17:48:24 §e[SkyHanni] §aTom §eis visiting your garden!§r
17:50:01 §e[SkyHanni] The Perkpocalypse Mayor is not known! Click here to update the temporary Mayor.§r
17:52:16 §e[SkyHanni] §b+13 SkyBlock XP §7(HOTM Progression§7)§b (6/100)§r
17:52:37 §e[SkyHanni] §b+6 SkyBlock XP §7(HOTM Progression§7)§b (6/100)§r
17:52:52 §e[SkyHanni] §b+4 SkyBlock XP §7(HOTM Progression§7)§b (6/100)§r
17:53:03 §e[SkyHanni] §b+13 SkyBlock XP §7(HOTM Progression§7)§b (96/100)§r
17:53:19 §e[SkyHanni] §b+10 SkyBlock XP §7(HOTM Progression§7)§b (6/100)§r
17:53:39 §e[SkyHanni] §b+16 SkyBlock XP §7(HOTM Progression§7)§b (4/100)§r
17:55:02 §e[SkyHanni] The Perkpocalypse Mayor is not known! Click here to update the temporary Mayor.§r
17:55:10 §e[SkyHanni] §b+1 SkyBlock XP §7(HOTM Progression§7)§b (7/100)§r
