11:35:04 GARDEN
11:35:11 NONE
11:35:11 DWARVEN_MINES
11:36:54 NONE
11:36:54 GARDEN
11:40:58 NONE
11:40:58 PRIVATE_ISLAND
11:54:21 NONE
11:54:21 GARDEN
13:31:33 NONE
13:31:38 GARDEN
13:35:16 NONE
13:35:18 HUB
13:35:35 NONE
13:35:35 GARDEN
14:11:19 NONE
14:11:21 HUB
14:12:26 NONE
14:12:27 GARDEN
14:16:08 NONE
14:16:08 THE_FARMING_ISLANDS
14:17:22 NONE
14:17:22 PRIVATE_ISLAND
14:25:43 NONE
14:25:43 THE_FARMING_ISLANDS
14:26:31 NONE
14:26:31 GARDEN
14:38:31 NONE
14:38:34 DWARVEN_MINES
15:03:12 NONE
15:03:12 GARDEN
15:06:04 NONE
15:06:07 DWARVEN_MINES
15:07:16 NONE
15:07:17 CRYSTAL_HOLLOWS
15:09:33 NONE
15:09:33 PRIVATE_ISLAND
15:09:37 NONE
15:09:38 CRYSTAL_HOLLOWS
15:15:28 NONE
15:15:28 PRIVATE_ISLAND
15:15:32 NONE
15:15:32 CRYSTAL_HOLLOWS
15:17:52 NONE
15:17:52 PRIVATE_ISLAND
15:17:55 NONE
15:17:55 CRYSTAL_HOLLOWS
15:20:38 NONE
15:20:38 PRIVATE_ISLAND
15:20:42 NONE
15:20:42 CRYSTAL_HOLLOWS
15:29:36 NONE
15:29:37 GARDEN
15:31:06 NONE
15:31:07 PRIVATE_ISLAND_GUEST
15:31:09 NONE
15:31:10 CRIMSON_ISLE
15:56:42 NONE
15:57:37 CRIMSON_ISLE
15:57:47 NONE
15:57:47 GARDEN
15:58:06 NONE
15:58:06 DWARVEN_MINES
16:10:08 NONE
16:10:09 PRIVATE_ISLAND
16:10:12 NONE
16:10:14 DWARVEN_MINES
16:10:32 NONE
16:10:56 DWARVEN_MINES
16:18:19 NONE
16:18:19 GARDEN
