13:33:14 [GARDEN_VISITOR_MESSAGE] §e[NPC] §aPest Wrangler§f: §r§fThere's pests everywhere. I can smell 'em in the walls!
13:33:23 [GARDEN_VISITOR_MESSAGE] §e[NPC] §aPest Wrangler§f: §r§fThanks mate, this should help me catch 'em!
13:33:27 [GARDEN_VISITOR_MESSAGE] §e[NPC] §aPlumber Joe§f: §r§fI once dumped a magical water bucket into the toilet. It won't stop overflowing. Anyway, you got something for me?
13:33:29 [GARDEN_VISITOR_MESSAGE] §e[NPC] §aHornum§f: §r§fBuurrrp!
13:33:33 [GARDEN_VISITOR_MESSAGE] §e[NPC] §9Queen Mismyla§f: §r§fThe King made me go grocery shopping. Me! Can you believe that? He has a pair of perfectly good legs, and still, here I am.
13:33:36 [GARDEN_VISITOR_MESSAGE] §e[NPC] §aRyu§f: §r§fDid you know that there is a Garden Level? Increase it by hitting milestones or selling to customers like me!
13:36:52 [NEW_VISITOR_ARRIVED] §6§r§6Pest Wrangler? §r§ehas arrived on your §r§aGarden§r§e!
13:37:03 [GARDEN_VISITOR_MESSAGE] §e[NPC] §6Pest Wrangler?§f: §r§f§7§oThe figure hands you a slip of paper.
13:37:14 [GARDEN_VISITOR_MESSAGE] §e[NPC] §6Pest Wrangler?§f: §r§f§7§oThe figure nods at you and shambles away.
13:37:22 [GARDEN_VISITOR_MESSAGE] §e[NPC] §aPlumber Joe§f: §r§fThanks. That should help me fix my water troubles.
13:43:15 [NEW_VISITOR_ARRIVED] §a§r§aLynn §r§ehas arrived on your §r§aGarden§r§e!
13:46:17 [GARDEN_VISITOR_MESSAGE] §e[NPC] §aLynn§f: §r§fIf you ever get lost, you should check on the Desk on what to do next.
13:46:20 [GARDEN_VISITOR_MESSAGE] §e[NPC] §aLynn§f: §r§fHave a good one.
13:46:25 [GARDEN_VISITOR_MESSAGE] §e[NPC] §9Queen Mismyla§f: §r§fThe King made me go grocery shopping. Me! Can you believe that? He has a pair of perfectly good legs, and still, here I am.
13:46:35 [GARDEN_VISITOR_MESSAGE] §e[NPC] §9Queen Mismyla§f: §r§fI bet when I am back, they are all still sitting around that table! All day, every day! It's ludicrous!
13:47:40 [NEW_VISITOR_ARRIVED] §a§r§aTerry §r§ehas arrived on your §r§aGarden§r§e!
13:51:05 [GARDEN_VISITOR_MESSAGE] §e[NPC] §aRyu§f: §r§fDid you know that there is a Garden Level? Increase it by hitting milestones or selling to customers like me!
13:51:07 [GARDEN_VISITOR_MESSAGE] §e[NPC] §aRyu§f: §r§fGood trade!
13:51:07 [GARDEN_VISITOR_MESSAGE] §e[NPC] §aHornum§f: §r§fBuurrrp!
13:51:09 [GARDEN_VISITOR_MESSAGE] §e[NPC] §aHornum§f: §r§fBURP!?!
13:51:10 [GARDEN_VISITOR_MESSAGE] §e[NPC] §aTerry§f: §r§fAhoy, §bEduardaStarZ§f! People always tell me they like ice cream, but ice never really tastes like anything for me!
13:51:25 [NEW_VISITOR_ARRIVED] §9§r§9Shifty §r§ehas arrived on your §r§aGarden§r§e!
13:51:29 [GARDEN_VISITOR_MESSAGE] §e[NPC] §9Shifty§f: §r§fIt seems like my brew selection is rather small...I've recently heard that melon juice is really sought after so maybe it can enhance my drinks' flavors!
13:55:09 [NEW_VISITOR_ARRIVED] §a§r§aJamie §r§ehas arrived on your §r§aGarden§r§e!
13:55:34 [GARDEN_VISITOR_MESSAGE] §e[NPC] §aJamie§f: §r§fYou might have noticed that you can purchase additional plots within your Desk in the Barn!
13:55:37 [GARDEN_VISITOR_MESSAGE] §e[NPC] §aJamie§f: §r§fThank you! Until next time!
13:55:49 [GARDEN_VISITOR_MESSAGE] §e[NPC] §aTerry§f: §r§fYou are saying I need to combine these items with ice to have a taste? I'll believe it when I see it!
13:59:33 [NEW_VISITOR_ARRIVED] §9§r§9Tammy §r§ehas arrived on your §r§aGarden§r§e!
13:59:57 [GARDEN_VISITOR_MESSAGE] §e[NPC] §9Shifty§f: §r§fWell done! I'm sure that even Sirius will enjoy my revolutionary melon refreshments.
13:59:58 [GARDEN_VISITOR_MESSAGE] §e[NPC] §9Tammy§f: §r§fI've been planning to build a trap for unaware animals so I can hunt them more efficiently. I really need some cactus, preferably the ones with the biggest spikes!
14:02:36 [BESTIARY] §f                                  §6§lBESTIARY
14:02:36 [BESTIARY] §f                                §b§lRat §7§8XI §8➡§b §bXII
14:02:36 [BESTIARY] 
14:02:36 [BESTIARY] §f                                  §r§6§lREWARDS
14:02:36 [BESTIARY] §f                          §r§6+0.4☘ Farming Fortune
14:02:36 [BESTIARY] §f                                §r§8+§r§62% §r§aRat §r§7coins
14:02:36 [BESTIARY] §f                    §r§8+§r§a50% §r§7chance for extra XP orbs
14:02:36 [BESTIARY] §f                               §r§8+§r§b1 SkyBlock XP
14:02:36 [BESTIARY] 
14:02:36 [BESTIARY] §3§l▬▬▬▬▬▬▬▬▬▬▬▬▬▬▬▬▬▬▬▬▬▬▬▬▬▬▬▬▬▬▬▬▬▬▬▬▬▬▬▬▬▬▬▬▬▬▬▬▬▬▬▬▬▬▬▬▬▬▬▬▬▬▬▬
14:04:11 [NEW_VISITOR_ARRIVED] §a§r§aHornum §r§ehas arrived on your §r§aGarden§r§e!
14:04:50 [GARDEN_VISITOR_MESSAGE] §e[NPC] §aHornum§f: §r§fBuurrrp!
14:04:52 [GARDEN_VISITOR_MESSAGE] §e[NPC] §9Tammy§f: §r§fI've been planning to build a trap for unaware animals so I can hunt them more efficiently. I really need some cactus, preferably the ones with the biggest spikes!
14:05:47 [GARDEN_VISITOR_MESSAGE] §e[NPC] §9Tammy§f: §r§fAmazing! Thanks for taking the time! Now, time to finish my Cactus Trap...and hopefully it boosts my pelt earnings.
14:05:54 [GARDEN_VISITOR_MESSAGE] §e[NPC] §aHornum§f: §r§fBURP!?!
14:43:40 [BESTIARY] §f                                  §6§lBESTIARY
14:43:40 [BESTIARY] §f                          §b§lGolden Jerry §7§8IV §8➡§b §bV
14:43:40 [BESTIARY] 
14:43:40 [BESTIARY] §f                                  §r§6§lREWARDS
14:43:40 [BESTIARY] §f                      §r§8+§r§a2 §r§6Golden Jerry §r§b✯ Magic Find
14:43:40 [BESTIARY] §f                      §r§8+§r§a2 §r§6Golden Jerry §r§c❁ Strength
14:43:40 [BESTIARY] §f                          §r§8+§r§62% §r§a§r§6Golden Jerry §r§7coins
14:43:40 [BESTIARY] §f                    §r§8+§r§a50% §r§7chance for extra XP orbs
14:43:40 [BESTIARY] §f                               §r§8+§r§b1 SkyBlock XP
14:43:40 [BESTIARY] 
14:43:40 [BESTIARY] §3§l▬▬▬▬▬▬▬▬▬▬▬▬▬▬▬▬▬▬▬▬▬▬▬▬▬▬▬▬▬▬▬▬▬▬▬▬▬▬▬▬▬▬▬▬▬▬▬▬▬▬▬▬▬▬▬▬▬▬▬▬▬▬▬▬
15:24:49 [BESTIARY] §f                                  §6§lBESTIARY
15:24:49 [BESTIARY] §f                                 §b§lBal §7§8IX §8➡§b §bX
15:24:49 [BESTIARY] 
15:24:49 [BESTIARY] §f                                  §r§6§lREWARDS
15:24:49 [BESTIARY] §f                            §r§8+§r§a3 §r§c§lBal §r§b✯ Magic Find
15:24:49 [BESTIARY] §f                            §r§8+§r§a3 §r§c§lBal §r§c❁ Strength
15:24:49 [BESTIARY] §f                                §r§8+§r§62% §r§a§r§c§lBal §r§7coins
15:24:49 [BESTIARY] §f                    §r§8+§r§a50% §r§7chance for extra XP orbs
15:24:49 [BESTIARY] §f                               §r§8+§r§b1 SkyBlock XP
15:24:49 [BESTIARY] 
15:24:49 [BESTIARY] §3§l▬▬▬▬▬▬▬▬▬▬▬▬▬▬▬▬▬▬▬▬▬▬▬▬▬▬▬▬▬▬▬▬▬▬▬▬▬▬▬▬▬▬▬▬▬▬▬▬▬▬▬▬▬▬▬▬▬▬▬▬▬▬▬▬
15:29:42 [BESTIARY] §f                                  §6§lBESTIARY
15:29:42 [BESTIARY] §f                         §b§lKey Guardian §7§8III §8➡§b §bIV
15:29:42 [BESTIARY] 
15:29:42 [BESTIARY] §f                                  §r§6§lREWARDS
15:29:42 [BESTIARY] §f                      §r§8+§r§a2 Key Guardian §r§b✯ Magic Find
15:29:42 [BESTIARY] §f                      §r§8+§r§a2 Key Guardian §r§c❁ Strength
15:29:42 [BESTIARY] §f                          §r§8+§r§62% §r§aKey Guardian §r§7coins
15:29:42 [BESTIARY] §f                    §r§8+§r§a50% §r§7chance for extra XP orbs
15:29:42 [BESTIARY] §f                               §r§8+§r§b1 SkyBlock XP
15:29:42 [BESTIARY] 
15:29:42 [BESTIARY] §3§l▬▬▬▬▬▬▬▬▬▬▬▬▬▬▬▬▬▬▬▬▬▬▬▬▬▬▬▬▬▬▬▬▬▬▬▬▬▬▬▬▬▬▬▬▬▬▬▬▬▬▬▬▬▬▬▬▬▬▬▬▬▬▬▬
15:32:45 [GARDEN_VISITOR_MESSAGE] §e[NPC] §aFriendly Hiker§f: §r§fI'm planning to head back into the gorge to fetch my hiker friend, but I'll need some meat to cook before I head in there.
15:33:10 [GARDEN_VISITOR_MESSAGE] §e[NPC] §aFriendly Hiker§f: §r§fThanks! I'll be heading to look for him as soon as possible.
15:33:15 [GARDEN_VISITOR_MESSAGE] §e[NPC] §aAdventurer§f: §r§fExploring the whole wide world makes me hungry, I could take some fresh potatoes.
15:33:17 [GARDEN_VISITOR_MESSAGE] §e[NPC] §aMason§f: §r§fI paid for one of Treasure Hunter's tips today and again, it only led me to a dirty shoelace. His tips are just not worth it...
15:33:21 [GARDEN_VISITOR_MESSAGE] §e[NPC] §aRoyal Resident§f: §r§fMy neighbor told me to get off his property, but he doesn't even own this place!
15:34:51 [GARDEN_VISITOR_MESSAGE] §e[NPC] §aRoyal Resident§f: §rMaybe I have to talk to the King about him. He is going too far. I think the current King is §l§6Redros§f.
