13:30:07 §e[SkyHanni] §aSkyHanni found a new update: 0.27. Check §b/sh download update §afor more info.§r
13:30:18 §e[SkyHanni] The Perkpocalypse Mayor is not known! Click here to update the temporary Mayor.§r
13:33:10 §e[SkyHanni] §aHornum §eis visiting your garden!§r
13:33:10 §e[SkyHanni] §aPlumber Joe §eis visiting your garden!§r
13:33:10 §e[SkyHanni] §9Queen Mismyla §eis visiting your garden!§r
13:33:10 §e[SkyHanni] §aRyu §eis visiting your garden!§r
13:33:10 §e[SkyHanni] §aPest Wrangler §eis visiting your garden!§r
13:35:19 §e[SkyHanni] The Perkpocalypse Mayor is not known! Click here to update the temporary Mayor.§r
13:36:54 §e[SkyHanni] §6Pest Wrangler? §eis visiting your garden!§r
13:40:20 §e[SkyHanni] The Perkpocalypse Mayor is not known! Click here to update the temporary Mayor.§r
13:43:16 §e[SkyHanni] §aLynn §eis visiting your garden!§r
13:44:03 §e[SkyHanni] §lCLICK HERE§r§e to grab §ax2 §9§9Box of Seeds§e from sacks!§r
13:45:20 §e[SkyHanni] The Perkpocalypse Mayor is not known! Click here to update the temporary Mayor.§r
13:46:32 §e[SkyHanni] §lCLICK HERE§r§e to grab §ax1 §9§9Enchanted Melon Block§e from sacks!§r
13:46:33 §e[SkyHanni] §lCLICK HERE§r§e to grab §ax1 §9§9Enchanted Melon Block§e from sacks!§r
13:46:34 §e[SkyHanni] §lCLICK HERE§r§e to grab §ax4 §9§9Enchanted Melon Block§e from sacks!§r
13:47:43 §e[SkyHanni] §aTerry §eis visiting your garden!§r
13:50:20 §e[SkyHanni] The Perkpocalypse Mayor is not known! Click here to update the temporary Mayor.§r
13:50:56 §e[SkyHanni] §lCLICK HERE§r§e to grab §ax50 §9§aEnchanted Hay Bale§e from sacks!§r
13:51:28 §e[SkyHanni] §9Shifty §eis visiting your garden!§r
13:51:46 §e[SkyHanni] Loaded Melon milestone data from tab list!§r
13:55:10 §e[SkyHanni] §aJamie §eis visiting your garden!§r
13:55:20 §e[SkyHanni] The Perkpocalypse Mayor is not known! Click here to update the temporary Mayor.§r
13:55:46 §e[SkyHanni] §lCLICK HERE§r§e to grab §ax6 §9§9Enchanted Melon Block§e from sacks!§r
13:59:34 §e[SkyHanni] §9Tammy §eis visiting your garden!§r
13:59:56 §e[SkyHanni] §lCLICK HERE§r§e to grab §ax4 §9§9Enchanted Melon Block§e from sacks!§r
14:00:20 §e[SkyHanni] The Perkpocalypse Mayor is not known! Click here to update the temporary Mayor.§r
14:00:58 §e[SkyHanni] Loaded Cactus milestone data from tab list!§r
14:02:36 §6§lBESTIARY §r§b§lRat §7§8XI §8➡§b §bXII§r
14:04:13 §e[SkyHanni] §aHornum §eis visiting your garden!§r
14:05:20 §e[SkyHanni] The Perkpocalypse Mayor is not known! Click here to update the temporary Mayor.§r
14:10:21 §e[SkyHanni] The Perkpocalypse Mayor is not known! Click here to update the temporary Mayor.§r
14:15:21 §e[SkyHanni] The Perkpocalypse Mayor is not known! Click here to update the temporary Mayor.§r
14:17:41 §e[SkyHanni] Located a Lapis Corpse and marked its location with a waypoint.§r
14:18:06 §e[SkyHanni] Located a Lapis Corpse and marked its location with a waypoint.§r
14:18:06 §e[SkyHanni] Profit for §9Lapis Corpse§e: §6258k§r
14:18:15 §e[SkyHanni] Profit for §9Lapis Corpse§e: §623k§r
14:18:16 §e[SkyHanni] §b+1 SkyBlock XP §7(HOTM Progression§7)§b (7/100)§r
14:20:22 §e[SkyHanni] The Perkpocalypse Mayor is not known! Click here to update the temporary Mayor.§r
14:25:22 §e[SkyHanni] The Perkpocalypse Mayor is not known! Click here to update the temporary Mayor.§r
14:30:22 §e[SkyHanni] The Perkpocalypse Mayor is not known! Click here to update the temporary Mayor.§r
14:35:23 §e[SkyHanni] The Perkpocalypse Mayor is not known! Click here to update the temporary Mayor.§r
14:35:32 §e[SkyHanni] Located a Lapis Corpse and marked its location with a waypoint.§r
14:35:36 §e[SkyHanni] Located an Umber Corpse and marked its location with a waypoint.§r
14:35:48 §e[SkyHanni] Located a Tungsten Corpse and marked its location with a waypoint.§r
14:35:58 §e[SkyHanni] Profit for §9Lapis Corpse§e: §6142k§r
14:35:58 §e[SkyHanni] §b+1 SkyBlock XP §7(HOTM Progression§7)§b (12/100)§r
14:40:24 §e[SkyHanni] The Perkpocalypse Mayor is not known! Click here to update the temporary Mayor.§r
14:43:40 §6§lBESTIARY §r§b§lGolden Jerry §7§8IV §8➡§b §bV§r
14:45:24 §e[SkyHanni] The Perkpocalypse Mayor is not known! Click here to update the temporary Mayor.§r
14:50:25 §e[SkyHanni] The Perkpocalypse Mayor is not known! Click here to update the temporary Mayor.§r
14:55:26 §e[SkyHanni] The Perkpocalypse Mayor is not known! Click here to update the temporary Mayor.§r
15:00:26 §e[SkyHanni] The Perkpocalypse Mayor is not known! Click here to update the temporary Mayor.§r
15:01:45 §e[SkyHanni] §b+4 SkyBlock XP §7(Nucleus Run§7)§b (19/100)§r
15:04:27 §e[SkyHanni] §fYou were in Limbo for §e2s§f.§r
15:05:26 §e[SkyHanni] The Perkpocalypse Mayor is not known! Click here to update the temporary Mayor.§r
15:10:27 §e[SkyHanni] The Perkpocalypse Mayor is not known! Click here to update the temporary Mayor.§r
15:15:28 §e[SkyHanni] The Perkpocalypse Mayor is not known! Click here to update the temporary Mayor.§r
15:20:29 §e[SkyHanni] The Perkpocalypse Mayor is not known! Click here to update the temporary Mayor.§r
15:24:49 §6§lBESTIARY §r§b§lBal §7§8IX §8➡§b §bX§r
15:25:29 §e[SkyHanni] The Perkpocalypse Mayor is not known! Click here to update the temporary Mayor.§r
15:27:02 §e[SkyHanni] §b+4 SkyBlock XP §7(Nucleus Run§7)§b (24/100)§r
15:27:39 §e[SkyHanni] §lCLICK HERE§r§e to grab §ax35 §9§aEnchanted Hard Stone§e from sacks!§r
15:27:56 §e[SkyHanni] §lCLICK HERE§r§e to grab §ax1 §9§aEnchanted Hard Stone§e from sacks!§r
15:29:42 §6§lBESTIARY §r§b§lKey Guardian §7§8III §8➡§b §bIV§r
15:30:30 §e[SkyHanni] The Perkpocalypse Mayor is not known! Click here to update the temporary Mayor.§r
15:31:32 §e[SkyHanni] §b+6 SkyBlock XP §7(Accessory Bag§7)§b (30/100)§r
15:32:38 §e[SkyHanni] §9Royal Resident §eis visiting your garden!§r
15:32:38 §e[SkyHanni] §aFriendly Hiker §eis visiting your garden!§r
15:32:38 §e[SkyHanni] §aMason §eis visiting your garden!§r
15:32:38 §e[SkyHanni] §aAdventurer §eis visiting your garden!§r
15:33:40 §e[SkyHanni] §lCLICK HERE§r§e to grab §ax2 §9§9Box of Seeds§e from sacks!§r
15:35:31 §e[SkyHanni] The Perkpocalypse Mayor is not known! Click here to update the temporary Mayor.§r
