20:30:32 [allowed] §f §r§r§r§f §r§r§r§1 §r§r§r§0 §r§r§r§2 §r§r§r§f §r§r§r§f §r§r§r§2 §r§r§r§0 §r§r§r§4 §r§r§r§3 §r§r§r§9 §r§r§r§2 §r§r§r§0 §r§r§r§0 §r§r§r§3 §r§r§r§9 §r§r§r§2 §r§r§r§0 §r§r§r§0 §r§r§r§3 §r§r§r§9 §r§r§r§2 §r§r§r§0 §r§r§r§0 
20:30:32 [allowed] §b[MVP§c+§b] EduardaStarZ§f §6spooked into the lobby!
20:30:33 [allowed] §aYou have §b44 §aunclaimed leveling rewards!
20:30:33 [allowed] §eClick here to view them!
20:30:33 [allowed] §aYou have §614 §aunclaimed achievement rewards!
20:30:33 [allowed] §eClick here to view them!
20:30:40 [allowed] §7Sending to server mini191AK...
20:30:40 [allowed] §8 §r§8 §r§1 §r§3 §r§3 §r§7 §r§8 
20:30:42 [allowed] 
20:30:43 [allowed] §eWelcome to §r§aHypixel SkyBlock§r§e!
20:30:43 [allowed] 
20:30:43 [allowed] §6§lMAINTENANCE!
20:30:43 [allowed] §7 SkyBlock will be temporarily unavailable on §r§eOctober 21st @ 12am EDT §r§7for maintenance.
20:30:43 [allowed] §7 Check the status page for more info: §r§b§nhttps://status.hypixel.net
20:30:43 [allowed] §eLatest update: §bSkyBlock v0.20.6 §e§lCLICK
20:30:44 [allowed] §aYou are playing on profile: §eKiwi§b (Co-op)
20:30:44 [allowed] §8Profile ID: 5c4529cf-354b-4614-bade-d7b413bac13c
20:31:08 [allowed] §cThere are blocks in the way!
20:31:08 [allowed] §cThere are blocks in the way!
20:31:44 [allowed] §8[§r§738§r§8] §r§b[MVP§c+§b] Bubblegumtech6§f§r§f: how does one kill the things in the mist?
20:31:54 [allowed] §8[§r§f61§r§8] §r§7▒ §r§b[MVP§f+§b] _OnlyOlyjan§f§r§f: they are very string
20:31:56 [allowed] §8[§r§f61§r§8] §r§7▒ §r§b[MVP§f+§b] _OnlyOlyjan§f§r§f: *strong
20:31:59 [allowed] §8[§r§f61§r§8] §r§7▒ §r§b[MVP§f+§b] _OnlyOlyjan§f§r§f: ghosts have 1m hp
20:32:11 [allowed] §8[§r§f61§r§8] §r§7▒ §r§b[MVP§f+§b] _OnlyOlyjan§f§r§f: and do like 1000 dmg in an aura around them
20:32:12 [allowed] §aYou summoned your §r§dMithril Golem§r§a!
20:32:29 [allowed] §8[§r§738§r§8] §r§b[MVP§c+§b] Bubblegumtech6§f§r§f: ok so i just need to be stronger
20:32:30 [allowed] §8[§r§738§r§8] §r§b[MVP§c+§b] Bubblegumtech6§f§r§f: thx
20:32:39 [allowed] §8[§r§f61§r§8] §r§7▒ §r§b[MVP§f+§b] _OnlyOlyjan§f§r§f: but generally to kill them ppl use soul whip, gs or dark claymore
20:33:04 [allowed] §b§lCOMPACT! §r§fYou found an §r§9Enchanted Mithril§r§f!
20:33:13 [allowed] §6[Sacks] §r§a+236§r§e items§r§e.§r§8 (Last 30s.)
20:33:33 [allowed] §c ☠ §r§7§r§bCaddyagain§r§7 was killed by Glacite Walker§r§7§r§7.
20:33:44 [allowed] §a§lLAVA SPRINGS TITANIUM §r§eCommission Complete! Visit the King §r§eto claim your rewards!
20:33:46 [allowed] §6[Sacks] §r§a+14§r§e items§r§e.§r§8 (Last 30s.)
20:33:56 [allowed] §b§lCOMPACT! §r§fYou found an §r§9Enchanted Mithril§r§f!
20:34:27 [allowed] §6[Sacks] §r§a+18§r§e items§r§e.§r§8 (Last 30s.)
20:34:48 [allowed] §aYou earned §r§51,104 Event EXP §r§afrom playing SkyBlock!
20:34:55 [allowed] §b§lCOMPACT! §r§fYou found an §r§9Enchanted Mithril§r§f!
20:35:01 [allowed] §6[Sacks] §r§a+17§r§e items§r§e.§r§8 (Last 30s.)
20:35:01 [allowed] §a§lLAVA SPRINGS MITHRIL §r§eCommission Complete! Visit the King §r§eto claim your rewards!
20:35:26 [allowed] §6[Sacks] §r§a+123§r§e items§r§e.§r§8 (Last 5s.)
20:35:39 [allowed] §5§l✯ §r§eA §r§5Fallen Star §r§ehas crashed at §r§bCliffside Veins§r§e! Nearby ore and Powder drops are amplified!
20:35:45 [allowed] §a§lTREASURE HOARDER PUNCHER §r§eCommission Complete! Visit the King §r§eto claim your rewards!
20:35:49 [allowed] §cThere are blocks in the way!
20:35:52 [allowed] §6[Sacks] §r§a+3§r§e items§r§e.§r§8 (Last 5s.)
20:35:57 [allowed] §cThere are blocks in the way!
20:36:29 [allowed] §b§lCOMPACT! §r§fYou found an §r§9Enchanted Mithril§r§f!
20:36:34 [allowed] §6[Sacks] §r§a+20§r§e items§r§e.§r§8 (Last 30s.)
20:36:36 [allowed] §c ☠ §r§7§r§bPineappleMen§r§7 was killed by §r§5Star Sentry§r§7§r§7.
20:36:48 [allowed] §a§lCLIFFSIDE VEINS TITANIUM §r§eCommission Complete! Visit the King §r§eto claim your rewards!
20:36:54 [allowed] §6[Sacks] §r§a+9§r§e items§r§e.§r§8 (Last 19s.)
20:37:07 [allowed] §a§l+5 Kill Combo §r§8§r§b+3✯ Magic Find
20:37:16 [allowed] §a§l+10 Kill Combo §r§8+§r§610 §r§7coins per kill
20:37:17 [allowed] §6§lRARE DROP! §r§5Glacite Chestplate §r§b(+§r§b165% §r§b✯ Magic Find§r§b)
20:37:22 [allowed] §9§l+15 Kill Combo §r§8§r§b+3✯ Magic Find
20:37:28 [allowed] §5§l+20 Kill Combo §r§8§r§3+15☯ Combat Wisdom
20:37:34 [allowed] §5§l+25 Kill Combo §r§8§r§b+3✯ Magic Find
20:37:39 [allowed] §6§l+30 Kill Combo §r§8+§r§610 §r§7coins per kill
20:37:39 [allowed] §6§lRARE DROP! §r§9Glacite Jewel §r§b(+§r§b175% §r§b✯ Magic Find§r§b)
20:37:46 [allowed] §6§lRARE DROP! §r§5Glacite Boots §r§b(+§r§b175% §r§b✯ Magic Find§r§b)
20:37:50 [allowed] ▬▬▬▬▬▬▬▬▬▬▬▬▬▬▬▬▬▬▬▬▬▬▬▬▬▬▬▬▬▬▬▬▬▬▬▬▬▬▬▬▬▬▬▬▬▬▬▬▬▬▬▬▬▬▬▬▬▬▬▬▬▬▬▬
20:37:50 [allowed] §f                                §r§6§k#§r§5 LEVEL UP! §r§6§k#
20:37:50 [allowed] 
20:37:50 [allowed] §f                       §r§7You are now §r§6Event Level §r§510§r§7!
20:37:50 [allowed] §f                       §r§7You earned §r§f26 Event Silver§r§7!
20:37:50 [allowed] 
20:37:50 [allowed] ▬▬▬▬▬▬▬▬▬▬▬▬▬▬▬▬▬▬▬▬▬▬▬▬▬▬▬▬▬▬▬▬▬▬▬▬▬▬▬▬▬▬▬▬▬▬▬▬▬▬▬▬▬▬▬▬▬▬▬▬▬▬▬▬
20:37:55 [allowed] §6§lRARE DROP! §r§9Glacite Jewel §r§b(+§r§b175% §r§b✯ Magic Find§r§b)
20:38:02 [allowed] §6§l+50 Kill Combo
20:38:02 [allowed] §a§lGLACITE WALKER SLAYER §r§eCommission Complete! Visit the King §r§eto claim your rewards!
20:38:07 [allowed] §cYour Kill Combo has expired! You reached a 55 Kill Combo!
20:38:11 [allowed] §cThere are blocks in the way!
20:38:11 [allowed] §cThere are blocks in the way!
20:38:11 [allowed] §cThere are blocks in the way!
20:38:12 [allowed] §cThere are blocks in the way!
20:38:15 [allowed] §e⚠ §aYour drops can't be seen by other players in §bSkyBlock§a!
§aOnly you can pickup your dropped items!
§eClick here to disable this alert forever!
20:38:16 [allowed] §e⚠ §aYour drops can't be seen by other players in §bSkyBlock§a!
§aOnly you can pickup your dropped items!
§eClick here to disable this alert forever!
20:38:38 [allowed] §cThere are blocks in the way!
20:38:38 [allowed] §cThere are blocks in the way!
20:38:38 [allowed] §cThere are blocks in the way!
20:38:39 [allowed] §cThere are blocks in the way!
20:38:44 [allowed] §cThere are blocks in the way!
20:38:59 [allowed] §6A Golden Goblin has spawned!
20:39:09 [allowed] §aYou received §r§2240 ᠅ Mithril Powder §r§afrom killing a §r§6§lGolden Goblin§r§a!
20:39:09 [allowed]   §r§7+§r§62 Gold Essence
20:39:20 [allowed] §6[Sacks] §r§a+278§r§e items§r§e.§r§8 (Last 30s.)
20:39:51 [allowed] §6[Sacks] §r§a+23§r§e items§r§e.§r§8 (Last 30s.)
20:39:52 [allowed] §aYou earned §r§52,250 Event EXP §r§afrom playing SkyBlock!
20:39:54 [allowed] §a§lROYAL MINES MITHRIL §r§eCommission Complete! Visit the King §r§eto claim your rewards!
20:40:01 [allowed] §b§lCOMPACT! §r§fYou found an §r§9Enchanted Mithril§r§f!
20:40:11 [allowed] §6[Sacks] §r§a+14§r§e items§r§e.§r§8 (Last 18s.)
20:40:15 [allowed] §cThere are blocks in the way!
20:40:42 [allowed] §b§lCOMPACT! §r§fYou found an §r§9Enchanted Mithril§r§f!
20:40:45 [allowed] §a§lROYAL MINES TITANIUM §r§eCommission Complete! Visit the King §r§eto claim your rewards!
20:40:46 [allowed] §6[Sacks] §r§a+71§r§e items§r§e.§r§8 (Last 30s.)
20:41:00 [allowed] §a§lSTAR SENTRY PUNCHER §r§eCommission Complete! Visit the King §r§eto claim your rewards!
20:41:35 [allowed] §6[Sacks] §r§a+12§r§e items§r§e.§r§8 (Last 17s.)
20:41:48 [allowed] §b§lCOMPACT! §r§fYou found an §r§9Enchanted Mithril§r§f!
20:42:02 [allowed] §b§lCOMPACT! §r§fYou found an §r§5Enchanted Titanium§r§f!
20:42:06 [allowed] §6[Sacks] §r§a+21§r§e items§r§e.§r§8 (Last 30s.)
20:42:16 [allowed] §b§lCOMPACT! §r§fYou found an §r§9Enchanted Mithril§r§f!
20:42:19 [allowed] §b§lCOMPACT! §r§fYou found an §r§9Enchanted Mithril§r§f!
20:42:35 [allowed] §b§lCOMPACT! §r§fYou found an §r§9Enchanted Mithril§r§f!
20:42:39 [allowed] §6[Sacks] §r§a+23§r§e items§r§e.§r§8 (Last 30s.)
20:42:48 [allowed] §8[§r§730§r§8] §r§a[VIP] Undersplat§f§r§f: are the ice guys a good way to get combat xp
20:42:55 [allowed] §8[§r§e82§r§8] §r§a[VIP§6+§a] kuakuli20§f§r§f: yeah
20:43:00 [allowed] §8[§r§e82§r§8] §r§a[VIP§6+§a] kuakuli20§f§r§f: actually a very decent one
20:43:00 [allowed] §8[§r§f43§r§8] §r§a[VIP] Septolance§f§r§f: oo
20:43:10 [allowed] §6[Sacks] §r§a+21§r§e items§r§e.§r§8 (Last 30s.)
20:43:14 [allowed] §8[§r§e82§r§8] §r§a[VIP§6+§a] kuakuli20§f§r§f: early game
20:43:21 [allowed] §8[§r§e82§r§8] §r§a[VIP§6+§a] kuakuli20§f§r§f: dont think u can max the skill on this
20:43:27 [allowed] §6[Sacks] §r§a+8§r§e items§r§e.§r§8 (Last 16s.)
20:43:48 [allowed] §b§lCOMPACT! §r§fYou found an §r§9Enchanted Mithril§r§f!
20:43:58 [allowed] §8[§r§f43§r§8] §r§a[VIP] Septolance§f§r§f: fcuk
20:44:02 [allowed] §8[§r§f43§r§8] §r§a[VIP] Septolance§f§r§f: im dead
20:44:08 [allowed] §6[Sacks] §r§a+22§r§e items§r§e.§r§8 (Last 30s.)
20:44:15 [allowed] §b§lCOMPACT! §r§fYou found an §r§9Enchanted Mithril§r§f!
20:44:24 [allowed] §b§lCOMPACT! §r§fYou found an §r§9Enchanted Mithril§r§f!
20:44:39 [allowed] §6[Sacks] §r§a+24§r§e items§r§e.§r§8 (Last 30s.)
20:44:55 [allowed] §6[Sacks] §r§a+4§r§e items§r§e.§r§8 (Last 14s.)
20:44:56 [allowed] §aYou earned §r§52,250 Event EXP §r§afrom playing SkyBlock!
20:45:13 [allowed] §6[Sacks] §r§a+8§r§e items§r§e.§r§8 (Last 14s.)
20:45:17 [allowed] §7Warping...
20:45:41 [allowed] §6[Sacks] §r§c-352§r§e items§r§e.§r§8 (Last 16s.)
20:46:32 [allowed] §cThere are blocks in the way!
20:46:33 [allowed] §cThere are blocks in the way!
20:46:56 [allowed] §cThere are blocks in the way!
20:47:05 [allowed] §cThere are blocks in the way!
20:47:07 [allowed] §e⚠ §aYour drops can't be seen by other players in §bSkyBlock§a!
§aOnly you can pickup your dropped items!
§eClick here to disable this alert forever!
20:47:08 [allowed] §e⚠ §aYour drops can't be seen by other players in §bSkyBlock§a!
§aOnly you can pickup your dropped items!
§eClick here to disable this alert forever!
20:47:08 [allowed] §e⚠ §aYour drops can't be seen by other players in §bSkyBlock§a!
§aOnly you can pickup your dropped items!
§eClick here to disable this alert forever!
20:47:09 [allowed] §e⚠ §aYour drops can't be seen by other players in §bSkyBlock§a!
§aOnly you can pickup your dropped items!
§eClick here to disable this alert forever!
20:47:28 [allowed] §8[§r§f61§r§8] §r§7▒ §r§b[MVP§f+§b] _OnlyOlyjan§f§r§f: xD
20:47:28 [allowed] §7Warping...
20:47:29 [allowed] §7Sending to server mini97AT...
20:47:30 [allowed] §8 §r§8 §r§1 §r§3 §r§3 §r§7 §r§8 
20:47:32 [allowed] §aYou are playing on profile: §eKiwi§b (Co-op)
20:47:33 [allowed] §8Profile ID: 5c4529cf-354b-4614-bade-d7b413bac13c
20:47:49 [allowed] §eYou received §a4x Enchanted Red Mushroom §efor killing a §6Slug§e!
20:47:55 [allowed] §6[Sacks] §r§a+4§r§e items§r§e.§r§8 (Last 5s.)
20:48:06 [allowed] §eYou received §a5x Enchanted Pumpkin §efor killing a §6Rat§e!
20:48:11 [allowed] §6[Sacks] §r§a+5§r§e items§r§e.§r§8 (Last 5s.)
20:48:21 [allowed] §eYou received §a5x Enchanted Hay Bale §efor killing a §6Fly§e!
20:48:26 [allowed] §6[Sacks] §r§a+5§r§e items§r§e.§r§8 (Last 5s.)
20:48:35 [allowed] §eYou received §a6x Enchanted Potato §efor killing a §6Locust§e!
20:48:39 [allowed] §aYour Garden is no longer infested and your §r§6☘ Farming Fortune §r§ahas returned to normal!
20:48:39 [allowed] §eYou received §a6x Enchanted Carrot §efor killing a §6Cricket§e!
20:48:45 [allowed] §6[Sacks] §r§a+12§r§e items§r§e.§r§8 (Last 10s.)
20:48:46 [allowed] §eYou received §a6x Enchanted Cactus Green §efor killing a §6Mite§e!
20:48:51 [allowed] §6[Sacks] §r§a+6§r§e items§r§e.§r§8 (Last 5s.)
20:49:06 [allowed] §eYou received §a7x Enchanted Potato §efor killing a §6Locust§e!
20:49:12 [allowed] §6[Sacks] §r§a+7§r§e items§r§e.§r§8 (Last 5s.)
20:49:15 [allowed] §eYou received §a6x Enchanted Cocoa Beans §efor killing a §6Moth§e!
20:49:21 [allowed] §6[Sacks] §r§a+6§r§e items§r§e.§r§8 (Last 5s.)
20:49:48 [allowed] §6§lGROSS! §7A §6Pest §7has appeared in §aPlot §7- §b7§7!
20:49:48 [allowed]   §r§e§lCLICK HERE §eto teleport to the plot!
20:49:59 [allowed] §6[Sacks] §r§a+390§r§e items§r§e, §r§c-352§r§e items§r§e.§r§8 (Last 23s.)
20:50:30 [allowed] §6[Sacks] §r§a+601§r§e items§r§e, §r§c-546§r§e items§r§e.§r§8 (Last 30s.)
20:51:01 [allowed] §6[Sacks] §r§a+657§r§e items§r§e, §r§c-593§r§e items§r§e.§r§8 (Last 30s.)
20:51:16 [allowed] §eYou received §a7x Enchanted Pumpkin §efor killing a §6Rat§e!
20:51:31 [allowed] §6[Sacks] §r§a+461§r§e items§r§e, §r§c-413§r§e items§r§e.§r§8 (Last 30s.)
20:52:02 [allowed] §6[Sacks] §r§a+605§r§e items§r§e, §r§c-546§r§e items§r§e.§r§8 (Last 30s.)
20:52:30 [allowed] §aYou earned §r§51,764 Event EXP §r§afrom playing SkyBlock!
20:52:32 [allowed] §6[Sacks] §r§a+583§r§e items§r§e, §r§c-532§r§e items§r§e.§r§8 (Last 30s.)
20:52:48 [allowed] §6§lRARE CROP! §r§f§r§6Fermento §r§b(Armor Set Bonus)
20:53:03 [allowed] §6[Sacks] §r§a+595§r§e items§r§e, §r§c-540§r§e items§r§e.§r§8 (Last 30s.)
20:53:33 [allowed] §6[Sacks] §r§a+643§r§e items§r§e, §r§c-583§r§e items§r§e.§r§8 (Last 30s.)
20:54:04 [allowed] §6[Sacks] §r§a+564§r§e items§r§e, §r§c-510§r§e items§r§e.§r§8 (Last 30s.)
20:54:31 [allowed] §eYou Supercrafted §r§r§r§9Mutant Nether Wart§r§e!
20:54:32 [allowed] §eYou Supercrafted §r§r§r§9Mutant Nether Wart§r§e!
20:54:32 [allowed] §eYou Supercrafted §r§r§r§9Mutant Nether Wart§r§e!
20:54:33 [allowed] §eYou Supercrafted §r§r§r§9Mutant Nether Wart§r§e!
20:54:36 [allowed] §6§lOFFER ACCEPTED §r§8with §r§aAlchemist §r§8(§r§a§lUNCOMMON§r§8)
20:54:36 [allowed] 
20:54:36 [allowed]   §r§a§lREWARDS
20:54:36 [allowed]     §r§8+§r§215 §r§7Garden Experience
20:54:36 [allowed]     §r§8+§r§320k §r§7Farming XP
20:54:36 [allowed]     §r§8+§r§c22 Copper
20:54:36 [allowed] 
20:54:41 [allowed] §6[Sacks] §r§a+4§r§e items§r§e, §r§c-644§r§e items§r§e.§r§8 (Last 10s.)
20:54:51 [allowed] §6§lOFFER ACCEPTED §r§8with §r§aJotraeline Greatforge §r§8(§r§a§lUNCOMMON§r§8)
20:54:51 [allowed] 
20:54:51 [allowed]   §r§a§lREWARDS
20:54:51 [allowed]     §r§8+§r§215 §r§7Garden Experience
20:54:51 [allowed]     §r§8+§r§315k §r§7Farming XP
20:54:51 [allowed]     §r§8+§r§c30 Copper
20:54:51 [allowed]     §r§7§9Biofuel
20:54:51 [allowed] 
20:54:56 [allowed] §6[Sacks] §r§c-2§r§e items§r§e.§r§8 (Last 5s.)
20:55:01 [allowed] §eYou Supercrafted §r§r§r§9Enchanted Cactus§r§e!
20:55:02 [allowed] §eYou Supercrafted §r§r§r§9Enchanted Cactus§r§e!
20:55:03 [allowed] §6§lOFFER ACCEPTED §r§8with §r§9Zog §r§8(§r§9§lRARE§r§8)
20:55:03 [allowed] 
20:55:03 [allowed]   §r§a§lREWARDS
20:55:03 [allowed]     §r§8+§r§230 §r§7Garden Experience
20:55:03 [allowed]     §r§8+§r§36.5k §r§7Farming XP
20:55:03 [allowed]     §r§8+§r§c47 Copper
20:55:03 [allowed] 
20:55:08 [allowed] §6[Sacks] §r§a+2§r§e items§r§e, §r§c-322§r§e items§r§e.§r§8 (Last 7s.)
