15:56:57 Visitor status change for '§9Queen Mismyla': NEW -> READY (tooltipClickToGive)
15:57:00 Visitor status change for '§9Queen Mismyla': READY -> ACCEPTED (accepted)
15:57:07 Visitor status change for '§aEmissary Carlton': NEW -> WAITING (tooltipMissingItems)
15:57:11 Visitor status change for '§aTerry': NEW -> WAITING (tooltipMissingItems)
15:57:13 Visitor status change for '§aOringo': NEW -> READY (tooltipClickToGive)
15:57:16 Visitor status change for '§aOringo': READY -> ACCEPTED (accepted)
15:57:20 Visitor status change for '§aRhys': NEW -> WAITING (tooltipMissingItems)
15:57:22 Visitor status change for '§9Gwendolyn': NEW -> WAITING (tooltipMissingItems)
16:01:24 Visitor status change for '§aGeonathan Greatforge': NEW -> READY (tooltipClickToGive)
16:01:24 Visitor status change for '§aGeonathan Greatforge': READY -> WAITING (noLongerHasItems)
16:01:27 Visitor status change for '§aGeonathan Greatforge': WAITING -> ACCEPTED (accepted)
16:06:02 Visitor status change for '§aTerry': WAITING -> READY (hasItems)
16:06:09 Visitor status change for '§aTerry': READY -> ACCEPTED (accepted)
16:06:14 Visitor status change for '§aEmissary Fraiser': NEW -> WAITING (tooltipMissingItems)
16:06:14 Visitor status change for '§aEmissary Fraiser': WAITING -> READY (hasItems)
16:06:15 Visitor status change for '§aEmissary Fraiser': READY -> WAITING (noLongerHasItems)
16:11:34 Visitor status change for '§9Shifty': NEW -> WAITING (tooltipMissingItems)
16:11:36 Visitor status change for '§aEmissary Fraiser': WAITING -> READY (hasItems)
16:11:40 Visitor status change for '§aEmissary Fraiser': READY -> ACCEPTED (accepted)
16:13:03 Visitor status change for '§aRhys': WAITING -> READY (hasItems)
16:13:06 Visitor status change for '§aRhys': READY -> ACCEPTED (accepted)
16:36:45 Visitor status change for '§aTerry': NEW -> WAITING (tooltipMissingItems)
16:36:48 Visitor status change for '§9Fragilis': NEW -> WAITING (tooltipMissingItems)
16:45:44 Visitor status change for '§9Gwendolyn': WAITING -> READY (hasItems)
16:47:58 Visitor status change for '§aEmissary Carlton': WAITING -> READY (hasItems)
16:48:01 Visitor status change for '§aEmissary Carlton': READY -> ACCEPTED (accepted)
16:48:04 Visitor status change for '§9Gwendolyn': READY -> ACCEPTED (accepted)
16:48:09 Visitor status change for '§aPest Wrangler': NEW -> WAITING (tooltipMissingItems)
16:48:16 Visitor status change for '§aPest Wrangler': WAITING -> READY (hasItems)
16:48:17 Visitor status change for '§aPest Wrangler': READY -> ACCEPTED (accepted)
16:56:27 Visitor status change for '§aJamie': NEW -> READY (tooltipClickToGive)
16:56:27 Visitor status change for '§aJamie': READY -> WAITING (noLongerHasItems)
16:56:29 Visitor status change for '§aJamie': WAITING -> ACCEPTED (accepted)
16:56:31 Visitor status change for '§aTerry': WAITING -> READY (tooltipClickToGive)
16:56:31 Visitor status change for '§aTerry': READY -> WAITING (noLongerHasItems)
16:56:31 Visitor status change for '§aTerry': WAITING -> ACCEPTED (accepted)
16:56:36 Visitor status change for '§aPlumber Joe': NEW -> READY (tooltipClickToGive)
16:56:40 Visitor status change for '§aPlumber Joe': READY -> ACCEPTED (accepted)
16:58:57 Visitor status change for '§9Shifty': WAITING -> READY (tooltipClickToGive)
16:58:57 Visitor status change for '§9Shifty': READY -> WAITING (noLongerHasItems)
16:58:58 Visitor status change for '§9Shifty': WAITING -> ACCEPTED (accepted)
17:03:48 Visitor status change for '§aFelix': NEW -> WAITING (tooltipMissingItems)
17:04:08 Visitor status change for '§aFelix': WAITING -> READY (hasItems)
17:04:09 Visitor status change for '§aFelix': READY -> ACCEPTED (accepted)
17:07:42 Visitor status change for '§9Fragilis': WAITING -> READY (tooltipClickToGive)
17:07:42 Visitor status change for '§9Fragilis': READY -> WAITING (noLongerHasItems)
17:07:42 Visitor status change for '§9Fragilis': WAITING -> ACCEPTED (accepted)
17:07:46 Visitor status change for '§aGuy': NEW -> WAITING (tooltipMissingItems)
17:08:04 Visitor status change for '§aGuy': WAITING -> READY (tooltipClickToGive)
17:08:04 Visitor status change for '§aGuy': READY -> WAITING (noLongerHasItems)
17:08:05 Visitor status change for '§aGuy': WAITING -> ACCEPTED (accepted)
17:11:43 Visitor status change for '§9Emissary Sisko': NEW -> READY (tooltipClickToGive)
17:11:46 Visitor status change for '§9Emissary Sisko': READY -> ACCEPTED (accepted)
17:22:21 Visitor status change for '§9Shifty': NEW -> WAITING (tooltipMissingItems)
17:22:24 Visitor status change for '§aLiam': NEW -> WAITING (tooltipMissingItems)
17:24:58 Visitor status change for '§9Bartender': NEW -> WAITING (tooltipMissingItems)
17:37:03 Visitor status change for '§aHornum': NEW -> READY (tooltipClickToGive)
17:37:07 Visitor status change for '§aHornum': READY -> ACCEPTED (accepted)
17:37:08 Visitor status change for '§aArthur': NEW -> READY (tooltipClickToGive)
17:37:10 Visitor status change for '§aArthur': READY -> ACCEPTED (accepted)
17:37:25 Visitor status change for '§aLiam': WAITING -> READY (tooltipClickToGive)
17:37:25 Visitor status change for '§aLiam': READY -> WAITING (noLongerHasItems)
17:37:26 Visitor status change for '§aLiam': WAITING -> ACCEPTED (accepted)
17:37:35 Visitor status change for '§9Tammy': NEW -> WAITING (tooltipMissingItems)
17:43:17 Visitor status change for '§6Madame Eleanor Q. Goldsworth III': NEW -> WAITING (tooltipMissingItems)
17:43:32 Visitor status change for '§6Madame Eleanor Q. Goldsworth III': WAITING -> READY (hasItems)
17:43:34 Visitor status change for '§6Madame Eleanor Q. Goldsworth III': READY -> ACCEPTED (accepted)
