15:57:04 Removed old visitor: '§9Queen Mismyla'
15:57:19 Removed old visitor: '§aOringo'
16:01:31 Removed old visitor: '§aGeonathan Greatforge'
16:06:14 Removed old visitor: '§aTerry'
16:11:44 Removed old visitor: '§aEmissary Fraiser'
16:13:10 Removed old visitor: '§aRhys'
16:48:05 Removed old visitor: '§aEmissary Carlton'
16:48:08 Removed old visitor: '§9Gwendolyn'
16:48:23 Removed old visitor: '§aPest Wrangler'
16:56:33 Removed old visitor: '§aJamie'
16:56:36 Removed old visitor: '§aTerry'
16:56:45 Removed old visitor: '§aPlumber Joe'
16:59:03 Removed old visitor: '§9Shifty'
17:04:13 Removed old visitor: '§aFelix'
17:07:46 Removed old visitor: '§9Fragilis'
17:08:10 Removed old visitor: '§aGuy'
17:11:52 Removed old visitor: '§9Emissary Sisko'
17:37:11 Removed old visitor: '§aHornum'
17:37:14 Removed old visitor: '§aArthur'
17:37:32 Removed old visitor: '§aLiam'
17:43:39 Removed old visitor: '§6Madame Eleanor Q. Goldsworth III'
