20:36:38 Visitor status change for '§aDuke': NEW -> WAITING (tooltipMissingItems)
20:36:38 Visitor status change for '§9Tammy': NEW -> READY (tooltipClickToGive)
20:36:38 Visitor status change for '§9Tammy': READY -> WAITING (noLongerHasItems)
20:36:44 Visitor status change for '§aFear Mongerer': NEW -> WAITING (tooltipMissingItems)
20:36:46 Visitor status change for '§aGuy': NEW -> WAITING (tooltipMissingItems)
20:36:47 Visitor status change for '§9Tammy': WAITING -> READY (tooltipClickToGive)
20:36:47 Visitor status change for '§9Tammy': READY -> WAITING (noLongerHasItems)
20:36:48 Visitor status change for '§9Tammy': WAITING -> READY (tooltipClickToGive)
20:36:48 Visitor status change for '§9Tammy': READY -> WAITING (noLongerHasItems)
20:36:49 Visitor status change for '§9Gwendolyn': NEW -> WAITING (tooltipMissingItems)
20:37:03 Visitor status change for '§9Tammy': WAITING -> READY (hasItems)
20:37:32 Visitor status change for '§9Tammy': READY -> ACCEPTED (accepted)
20:37:37 Visitor status change for '§6Jerry': NEW -> WAITING (tooltipMissingItems)
21:36:05 Visitor status change for '§6Jerry': WAITING -> READY (tooltipClickToGive)
21:36:05 Visitor status change for '§6Jerry': READY -> WAITING (noLongerHasItems)
21:36:09 Visitor status change for '§aDuke': WAITING -> READY (hasItems)
21:36:09 Visitor status change for '§6Jerry': WAITING -> READY (hasItems)
21:36:19 Visitor status change for '§6Jerry': READY -> ACCEPTED (accepted)
21:36:27 Visitor status change for '§aDuke': READY -> ACCEPTED (accepted)
21:36:30 Visitor status change for '§aJack': NEW -> READY (tooltipClickToGive)
21:36:32 Visitor status change for '§aJack': READY -> ACCEPTED (accepted)
21:37:51 Visitor status change for '§aFear Mongerer': WAITING -> READY (hasItems)
21:39:41 Visitor status change for '§aFear Mongerer': READY -> ACCEPTED (accepted)
21:39:54 Visitor status change for '§aGuy': WAITING -> REFUSED (refused)
