11:34:58 §e[SkyHanni] §aSkyHanni found a new update: 0.27 Beta 17. Check §b/sh download update §afor more info.§r
11:35:04 §e[SkyHanni] §aSargwyn §eis visiting your garden!§r
11:35:04 §e[SkyHanni] §aFelix §eis visiting your garden!§r
11:35:04 §e[SkyHanni] §9Royal Resident §eis visiting your garden!§r
11:35:04 §e[SkyHanni] §aPlumber Joe §eis visiting your garden!§r
11:35:04 §e[SkyHanni] §aLumber Jack §eis visiting your garden!§r
11:35:04 §e[SkyHanni] The Perkpocalypse Mayor is not known! Click here to update the temporary Mayor.§r
11:38:34 §e[SkyHanni] Loaded Pumpkin milestone data from tab list!§r
11:39:10 §e[SkyHanni] §aLumber Jack §eis visiting your garden!§r
11:40:05 §e[SkyHanni] The Perkpocalypse Mayor is not known! Click here to update the temporary Mayor.§r
11:42:29 §e[SkyHanni] You have reached the maximum extra Superpairs clicks from this add-on!§r
11:43:28 §e[SkyHanni] You have reached the maximum extra Superpairs clicks from this add-on!§r
11:45:06 §e[SkyHanni] The Perkpocalypse Mayor is not known! Click here to update the temporary Mayor.§r
11:45:35 §e[SkyHanni] You have reached the maximum extra Superpairs clicks from this add-on!§r
11:46:07 §e[SkyHanni] You have reached the maximum extra Superpairs clicks from this add-on!§r
11:48:20 §e[SkyHanni] You have reached the maximum extra Superpairs clicks from this add-on!§r
11:48:52 §e[SkyHanni] You have reached the maximum extra Superpairs clicks from this add-on!§r
11:50:07 §e[SkyHanni] The Perkpocalypse Mayor is not known! Click here to update the temporary Mayor.§r
11:50:50 §e[SkyHanni] You have reached the maximum extra Superpairs clicks from this add-on!§r
11:51:21 §e[SkyHanni] You have reached the maximum extra Superpairs clicks from this add-on!§r
11:54:22 §e[SkyHanni] §9Royal Resident §eis visiting your garden!§r
11:55:07 §e[SkyHanni] The Perkpocalypse Mayor is not known! Click here to update the temporary Mayor.§r
11:56:02 §e[SkyHanni] §eTo edit hidden GUI elements:
 §7- §e1. Set a key in /sh edit.
 §7- §e2. Click that key while the GUI element is visible.§r
11:57:34 §e[SkyHanni] Loaded Melon milestone data from tab list!§r
12:00:07 §e[SkyHanni] The Perkpocalypse Mayor is not known! Click here to update the temporary Mayor.§r
12:05:08 §e[SkyHanni] The Perkpocalypse Mayor is not known! Click here to update the temporary Mayor.§r
12:10:08 §e[SkyHanni] The Perkpocalypse Mayor is not known! Click here to update the temporary Mayor.§r
12:13:39 §6§lBESTIARY §r§b§lPurple Jerry §7§8VII §8➡§b §bVIII§r
12:15:09 §e[SkyHanni] The Perkpocalypse Mayor is not known! Click here to update the temporary Mayor.§r
12:15:48 §e[SkyHanni] Started tracking your Jacob Contest Blocks Per Second!§r
12:22:28 §e[SkyHanni] §aRhys §eis visiting your garden!§r
12:24:05 §6§lBESTIARY §r§b§lBlue Jerry §7§8VII §8➡§b §bVIII§r
13:31:38 §e[SkyHanni] Stats for Melon Contest:§r
13:31:38 §e[SkyHanni] §7Blocks Broken in total: §e7.100§r
13:31:38 §e[SkyHanni] §7Average Blocks Per Second: §a1.56§r
13:31:38 §e[SkyHanni] §7Participated for §b1h 15m 49s§r
13:31:39 §e[SkyHanni] The Perkpocalypse Mayor is not known! Click here to update the temporary Mayor.§r
13:32:14 §e[SkyHanni] Started tracking your Jacob Contest Blocks Per Second!§r
13:34:59 §e[SkyHanni] Stats for Pumpkin Contest:§r
13:34:59 §e[SkyHanni] §7Blocks Broken in total: §e2.567§r
13:34:59 §e[SkyHanni] §7Average Blocks Per Second: §a15.65§r
13:34:59 §e[SkyHanni] §7Participated for §b2m 44s§r
13:35:47 §e[SkyHanni] §aTerry §eis visiting your garden!§r
13:36:39 §e[SkyHanni] The Perkpocalypse Mayor is not known! Click here to update the temporary Mayor.§r
13:41:40 §e[SkyHanni] The Perkpocalypse Mayor is not known! Click here to update the temporary Mayor.§r
13:43:57 §e[SkyHanni] §aShaggy §eis visiting your garden!§r
13:45:51 §e[SkyHanni] Loaded Potato milestone data from tab list!§r
13:46:41 §e[SkyHanni] The Perkpocalypse Mayor is not known! Click here to update the temporary Mayor.§r
13:50:13 §e[SkyHanni] §aFarmhand §eis visiting your garden!§r
13:50:40 §e[SkyHanni] Loaded Wheat milestone data from tab list!§r
13:51:41 §e[SkyHanni] The Perkpocalypse Mayor is not known! Click here to update the temporary Mayor.§r
13:54:15 §e[SkyHanni] §lCLICK HERE§r§e to grab §ax16 §9§aEnchanted Hay Bale§e from sacks!§r
13:55:04 §e[SkyHanni] Loaded Carrot milestone data from tab list!§r
13:56:13 §e[SkyHanni] §9Gold Forger §eis visiting your garden!§r
13:56:41 §e[SkyHanni] The Perkpocalypse Mayor is not known! Click here to update the temporary Mayor.§r
14:01:42 §e[SkyHanni] The Perkpocalypse Mayor is not known! Click here to update the temporary Mayor.§r
14:04:33 §e[SkyHanni] §lCLICK HERE§r§e to grab §ax1 §9§aEnchanted Golden Carrot§e from sacks!§r
14:05:51 §e[SkyHanni] §aEmissary Fraiser §eis visiting your garden!§r
14:06:42 §e[SkyHanni] The Perkpocalypse Mayor is not known! Click here to update the temporary Mayor.§r
14:11:42 §e[SkyHanni] The Perkpocalypse Mayor is not known! Click here to update the temporary Mayor.§r
14:12:33 §e[SkyHanni] §lCLICK HERE§r§e to grab §ax1 §9§aEnchanted Golden Carrot§e from sacks!§r
14:12:34 §e[SkyHanni] §lCLICK HERE§r§e to grab §ax1 §9§aEnchanted Golden Carrot§e from sacks!§r
14:12:34 §e[SkyHanni] §lCLICK HERE§r§e to grab §ax1 §9§aEnchanted Golden Carrot§e from sacks!§r
14:15:40 §e[SkyHanni] §aGuy §eis visiting your garden!§r
14:16:43 §e[SkyHanni] The Perkpocalypse Mayor is not known! Click here to update the temporary Mayor.§r
14:21:44 §e[SkyHanni] The Perkpocalypse Mayor is not known! Click here to update the temporary Mayor.§r
14:26:44 §e[SkyHanni] The Perkpocalypse Mayor is not known! Click here to update the temporary Mayor.§r
14:27:22 §e[SkyHanni] Started tracking your Jacob Contest Blocks Per Second!§r
14:27:25 §e[SkyHanni] §aArthur §eis visiting your garden!§r
14:34:58 §e[SkyHanni] Stats for Mushroom Contest:§r
14:34:58 §e[SkyHanni] §7Blocks Broken in total: §e0§r
14:34:58 §e[SkyHanni] §7Average Blocks Per Second: §a0.0§r
14:34:58 §e[SkyHanni] §7Participated for §b7m 36s§r
14:34:59 §e[SkyHanni] The Perkpocalypse Mayor is not known! Click here to update the temporary Mayor.§r
14:35:29 §e[SkyHanni] §9Royal Resident §eis visiting your garden!§r
14:38:12 §e[SkyHanni] §lCLICK HERE§r§e to grab §ax1 §9§9Enchanted Sugar Cane§e from sacks!§r
14:38:12 §e[SkyHanni] §lCLICK HERE§r§e to grab §ax1 §9§9Enchanted Sugar Cane§e from sacks!§r
14:40:00 §e[SkyHanni] The Perkpocalypse Mayor is not known! Click here to update the temporary Mayor.§r
14:45:00 §e[SkyHanni] The Perkpocalypse Mayor is not known! Click here to update the temporary Mayor.§r
14:50:00 §e[SkyHanni] The Perkpocalypse Mayor is not known! Click here to update the temporary Mayor.§r
14:55:01 §e[SkyHanni] The Perkpocalypse Mayor is not known! Click here to update the temporary Mayor.§r
15:00:01 §e[SkyHanni] The Perkpocalypse Mayor is not known! Click here to update the temporary Mayor.§r
15:02:04 §e[SkyHanni] You have gained §b300 §eBits.§r
15:03:13 §e[SkyHanni] §aLibrarian §eis visiting your garden!§r
15:03:13 §e[SkyHanni] §aLumber Jack §eis visiting your garden!§r
15:03:25 §e[SkyHanni] You have gained §b6 §eBits.§r
15:03:29 §e[SkyHanni] You have gained §b6 §eBits.§r
15:05:02 §e[SkyHanni] The Perkpocalypse Mayor is not known! Click here to update the temporary Mayor.§r
15:10:03 §e[SkyHanni] The Perkpocalypse Mayor is not known! Click here to update the temporary Mayor.§r
15:10:15 §e[SkyHanni] §cYour Time Tower just expired and has 1 charge remaining. Click here to use one.§r
15:15:04 §e[SkyHanni] The Perkpocalypse Mayor is not known! Click here to update the temporary Mayor.§r
15:20:04 §e[SkyHanni] The Perkpocalypse Mayor is not known! Click here to update the temporary Mayor.§r
15:22:53 §6§lBESTIARY §r§b§lButterfly §7§8VI §8➡§b §bVII§r
15:24:10 §e[SkyHanni] §b+5 SkyBlock XP §7(Collections§7)§b (87/100)§r
15:25:05 §e[SkyHanni] The Perkpocalypse Mayor is not known! Click here to update the temporary Mayor.§r
15:29:37 §e[SkyHanni] §6Madame Eleanor Q. Goldsworth III §eis visiting your garden!§r
15:30:05 §e[SkyHanni] The Perkpocalypse Mayor is not known! Click here to update the temporary Mayor.§r
15:30:18 §e[SkyHanni] You have gained §b12 §eBits.§r
15:30:45 §e[SkyHanni] You have gained §b6 §eBits.§r
15:32:17 §e[SkyHanni] You have gained §b300 §eBits.§r
15:35:06 §e[SkyHanni] The Perkpocalypse Mayor is not known! Click here to update the temporary Mayor.§r
15:39:12 §e[SkyHanni] §b+4 SkyBlock XP §7(Collections§7)§b (99/100)§r
15:40:07 §e[SkyHanni] The Perkpocalypse Mayor is not known! Click here to update the temporary Mayor.§r
15:45:07 §e[SkyHanni] The Perkpocalypse Mayor is not known! Click here to update the temporary Mayor.§r
15:50:07 §e[SkyHanni] The Perkpocalypse Mayor is not known! Click here to update the temporary Mayor.§r
15:50:45 §e[SkyHanni] §b+4 SkyBlock XP §7(Collections§7)§b (43/100)§r
15:55:08 §e[SkyHanni] The Perkpocalypse Mayor is not known! Click here to update the temporary Mayor.§r
15:55:25 §e[SkyHanni] Click here to load 25 more collected egg locations from NEU PV!§r
15:56:48 §e[SkyHanni] §fYou were in Limbo for §e5s§f! §d§lPERSONAL BEST§r§f!§r
15:57:47 §e[SkyHanni] §6Madame Eleanor Q. Goldsworth III §eis visiting your garden!§r
15:57:47 §e[SkyHanni] §aVex §eis visiting your garden!§r
16:00:08 §e[SkyHanni] The Perkpocalypse Mayor is not known! Click here to update the temporary Mayor.§r
16:01:12 §e[SkyHanni] §b+14 SkyBlock XP §7(HOTM Progression§7)§b (43/100)§r
16:01:21 §e[SkyHanni] §b+18 SkyBlock XP §7(HOTM Progression§7)§b (43/100)§r
16:01:46 §e[SkyHanni] §b+5 SkyBlock XP §7(HOTM Progression§7)§b (43/100)§r
16:01:48 §e[SkyHanni] §b+10 SkyBlock XP §7(HOTM Progression§7)§b (43/100)§r
16:01:52 §e[SkyHanni] §b+12 SkyBlock XP §7(HOTM Progression§7)§b (43/100)§r
16:02:06 §e[SkyHanni] §b+16 SkyBlock XP §7(HOTM Progression§7)§b (36/100)§r
16:02:23 §e[SkyHanni] §b+4 SkyBlock XP §7(HOTM Progression§7)§b (40/100)§r
16:02:57 §e[SkyHanni] You have gained §b300 §eBits.§r
16:05:09 §e[SkyHanni] The Perkpocalypse Mayor is not known! Click here to update the temporary Mayor.§r
16:10:09 §e[SkyHanni] The Perkpocalypse Mayor is not known! Click here to update the temporary Mayor.§r
16:10:28 §e[SkyHanni] §cYour Time Tower just expired and has 1 charge remaining. Click here to use one.§r
16:10:30 §c[SkyHanni-0.27.Beta.14]: SkyHanni ran into an UnknownHostException whilst sending a resource§c. Click here to copy the error into the clipboard.§r
16:10:37 §e[SkyHanni] §d§lPERSONAL BEST§f! You've surpassed your previous record of §e5s§f!§r
16:10:37 §e[SkyHanni] §fKeep it up!§r
16:10:47 §e[SkyHanni] §fYou were in Limbo for §e15s§f! §d§lPERSONAL BEST§r§f!§r
16:10:47 §e[SkyHanni] §fYour previous Personal Best was §e5s.§r
16:10:47 §e[SkyHanni] §fYour §aPersonal Bests§f perk is now granting you §a+0.01✴ SkyHanni User Luck§f!§r
16:15:09 §e[SkyHanni] The Perkpocalypse Mayor is not known! Click here to update the temporary Mayor.§r
16:18:19 §e[SkyHanni] §9Zog §eis visiting your garden!§r
16:18:49 §e[SkyHanni] You have gained §b6 §eBits.§r
