19:36:51 [allowed] §f §r§r§r§f §r§r§r§1 §r§r§r§0 §r§r§r§2 §r§r§r§f §r§r§r§f §r§r§r§2 §r§r§r§0 §r§r§r§4 §r§r§r§3 §r§r§r§9 §r§r§r§2 §r§r§r§0 §r§r§r§0 §r§r§r§3 §r§r§r§9 §r§r§r§2 §r§r§r§0 §r§r§r§0 §r§r§r§3 §r§r§r§9 §r§r§r§2 §r§r§r§0 §r§r§r§0 
19:36:51 [allowed] §b[MVP§c+§b] EduardaStarZ§f §6spooked into the lobby!
19:36:53 [allowed] §aYou have §b44 §aunclaimed leveling rewards!
19:36:53 [allowed] §eClick here to view them!
19:36:53 [allowed] §aYou have §614 §aunclaimed achievement rewards!
19:36:53 [allowed] §eClick here to view them!
19:36:54 [allowed] §b[MVP§c+§b] Kinetic_12§f §6spooked into the lobby!
19:36:59 [allowed] §b[MVP§f+§b] ExRP§f §6spooked into the lobby!
19:36:59 [allowed] §b[MVP§d+§b] JakeThree§f §6spooked into the lobby!
19:37:03 [allowed] §b[MVP§9+§b] jjakas§f §6spooked into the lobby!
19:37:09 [allowed] §b[MVP§9+§b] Leixer§f §6spooked into the lobby!
19:37:11 [allowed] §b[MVP§c+§b] GreenDinosaur__§f §6spooked into the lobby!
19:37:12 [allowed] §b[MVP§c+§b] Amarru_§f §6spooked into the lobby!
19:37:16 [allowed] §b[MVP§0+§b] MHF_Piglin§f §6spooked into the lobby!
19:37:23 [allowed] §b[MVP§2+§b] M_D_S_§f §6spooked into the lobby!
19:37:23 [allowed] §b[MVP§d+§b] Kazeroni§f §6spooked into the lobby!
19:37:24 [allowed]  §b>§c>§a>§r §r§6[MVP§1++§6] poprocks§f §6spooked into the lobby!§r §a<§c<§b<
19:37:29 [allowed] §b[MVP§d+§b] Kunsol§f §6spooked into the lobby!
19:37:30 [allowed] §b[MVP§c+§b] lulufan§f §6spooked into the lobby!
19:37:31 [allowed] §b[MVP§f+§b] UKBetter§f §6spooked into the lobby!
19:37:32 [allowed]  §b>§c>§a>§r §r§6[MVP§c++§6] SmokerMC§f §6spooked into the lobby!§r §a<§c<§b<
19:37:39 [allowed] §7Sending to server mini66DN...
19:37:39 [allowed] §b[MVP§e+§b] x_up§f §6spooked into the lobby!
19:37:39 [allowed] §b[MVP§2+§b] iWiked§f §6spooked into the lobby!
19:37:40 [allowed] §8 §r§8 §r§1 §r§3 §r§3 §r§7 §r§8 
19:37:40 [allowed] §b-----------------------------------------------------
19:37:40 [allowed] §aYou have just received §r§60 coins §r§aas interest in your co-op bank account!
19:37:40 [allowed] §b-----------------------------------------------------
19:37:42 [allowed] 
19:37:42 [allowed] §eWelcome to §r§aHypixel SkyBlock§r§e!
19:37:42 [allowed] 
19:37:42 [allowed] §6§lMAINTENANCE!
19:37:42 [allowed] §7 SkyBlock will be temporarily unavailable on §r§eOctober 21st @ 12am EDT §r§7for maintenance.
19:37:42 [allowed] §7 Check the status page for more info: §r§b§nhttps://status.hypixel.net
19:37:42 [allowed] §eLatest update: §bSkyBlock v0.20.6 §e§lCLICK
19:37:43 [allowed] §aYou are playing on profile: §eKiwi§b (Co-op)
19:37:43 [allowed] §8Profile ID: 5c4529cf-354b-4614-bade-d7b413bac13c
19:38:18 [allowed] §7Warping...
19:39:03 [allowed] §cThere are blocks in the way!
19:39:05 [allowed] §7Warping you to your SkyBlock island...
19:39:06 [allowed] §7Sending to server mini141G...
19:39:07 [allowed] §8 §r§8 §r§1 §r§3 §r§3 §r§7 §r§8 
19:39:09 [allowed] §aYou are playing on profile: §eKiwi§b (Co-op)
19:39:09 [allowed] §8Profile ID: 5c4529cf-354b-4614-bade-d7b413bac13c
19:39:35 [allowed] §cThere are blocks in the way!
19:39:37 [allowed] §cThere are blocks in the way!
19:39:39 [allowed] §cThere are blocks in the way!
19:43:16 [allowed] §7Warping...
19:43:16 [allowed] §7Sending to server mini19W...
19:43:16 [allowed] §8 §r§8 §r§1 §r§3 §r§3 §r§7 §r§8 
19:43:20 [allowed] §aYou are playing on profile: §eKiwi§b (Co-op)
19:43:20 [allowed] §8Profile ID: 5c4529cf-354b-4614-bade-d7b413bac13c
19:43:23 [allowed] §dWarped to §r§bElection Room§r§d!
19:43:38 [allowed] §d-----------------------------------------------------
19:43:38 [allowed] §eYou voted for §r§dJerry §r§ein the §r§bYear 377 Elections§r§e!
19:43:38 [allowed] §eAs a §bCitizen§e, your vote counts for §a2§e.
19:43:38 [allowed] §d-----------------------------------------------------
19:43:42 [allowed] §dWarped to §r§bCommunity Center§r§d!
19:44:36 [allowed] §7Warping...
19:44:36 [allowed] §7Sending to server mini191CW...
19:44:36 [allowed] §8 §r§8 §r§1 §r§3 §r§3 §r§7 §r§8 
19:44:41 [allowed] §aYou are playing on profile: §eKiwi§b (Co-op)
19:44:41 [allowed] §8Profile ID: 5c4529cf-354b-4614-bade-d7b413bac13c
19:45:06 [allowed] §c ☠ §r§7§r§7torres2558§r§7 was killed by Glacite Walker§r§7§r§7.
19:45:55 [allowed]  §c⚑ §eThe §cGoblin Raid §eevent starts in §a20 §eseconds!
 §aClick here §eto teleport to §bGarry §eand prepare!
19:46:16 [allowed] §a§l▬▬▬▬▬▬▬▬▬▬▬▬▬▬▬▬▬▬▬▬▬▬▬▬▬▬▬▬▬▬▬▬▬▬▬▬▬▬▬▬▬▬▬▬▬▬▬▬▬▬▬▬▬▬▬▬▬▬▬▬▬▬▬▬
19:46:16 [allowed] §f                        §r§c§lGOBLIN RAID STARTED!
19:46:16 [allowed] §f                                 §r§7Mining Event
19:46:16 [allowed] §f                                        
19:46:16 [allowed] §f                        Kill all §r§c1,000 §r§fgoblins to §r§awin§r§f!
19:46:16 [allowed] §f       Earn §r§6extra rewards §r§fby slaying at least §r§c25 §r§fyourself!
19:46:16 [allowed] §f                                        
19:46:16 [allowed] §f              Go to §r§bRampart's Quarry §r§7(or talk to Garry)
19:46:16 [allowed] §a§l▬▬▬▬▬▬▬▬▬▬▬▬▬▬▬▬▬▬▬▬▬▬▬▬▬▬▬▬▬▬▬▬▬▬▬▬▬▬▬▬▬▬▬▬▬▬▬▬▬▬▬▬▬▬▬▬▬▬▬▬▬▬▬▬
19:46:22 [allowed] §c ☠ §r§7§r§7torres2558§r§7 was killed by Glacite Walker§r§7§r§7.
19:47:29 [allowed] §c ☠ §r§7§r§6ytrvs§r§7 was killed by Fireslinger§r§7§r§7.
19:47:31 [allowed] §c ☠ §r§7§r§bLalabeanKai§r§7 was killed by §r§4Murderlover§r§7§r§7.
19:47:38 [HOPPITY_EGG] §cThis only works during Hoppity's Hunt!
19:48:01 [allowed] §c ☠ §r§7§r§7BruhJamal123§r§7 was killed by §r§4Murderlover§r§7§r§7.
19:48:33 [allowed] §c ☠ §r§7§r§bLalabeanKai§r§7 was killed by §r§4Murderlover§r§7§r§7.
19:49:10 [allowed] §a§l▬▬▬▬▬▬▬▬▬▬▬▬▬▬▬▬▬▬▬▬▬▬▬▬▬▬▬▬▬▬▬▬▬▬▬▬▬▬▬▬▬▬▬▬▬▬▬▬▬▬▬▬▬▬▬▬▬▬▬▬▬▬▬▬
19:49:10 [allowed] §f                          §r§c§lGOBLIN RAID ENDED!
19:49:10 [allowed] §f                                 §r§7Mining Event
19:49:10 [allowed] §f                          §r§cYou didn't participate...
19:49:10 [allowed] §a§l▬▬▬▬▬▬▬▬▬▬▬▬▬▬▬▬▬▬▬▬▬▬▬▬▬▬▬▬▬▬▬▬▬▬▬▬▬▬▬▬▬▬▬▬▬▬▬▬▬▬▬▬▬▬▬▬▬▬▬▬▬▬▬▬
19:50:16 [allowed] §aYou earned §r§5540 Event EXP §r§afrom playing SkyBlock!
19:51:34 [allowed] §8[§r§e80§r§8] §r§a[VIP] XDChrisXP§f§r§f: need one pls
19:51:38 [allowed] §6The sound of pickaxes clashing against the rock has attracted the attention of the §r§6§lPOWDER GHAST!
19:51:38 [allowed] §eFind the §r§6Powder Ghast§r§e near the §r§bDivan's Gateway§r§e!
19:56:10 [allowed] §cThere are blocks in the way!
19:56:12 [allowed] §cThere are blocks in the way!
19:56:13 [allowed] §c ☠ §r§7§r§7User_Name_808§r§7 was killed by Glacite Walker§r§7§r§7.
19:56:13 [allowed] §cThere are blocks in the way!
19:56:14 [allowed] §cThere are blocks in the way!
19:56:16 [allowed] §cThere are blocks in the way!
19:56:47 [allowed] §cYou don't have the required materials!
19:56:58 [allowed] §6[Sacks] §r§c-672§r§e items§r§e.§r§8 (Last 22s.)
19:57:05 [allowed] §cThere are blocks in the way!
19:57:06 [allowed] §cThere are blocks in the way!
19:57:06 [allowed] §cThere are blocks in the way!
19:57:07 [allowed] §cThere are blocks in the way!
19:58:00 [allowed] §c ☠ §r§7§r§7User_Name_808§r§7 was killed by §r§5Star Sentry§r§7§r§7.
19:59:12 [allowed] §c ☠ §r§7§r§7User_Name_808§r§7 was killed by §r§5Star Sentry§r§7§r§7.
19:59:29 [allowed] §cThere are blocks in the way!
20:00:01 [allowed] §cThere are blocks in the way!
20:00:06 [allowed] §cThere are blocks in the way!
20:00:07 [allowed] §cThere are blocks in the way!
20:00:12 [allowed] §8Depositing coins...
20:00:12 [allowed] §aDeposited §r§624M coins§r§a! There's now §r§624M coins §r§ain the account!
20:00:25 [allowed] §aYou earned §r§5660 Event EXP §r§afrom playing SkyBlock!
20:00:25 [allowed] §cThere are blocks in the way!
20:00:28 [allowed] §cThere are blocks in the way!
20:00:28 [allowed] §cThere are blocks in the way!
20:00:47 [allowed] §7Warping...
20:00:48 [allowed] §7Sending to server mini3T...
20:00:48 [allowed] §8 §r§8 §r§1 §r§3 §r§3 §r§7 §r§8 
20:00:50 [allowed] §6§lGROSS! §7While you were offline, §6Pests §7spawned in §aPlots §r§b8§r§7, §r§b2§r§7, §r§b14§r§7, §r§b12§r§7, §r§b6§r§7 and §r§b4§r§r§7!
20:00:50 [allowed] §7Your §r§6☘ Farming Fortune §r§7has been reduced by §r§475%§r§7!
20:00:50 [allowed] §7Click on a plots name in chat to teleport to it!
20:00:51 [allowed] §aYou are playing on profile: §eKiwi§b (Co-op)
20:00:51 [allowed] §8Profile ID: 5c4529cf-354b-4614-bade-d7b413bac13c
20:02:20 [HOPPITY_EGG] §cThis only works during Hoppity's Hunt!
20:02:20 [HOPPITY_EGG] §cThis only works during Hoppity's Hunt!
20:02:20 [HOPPITY_EGG] §cThis only works during Hoppity's Hunt!
20:02:22 [allowed] §cThere are blocks in the way!
20:02:22 [allowed] §cThere are blocks in the way!
20:02:40 [allowed] §cThere are blocks in the way!
20:03:57 [allowed] §7Warping you to your SkyBlock island...
20:03:58 [allowed] §7Sending to server mini193DR...
20:03:59 [allowed] §8 §r§8 §r§1 §r§3 §r§3 §r§7 §r§8 
20:04:01 [allowed] §aYou are playing on profile: §eKiwi§b (Co-op)
20:04:01 [allowed] §8Profile ID: 5c4529cf-354b-4614-bade-d7b413bac13c
20:04:02 [allowed] §cThere are blocks in the way!
20:04:03 [allowed] §aWarped from the §r§7Gray Teleport Pad§r§a to the §r§2Green Teleport Pad§r§a!
20:04:10 [allowed] §aYou despawned your §r§dMithril Golem§r§a!
20:04:19 [allowed] §aYou summoned your §r§dGuardian§r§a!
20:04:27 [allowed] §aYou summoned your §r§dMithril Golem§r§a!
20:04:34 [allowed] §7Warping...
20:04:34 [allowed] §7Sending to server mini62C...
20:04:35 [allowed] §8 §r§8 §r§1 §r§3 §r§3 §r§7 §r§8 
20:04:36 [allowed] §cYou may only use this command after 4s on the server!
20:04:38 [allowed] §aYou are playing on profile: §eKiwi§b (Co-op)
20:04:38 [allowed] §8Profile ID: 5c4529cf-354b-4614-bade-d7b413bac13c
20:04:38 [allowed] §cYou may only use this command after 4s on the server!
20:06:24 [PEST_DROP] §eYou received §a3x Enchanted Sugar §efor killing a §6Mosquito§e!
20:06:30 [allowed] §6[Sacks] §r§a+3§r§e items§r§e.§r§8 (Last 5s.)
20:06:36 [PEST_DROP] §eYou received §a3x Enchanted Potato §efor killing a §6Locust§e!
20:06:42 [allowed] §6[Sacks] §r§a+3§r§e items§r§e.§r§8 (Last 5s.)
20:07:01 [allowed] §4ൠ §r§7The Worm seems to have burrowed its way to somewhere else in the plot!
20:07:10 [PEST_DROP] §eYou received §a4x Enchanted Melon §efor killing an §6Earthworm§e!
20:07:15 [allowed] §6[Sacks] §r§a+4§r§e items§r§e.§r§8 (Last 5s.)
20:07:33 [PEST_DROP] §eYou received §a4x Enchanted Hay Bale §efor killing a §6Fly§e!
20:07:39 [allowed] §6[Sacks] §r§a+4§r§e items§r§e.§r§8 (Last 5s.)
20:07:42 [allowed] §aYour Garden is no longer infested and your §r§6☘ Farming Fortune §r§ahas returned to normal!
20:07:42 [PEST_DROP] §eYou received §a5x Enchanted Pumpkin §efor killing a §6Rat§e!
20:07:48 [allowed] §6[Sacks] §r§a+5§r§e items§r§e.§r§8 (Last 5s.)
20:09:35 [allowed] §aYou earned §r§51,098 Event EXP §r§afrom playing SkyBlock!
20:12:55 [PEST_DROP] §eYou received §a5x Enchanted Cocoa Beans §efor killing a §6Moth§e!
20:13:01 [allowed] §6[Sacks] §r§a+5§r§e items§r§e.§r§8 (Last 5s.)
20:13:35 [PEST_DROP] §eYou received §a4x Enchanted Nether Wart §efor killing a §6Beetle§e!
20:13:41 [allowed] §6[Sacks] §r§a+4§r§e items§r§e.§r§8 (Last 5s.)
20:13:53 [PEST_DROP] §eYou received §a5x Enchanted Potato §efor killing a §6Locust§e!
20:13:53 [allowed] §6§lRARE DROP! §aEnchanted Baked Potato §6(§6+332☘)
20:13:58 [allowed] §6[Sacks] §r§a+6§r§e items§r§e.§r§8 (Last 5s.)
20:14:36 [allowed] §aYou earned §r§5279 Event EXP §r§afrom playing SkyBlock!
20:15:03 [allowed] §e[NPC] Jacob§f: §rMy contest has started!
20:15:04 [allowed] §aYou summoned your §r§6Mooshroom Cow§r§a!
20:15:05 [allowed] §e[NPC] Jacob§f: §r§eFinnegan §fis forcing me to be more lenient with rankings...
20:15:09 [allowed] §e[NPC] Jacob§f: §rYour §9Anita's Artifact §fis giving you §6+25☘ Cactus Fortune §fduring the contest!
20:15:22 [allowed] §6§lGROSS! §7A §6Pest §7has appeared in §aPlot §7- §b12§7!
20:15:22 [allowed]   §r§e§lCLICK HERE §eto teleport to the plot!
20:15:43 [allowed] §6[Sacks] §r§a+48§r§e items§r§e.§r§8 (Last 30s.)
20:15:49 [allowed] §6[Sacks] §r§a+1§r§e item§r§e.§r§8 (Last 5s.)
20:16:18 [allowed] §6[Sacks] §r§a+16§r§e items§r§e.§r§8 (Last 16s.)
20:16:44 [allowed] §6[Sacks] §r§a+6§r§e items§r§e.§r§8 (Last 9s.)
20:16:57 [allowed] §6[Sacks] §r§a+3§r§e items§r§e.§r§8 (Last 7s.)
20:17:07 [allowed] §6[Sacks] §r§a+2§r§e items§r§e.§r§8 (Last 6s.)
20:17:35 [allowed] §6[Sacks] §r§a+29§r§e items§r§e.§r§8 (Last 24s.)
20:17:40 [allowed] §eYou received §a7x Enchanted Red Mushroom §efor killing a §6Slug§e!
20:18:10 [allowed] §6[Sacks] §r§a+42§r§e items§r§e.§r§8 (Last 30s.)
20:18:41 [allowed] §6[Sacks] §r§a+45§r§e items§r§e.§r§8 (Last 30s.)
20:19:12 [allowed] §6[Sacks] §r§a+42§r§e items§r§e.§r§8 (Last 30s.)
20:19:37 [allowed] §aYou earned §r§52,049 Event EXP §r§afrom playing SkyBlock!
20:19:44 [allowed] §6[Sacks] §r§a+40§r§e items§r§e.§r§8 (Last 30s.)
20:19:57 [allowed] §6[Sacks] §r§a+11§r§e items§r§e.§r§8 (Last 12s.)
20:20:29 [allowed] §6§lRARE CROP! §r§f§r§6Fermento §r§b(Armor Set Bonus)
20:20:30 [allowed] §6[Sacks] §r§a+41§r§e items§r§e.§r§8 (Last 30s.)
20:20:32 [allowed] §cThere are blocks in the way!
20:20:32 [allowed] §cThere are blocks in the way!
20:21:01 [allowed] §6[Sacks] §r§a+27§r§e items§r§e.§r§8 (Last 30s.)
20:21:10 [allowed] §6§lGROSS! §7A §6Pest §7has appeared in §aPlot §7- §b12§7!
20:21:10 [allowed]   §r§e§lCLICK HERE §eto teleport to the plot!
20:21:20 [allowed] §6[Sacks] §r§a+11§r§e items§r§e.§r§8 (Last 18s.)
20:21:21 [allowed] §eYou received §a7x Enchanted Pumpkin §efor killing a §6Rat§e!
20:21:26 [allowed] §6[Sacks] §r§a+7§r§e items§r§e.§r§8 (Last 5s.)
20:22:14 [allowed] Unknown command. Type "/help" for help. ('eneu')
20:22:14 [allowed] §7[§bSkyblockAddons§7] §cA feature has stopped you from dropping this "rare" item or tool from your hotbar.
20:22:15 [allowed] §6[Sacks] §r§a+292§r§e items§r§e, §r§c-212§r§e items§r§e.§r§8 (Last 16s.)
20:23:10 [allowed] Unknown command. Type "/help" for help. ('skytils')
20:24:04 [allowed] §6[Sacks] §r§a+635§r§e items§r§e, §r§c-565§r§e items§r§e.§r§8 (Last 30s.)
20:24:17 [allowed] §6[Sacks] §r§a+127§r§e items§r§e, §r§c-115§r§e items§r§e.§r§8 (Last 13s.)
20:24:34 [allowed] §aYour §r§6Mooshroom Cow §r§aleveled up to level §r§994§r§a!
20:24:37 [allowed] §aYou earned §r§51,839 Event EXP §r§afrom playing SkyBlock!
20:24:41 [allowed] §c[Important] §r§eThis server will restart soon: §r§bScheduled Reboot
20:24:41 [allowed] §aThe server will reboot once the Jacob Contest is over.
20:24:47 [allowed] §6[Sacks] §r§a+332§r§e items§r§e, §r§c-294§r§e items§r§e.§r§8 (Last 20s.)
20:25:17 [allowed] §6[Sacks] §r§a+508§r§e items§r§e, §r§c-455§r§e items§r§e.§r§8 (Last 29s.)
20:26:14 [allowed] §6§lGROSS! §7A §6Pest §7has appeared in §aPlot §7- §b4§7!
20:26:14 [allowed]   §r§e§lCLICK HERE §eto teleport to the plot!
20:26:14 [allowed] §6[Sacks] §r§a+617§r§e items§r§e, §r§c-549§r§e items§r§e.§r§8 (Last 30s.)
20:26:34 [allowed] §6[Sacks] §r§a+338§r§e items§r§e, §r§c-301§r§e items§r§e.§r§8 (Last 20s.)
20:26:37 [allowed] ▬▬▬▬▬▬▬▬▬▬▬▬▬▬▬▬▬▬▬▬▬▬▬▬▬▬▬▬▬▬▬▬▬▬▬▬▬▬▬▬▬▬▬▬▬▬▬▬▬▬▬▬▬▬▬▬▬▬▬▬▬▬▬▬
20:26:37 [allowed] §f                                §r§6§k#§r§5 LEVEL UP! §r§6§k#
20:26:37 [allowed] 
20:26:37 [allowed] §f                       §r§7You are now §r§6Event Level §r§57§r§7!
20:26:37 [allowed] §f                       §r§7You earned §r§f26 Event Silver§r§7!
20:26:37 [allowed] 
20:26:37 [allowed] ▬▬▬▬▬▬▬▬▬▬▬▬▬▬▬▬▬▬▬▬▬▬▬▬▬▬▬▬▬▬▬▬▬▬▬▬▬▬▬▬▬▬▬▬▬▬▬▬▬▬▬▬▬▬▬▬▬▬▬▬▬▬▬▬
20:26:46 [allowed] §eYou received §a7x Enchanted Sugar §efor killing a §6Mosquito§e!
20:26:52 [allowed] §6[Sacks] §r§a+7§r§e items§r§e.§r§8 (Last 5s.)
20:27:23 [allowed] §6[Sacks] §r§a+42§r§e items§r§e.§r§8 (Last 30s.)
20:27:55 [allowed] §6[Sacks] §r§a+40§r§e items§r§e.§r§8 (Last 30s.)
20:28:26 [allowed] §6[Sacks] §r§a+41§r§e items§r§e.§r§8 (Last 30s.)
20:28:57 [allowed] §6[Sacks] §r§a+43§r§e items§r§e.§r§8 (Last 30s.)
20:29:28 [allowed] §6[Sacks] §r§a+46§r§e items§r§e.§r§8 (Last 30s.)
20:29:38 [allowed] §aYou earned §r§52,235 Event EXP §r§afrom playing SkyBlock!
20:30:00 [allowed] §6[Sacks] §r§a+37§r§e items§r§e.§r§8 (Last 30s.)
20:30:11 [allowed] §e[NPC] Jacob§f: §r§d§lPERSONAL BEST§f! You've surpassed your previous record of §e89,541 §fitems collected in the §aCactus Contest§f!
20:30:17 [allowed] §e[NPC] Jacob§f: §rKeep it up!
20:30:20 [allowed] §6[Sacks] §r§a+20§r§e items§r§e.§r§8 (Last 19s.)
20:30:31 [allowed] §6[Sacks] §r§a+4§r§e items§r§e.§r§8 (Last 7s.)
20:31:03 [allowed] §6[Sacks] §r§a+31§r§e items§r§e.§r§8 (Last 30s.)
20:31:34 [allowed] §6[Sacks] §r§a+27§r§e items§r§e.§r§8 (Last 30s.)
20:32:00 [allowed] §6§lEWW! §62 Pests §7have spawned in §aPlot §7- §b12§7!
20:32:00 [allowed]   §r§e§lCLICK HERE §eto teleport to the plot!
20:32:05 [allowed] §6[Sacks] §r§a+29§r§e items§r§e.§r§8 (Last 30s.)
20:32:23 [allowed] §6[Sacks] §r§a+14§r§e items§r§e.§r§8 (Last 17s.)
20:32:24 [allowed] §4ൠ §r§7The Worm seems to have burrowed its way to somewhere else in the plot!
20:32:30 [allowed] §eYou received §a7x Enchanted Cocoa Beans §efor killing a §6Moth§e!
20:32:35 [allowed] §6[Sacks] §r§a+7§r§e items§r§e.§r§8 (Last 5s.)
20:32:35 [allowed] §eYou received §a7x Enchanted Melon §efor killing an §6Earthworm§e!
20:32:41 [allowed] §6[Sacks] §r§a+7§r§e items§r§e.§r§8 (Last 5s.)
20:33:13 [allowed] §6[Sacks] §r§a+655§r§e items§r§e, §r§c-583§r§e items§r§e.§r§8 (Last 30s.)
20:33:29 [allowed] §6[Sacks] §r§a+239§r§e items§r§e, §r§c-215§r§e items§r§e.§r§8 (Last 15s.)
20:33:53 [allowed] §6§lRARE CROP! §r§f§r§6Fermento §r§b(Armor Set Bonus)
20:34:00 [allowed] §6[Sacks] §r§a+652§r§e items§r§e, §r§c-582§r§e items§r§e.§r§8 (Last 30s.)
20:34:30 [allowed] §6[Sacks] §r§a+614§r§e items§r§e, §r§c-547§r§e items§r§e.§r§8 (Last 30s.)
20:34:38 [allowed] §aYou earned §r§52,250 Event EXP §r§afrom playing SkyBlock!
20:34:58 [allowed] §e[NPC] Jacob§r§f: The Farming Contest is over!
20:34:58 [allowed] §e[NPC] Jacob§r§f: Let me count the final results eh?
20:35:00 [allowed] §6[Sacks] §r§a+594§r§e items§r§e, §r§c-536§r§e items§r§e.§r§8 (Last 30s.)
20:35:03 [allowed] §7Warping you to your SkyBlock island...
20:35:03 [allowed] §e[NPC] Jacob§f: §rYou placed in the §6§lGOLD §fbracket in the §aCactus Contest§f!
20:35:03 [allowed] §7Sending to server mini152AR...
20:35:04 [allowed] §8 §r§8 §r§1 §r§3 §r§3 §r§7 §r§8 
20:35:07 [allowed] §aYou are playing on profile: §eKiwi§b (Co-op)
20:35:07 [allowed] §8Profile ID: 5c4529cf-354b-4614-bade-d7b413bac13c
20:35:07 [allowed] §7Warping...
20:35:08 [allowed] §7Sending to server mini36AB...
20:35:08 [allowed] §8 §r§8 §r§1 §r§3 §r§3 §r§7 §r§8 
20:35:10 [allowed] §cYou are sending commands too fast! Please slow down.
20:35:11 [allowed] §aYou are playing on profile: §eKiwi§b (Co-op)
20:35:11 [allowed] §8Profile ID: 5c4529cf-354b-4614-bade-d7b413bac13c
20:35:16 [allowed]   §r§6§lFARMING CONTEST REWARDS CLAIMED
20:35:16 [allowed]   §r§a§lREWARDS
20:35:16 [allowed]     §r§7§aJacob's Ticket §8x60
20:35:16 [allowed]     §r§7§aCarnival Ticket
20:35:16 [allowed]     §r§7§aCarnival Ticket
20:35:16 [allowed]     §r§7§aCarnival Ticket
20:35:16 [allowed]     §r§7§aCarnival Ticket §8x2
20:35:16 [allowed]     §r§7§82x §9Turbo-Cacti I Book
20:35:16 [allowed]     §r§7§82x §9Turbo-Cane I Book
20:35:16 [allowed]     §r§7§8+§e1 §7gold medal
20:35:16 [allowed]     §r§7§8+§e1 §7silver medal
20:35:16 [allowed]     §r§7§8+§e2 §7bronze medals
20:35:16 [allowed]     §r§8+§r§b228 Bits
20:35:29 [allowed] §eYou traded §r§c2 Bronze §r§efor §r§f1 Silver§r§e!
20:35:30 [allowed] §eYou traded §r§c2 Bronze §r§efor §r§f1 Silver§r§e!
20:35:31 [allowed] §eYou traded §r§c2 Bronze §r§efor §r§f1 Silver§r§e!
20:35:45 [allowed] §eYou raised your Farming level cap to LI!
20:35:45 [allowed] §aYou bought §r§e+1 Farming Level Cap§r§a!
20:36:35 [GARDEN_VISITOR_MESSAGE] §e[NPC] §9Tammy§f: §r§fI've been planning to build a trap for unaware animals so I can hunt them more efficiently. I really need some cactus, preferably the ones with the biggest spikes!
20:36:38 [GARDEN_VISITOR_MESSAGE] §e[NPC] §aDuke§f: §rYou seem new here. You should probably try to get some §aEnchanted Baked Potato §ffor me.
20:36:44 [GARDEN_VISITOR_MESSAGE] §e[NPC] §aFear Mongerer§f: §r§fMortal, the time of reckoning is near. The Past will light the future.
20:36:46 [GARDEN_VISITOR_MESSAGE] §e[NPC] §aGuy§f: §r§fHeard you may got some mushrooms...I've been looking for some...
20:36:49 [GARDEN_VISITOR_MESSAGE] §e[NPC] §9Gwendolyn§f: §r§fI don't really have a sweet tooth, but chocolate is probably my favorite thing in this world. But the supply is really poor mostly because of the mines' lack of accessibility.
20:36:57 [allowed] §aInserted §r§2308.7 §r§aOrganic Matter from your inventory!
20:37:09 [allowed] §6[Sacks] §r§c-4§r§e items§r§e.§r§8 (Last 5s.)
20:37:12 [allowed] §aInserted §r§251,200 §r§aOrganic Matter from your inventory!
20:37:22 [allowed] §6[Sacks] §r§a+2§r§e items§r§e.§r§8 (Last 5s.)
20:37:32 [allowed] §6§lOFFER ACCEPTED §r§8with §r§9Tammy §r§8(§r§9§lRARE§r§8)
20:37:32 [allowed] 
20:37:32 [allowed]   §r§a§lREWARDS
20:37:32 [allowed]     §r§8+§r§230 §r§7Garden Experience
20:37:32 [allowed]     §r§8+§r§36.8k §r§7Farming XP
20:37:32 [allowed]     §r§8+§r§c50 Copper
20:37:32 [allowed]     §r§8+§r§b12 Bits
20:37:32 [allowed] 
20:37:32 [GARDEN_VISITOR_MESSAGE] §e[NPC] §9Tammy§f: §r§fAmazing! Thanks for taking the time! Now, time to finish my Cactus Trap...and hopefully it boosts my pelt earnings.
20:37:36 [NEW_VISITOR_ARRIVED] §6§r§6Jerry §r§ehas arrived on your §r§aGarden§r§e!
20:37:37 [allowed] §e[NPC] §6Jerry§f: §rHello §bEduardaStarZ§f. Glad to meet you here. I need some §aEnchanted Baked Potato§f.
20:37:37 [allowed] §6[Sacks] §r§c-358§r§e items§r§e.§r§8 (Last 5s.)
20:38:06 [allowed] §7Warping you to your SkyBlock island...
20:38:06 [allowed] §7Sending to server mini188BD...
20:38:07 [allowed] §8 §r§8 §r§1 §r§3 §r§3 §r§7 §r§8 
20:38:08 [allowed] §aWarped from the §r§9Blue Teleport Pad§r§a to the §r§aLime Teleport Pad§r§a!
20:38:09 [allowed] §aYou are playing on profile: §eKiwi§b (Co-op)
20:38:09 [allowed] §8Profile ID: 5c4529cf-354b-4614-bade-d7b413bac13c
20:38:12 [allowed] §cThere are blocks in the way!
20:38:12 [allowed] §cThere are blocks in the way!
20:38:14 [allowed] §aYou summoned your §r§dGuardian§r§a!
20:38:15 [allowed] §aWarped from the §r§7Gray Teleport Pad§r§a to the §r§2Green Teleport Pad§r§a!
20:38:19 [allowed] §cThere are blocks in the way!
20:38:19 [allowed] §cThere are blocks in the way!
20:38:20 [allowed] §aWarped from the §r§2Green Teleport Pad§r§a to the §r§7Gray Teleport Pad§r§a!
20:38:33 [allowed] §aYou summoned your §r§dMithril Golem§r§a!
20:38:50 [allowed] §7Warping...
20:38:50 [allowed] §7Sending to server mini144AP...
20:38:50 [allowed] §8 §r§8 §r§1 §r§3 §r§3 §r§7 §r§8 
20:38:56 [allowed] §aYou are playing on profile: §eKiwi§b (Co-op)
20:38:56 [allowed] §8Profile ID: 5c4529cf-354b-4614-bade-d7b413bac13c
20:39:15 [allowed] §a§l+5 Kill Combo §r§8§r§b+3✯ Magic Find
20:39:22 [allowed] §a§l+10 Kill Combo §r§8+§r§610 §r§7coins per kill
20:39:29 [allowed] §9§l+15 Kill Combo §r§8§r§b+3✯ Magic Find
20:39:37 [allowed] §5§l+20 Kill Combo §r§8§r§3+15☯ Combat Wisdom
20:39:44 [allowed] §6§lRARE DROP! §r§5Glacite Leggings §r§b(+§r§b193% §r§b✯ Magic Find§r§b)
20:39:45 [allowed] §5§l+25 Kill Combo §r§8§r§b+3✯ Magic Find
20:39:49 [allowed] §6§l+30 Kill Combo §r§8+§r§610 §r§7coins per kill
20:39:55 [allowed] §cYour Kill Combo has expired! You reached a 33 Kill Combo!
20:41:35 [allowed] §8[§r§a152§r§8] §r§b[MVP] One_Penguin§f§r§f: what do you want
20:41:43 [allowed] §8[§r§a152§r§8] §r§b[MVP] One_Penguin§f§r§f: why are you staring at me?
20:41:47 [allowed] §8[§r§a152§r§8] §r§b[MVP] One_Penguin§f§r§f: you want a piece of me?
20:41:50 [allowed] §8[§r§e97§r§8] §r§7Glued2Gucci§7§r§7: sorry
20:41:50 [allowed] §c ☠ §r§7§r§7Tylareh§r§7 was killed by Glacite Walker§r§7§r§7.
20:41:54 [allowed] §a§l+5 Kill Combo §r§8§r§b+3✯ Magic Find
20:42:00 [allowed] §8[§r§e100§r§8] §r§a[VIP§6+§a] unknow1561§f§r§f: yea
20:42:02 [allowed] §a§l+10 Kill Combo §r§8+§r§610 §r§7coins per kill
20:42:10 [allowed] §cThere are blocks in the way!
20:42:11 [allowed] §9§l+15 Kill Combo §r§8§r§b+3✯ Magic Find
20:42:16 [allowed] §5§l+20 Kill Combo §r§8§r§3+15☯ Combat Wisdom
20:42:25 [allowed] §5§l+25 Kill Combo §r§8§r§b+3✯ Magic Find
20:42:26 [allowed] §aYou earned §r§5723 Event EXP §r§afrom playing SkyBlock!
20:42:31 [allowed] §6§l+30 Kill Combo §r§8+§r§610 §r§7coins per kill
20:42:44 [allowed] §cYour Kill Combo has expired! You reached a 41 Kill Combo!
20:42:50 [allowed] §cThere are blocks in the way!
20:42:50 [allowed] §cThere are blocks in the way!
20:42:51 [allowed] §cThere are blocks in the way!
20:44:17 [allowed] §a§l+5 Kill Combo §r§8§r§b+3✯ Magic Find
20:44:27 [allowed] §a§l+10 Kill Combo §r§8+§r§610 §r§7coins per kill
20:44:36 [allowed] §9§l+15 Kill Combo §r§8§r§b+3✯ Magic Find
20:44:44 [allowed] §5§l+20 Kill Combo §r§8§r§3+15☯ Combat Wisdom
20:44:50 [allowed] §5§l+25 Kill Combo §r§8§r§b+3✯ Magic Find
20:44:56 [allowed] §6§l+30 Kill Combo §r§8+§r§610 §r§7coins per kill
20:45:09 [allowed] §cThere are blocks in the way!
20:45:11 [allowed] §cYour Kill Combo has expired! You reached a 40 Kill Combo!
20:45:46 [allowed] §a§l+5 Kill Combo §r§8§r§b+3✯ Magic Find
20:45:50 [allowed] §a§l+10 Kill Combo §r§8+§r§610 §r§7coins per kill
20:45:50 [allowed] §6§lRARE DROP! §r§5Glacite Leggings §r§b(+§r§b188% §r§b✯ Magic Find§r§b)
20:46:00 [allowed] §9§l+15 Kill Combo §r§8§r§b+3✯ Magic Find
20:46:07 [allowed] §5§l+20 Kill Combo §r§8§r§3+15☯ Combat Wisdom
20:46:14 [allowed] §5§l+25 Kill Combo §r§8§r§b+3✯ Magic Find
20:46:20 [allowed] §6§lRARE DROP! §r§9Glacite Jewel §r§b(+§r§b199% §r§b✯ Magic Find§r§b)
20:46:23 [allowed] §6§l+30 Kill Combo §r§8+§r§610 §r§7coins per kill
20:46:29 [allowed] §cYour Kill Combo has expired! You reached a 35 Kill Combo!
20:46:31 [allowed] §6§lRARE DROP! §r§5Glacite Helmet §r§b(+§r§b182% §r§b✯ Magic Find§r§b)
20:46:35 [allowed] §a§l+5 Kill Combo §r§8§r§b+3✯ Magic Find
20:46:42 [allowed] §a§l+10 Kill Combo §r§8+§r§610 §r§7coins per kill
20:46:48 [allowed] §9§l+15 Kill Combo §r§8§r§b+3✯ Magic Find
20:46:57 [allowed] §5§l+20 Kill Combo §r§8§r§3+15☯ Combat Wisdom
20:47:00 [allowed] §6§lRARE DROP! §r§9Glacite Jewel §r§b(+§r§b193% §r§b✯ Magic Find§r§b)
20:47:05 [allowed] §5§l+25 Kill Combo §r§8§r§b+3✯ Magic Find
20:47:11 [allowed] §6§l+30 Kill Combo §r§8+§r§610 §r§7coins per kill
20:47:11 [allowed] §6The sound of pickaxes clashing against the rock has attracted the attention of the §r§6§lPOWDER GHAST!
20:47:11 [allowed] §eFind the §r§6Powder Ghast§r§e near the §r§bDivan's Gateway§r§e!
20:47:24 [allowed] §6§lRARE DROP! §r§9Glacite Jewel §r§b(+§r§b199% §r§b✯ Magic Find§r§b)
20:47:30 [allowed] §aYou earned §r§51,692 Event EXP §r§afrom playing SkyBlock!
20:47:34 [allowed] §cYour Kill Combo has expired! You reached a 47 Kill Combo!
20:47:40 [allowed] §a§l+5 Kill Combo §r§8§r§b+3✯ Magic Find
20:47:52 [allowed] §a§l+10 Kill Combo §r§8+§r§610 §r§7coins per kill
20:47:56 [allowed] §9§l+15 Kill Combo §r§8§r§b+3✯ Magic Find
20:48:01 [allowed] §5§l+20 Kill Combo §r§8§r§3+15☯ Combat Wisdom
20:48:08 [allowed] §cYour Kill Combo has expired! You reached a 23 Kill Combo!
20:48:11 [allowed] §6§lRARE DROP! §r§5Glacite Boots §r§b(+§r§b182% §r§b✯ Magic Find§r§b)
20:48:16 [allowed] §a§l+5 Kill Combo §r§8§r§b+3✯ Magic Find
20:48:23 [allowed] §cThere are blocks in the way!
20:48:23 [allowed]  §b⚑ §eThe §b2x Powder §eevent starts in §a20 §eseconds!
 §eThis is a passive event! §bIt's happening everywhere in the §bDwarven Mines!
20:48:26 [allowed] §a§l+10 Kill Combo §r§8+§r§610 §r§7coins per kill
20:48:33 [allowed] §9§l+15 Kill Combo §r§8§r§b+3✯ Magic Find
20:48:41 [allowed] §5§l+20 Kill Combo §r§8§r§3+15☯ Combat Wisdom
20:48:44 [allowed] §a§l▬▬▬▬▬▬▬▬▬▬▬▬▬▬▬▬▬▬▬▬▬▬▬▬▬▬▬▬▬▬▬▬▬▬▬▬▬▬▬▬▬▬▬▬▬▬▬▬▬▬▬▬▬▬▬▬▬▬▬▬▬▬▬▬
20:48:44 [allowed] §f                          §r§b§l2X POWDER STARTED!
20:48:44 [allowed] §f                           §r§7Passive Active Event
20:48:44 [allowed] §f                                        
20:48:44 [allowed] §f        Everybody gets twice as much powder of all types!
20:48:44 [allowed] §a§l▬▬▬▬▬▬▬▬▬▬▬▬▬▬▬▬▬▬▬▬▬▬▬▬▬▬▬▬▬▬▬▬▬▬▬▬▬▬▬▬▬▬▬▬▬▬▬▬▬▬▬▬▬▬▬▬▬▬▬▬▬▬▬▬
20:48:45 [allowed] §5§l+25 Kill Combo §r§8§r§b+3✯ Magic Find
20:48:49 [allowed] §6§l+30 Kill Combo §r§8+§r§610 §r§7coins per kill
20:48:54 [allowed] §cYour Kill Combo has expired! You reached a 32 Kill Combo!
20:49:01 [allowed] §a§l+5 Kill Combo §r§8§r§b+3✯ Magic Find
20:49:10 [allowed] §a§l+10 Kill Combo §r§8+§r§610 §r§7coins per kill
20:49:19 [allowed] §9§l+15 Kill Combo §r§8§r§b+3✯ Magic Find
20:49:24 [allowed] §5§l+20 Kill Combo §r§8§r§3+15☯ Combat Wisdom
20:49:31 [allowed] §5§l+25 Kill Combo §r§8§r§b+3✯ Magic Find
20:49:39 [allowed] §6§l+30 Kill Combo §r§8+§r§610 §r§7coins per kill
20:49:39 [allowed] §6§lRARE DROP! §r§9Glacite Jewel §r§b(+§r§b199% §r§b✯ Magic Find§r§b)
20:49:52 [allowed] §6§lRARE DROP! §r§5Glacite Helmet §r§b(+§r§b199% §r§b✯ Magic Find§r§b)
20:50:01 [allowed] §cYour Kill Combo has expired! You reached a 46 Kill Combo!
20:50:08 [allowed] §a§l+5 Kill Combo §r§8§r§b+3✯ Magic Find
20:50:14 [allowed] §a§l+10 Kill Combo §r§8+§r§610 §r§7coins per kill
20:50:21 [allowed] §cYour Kill Combo has expired! You reached a 14 Kill Combo!
20:50:36 [allowed] §a§l+5 Kill Combo §r§8§r§b+3✯ Magic Find
20:50:40 [allowed] §6§lRARE DROP! §r§5Glacite Leggings §r§b(+§r§b188% §r§b✯ Magic Find§r§b)
20:50:41 [allowed] §a§l+10 Kill Combo §r§8+§r§610 §r§7coins per kill
20:50:49 [allowed] §9§l+15 Kill Combo §r§8§r§b+3✯ Magic Find
20:50:57 [allowed] §6§lRARE DROP! §r§5Glacite Chestplate §r§b(+§r§b193% §r§b✯ Magic Find§r§b)
20:50:57 [allowed] §5§l+20 Kill Combo §r§8§r§3+15☯ Combat Wisdom
20:51:02 [allowed] §6§lRARE DROP! §r§5Glacite Helmet §r§b(+§r§b193% §r§b✯ Magic Find§r§b)
20:51:05 [allowed] §5§l+25 Kill Combo §r§8§r§b+3✯ Magic Find
20:51:06 [allowed] §cThere are blocks in the way!
20:51:10 [allowed] §6§l+30 Kill Combo §r§8+§r§610 §r§7coins per kill
20:51:28 [allowed] §cYour Kill Combo has expired! You reached a 40 Kill Combo!
20:51:32 [allowed] §a§l+5 Kill Combo §r§8§r§b+3✯ Magic Find
20:51:42 [allowed] §a§l+10 Kill Combo §r§8+§r§610 §r§7coins per kill
20:51:48 [allowed] §9§l+15 Kill Combo §r§8§r§b+3✯ Magic Find
20:51:54 [allowed] §6§lRARE DROP! §r§5Glacite Helmet §r§b(+§r§b193% §r§b✯ Magic Find§r§b)
20:51:55 [allowed] §5§l+20 Kill Combo §r§8§r§3+15☯ Combat Wisdom
20:51:57 [allowed] §6§lRARE DROP! §r§5Glacite Helmet §r§b(+§r§b193% §r§b✯ Magic Find§r§b)
20:51:59 [allowed] §6§lRARE DROP! §r§5Glacite Leggings §r§b(+§r§b193% §r§b✯ Magic Find§r§b)
20:52:04 [allowed] §5§l+25 Kill Combo §r§8§r§b+3✯ Magic Find
20:52:09 [allowed] §6§l+30 Kill Combo §r§8+§r§610 §r§7coins per kill
20:52:14 [allowed] §cYour Kill Combo has expired! You reached a 32 Kill Combo!
20:52:16 [allowed] §cThere are blocks in the way!
20:52:20 [allowed] §6§lRARE DROP! §r§5Glacite Boots §r§b(+§r§b182% §r§b✯ Magic Find§r§b)
20:52:22 [allowed] §a§l+5 Kill Combo §r§8§r§b+3✯ Magic Find
20:52:30 [allowed] §a§l+10 Kill Combo §r§8+§r§610 §r§7coins per kill
20:52:33 [allowed] §aYou earned §r§52,250 Event EXP §r§afrom playing SkyBlock!
20:52:37 [allowed] §6§lRARE DROP! §r§5Glacite Leggings §r§b(+§r§b188% §r§b✯ Magic Find§r§b)
20:52:38 [allowed] §9§l+15 Kill Combo §r§8§r§b+3✯ Magic Find
20:52:45 [allowed] §5§l+20 Kill Combo §r§8§r§3+15☯ Combat Wisdom
20:52:51 [allowed] §cYour Kill Combo has expired! You reached a 21 Kill Combo!
20:52:56 [allowed] §a§l+5 Kill Combo §r§8§r§b+3✯ Magic Find
20:53:04 [allowed] §a§l+10 Kill Combo §r§8+§r§610 §r§7coins per kill
20:53:17 [allowed] §9§l+15 Kill Combo §r§8§r§b+3✯ Magic Find
20:53:22 [allowed] §6§lRARE DROP! §r§5Glacite Boots §r§b(+§r§b193% §r§b✯ Magic Find§r§b)
20:53:23 [allowed] §5§l+20 Kill Combo §r§8§r§3+15☯ Combat Wisdom
20:53:33 [allowed] §cYour Kill Combo has expired! You reached a 23 Kill Combo!
20:53:34 [allowed] ▬▬▬▬▬▬▬▬▬▬▬▬▬▬▬▬▬▬▬▬▬▬▬▬▬▬▬▬▬▬▬▬▬▬▬▬▬▬▬▬▬▬▬▬▬▬▬▬▬▬▬▬▬▬▬▬▬▬▬▬▬▬▬▬
20:53:34 [allowed] §f                                §r§6§k#§r§5 LEVEL UP! §r§6§k#
20:53:34 [allowed] 
20:53:34 [allowed] §f                       §r§7You are now §r§6Event Level §r§58§r§7!
20:53:34 [allowed] §f                       §r§7You earned §r§f26 Event Silver§r§7!
20:53:34 [allowed] 
20:53:34 [allowed] ▬▬▬▬▬▬▬▬▬▬▬▬▬▬▬▬▬▬▬▬▬▬▬▬▬▬▬▬▬▬▬▬▬▬▬▬▬▬▬▬▬▬▬▬▬▬▬▬▬▬▬▬▬▬▬▬▬▬▬▬▬▬▬▬
20:53:37 [allowed] §cThere are blocks in the way!
20:53:38 [allowed] §7[§bSkyblockAddons§7] §cClick/drop this item 2 more times if you really want to do this.
20:53:38 [allowed] §7[§bSkyblockAddons§7] §cClick/drop this item 2 more times if you really want to do this.
20:53:39 [allowed] §7[§bSkyblockAddons§7] §cClick/drop this item 1 more time if you really want to do this.
20:53:39 [allowed] §7[§bSkyblockAddons§7] §cClick/drop this item 2 more times if you really want to do this.
20:53:39 [allowed] §7[§bSkyblockAddons§7] §cClick/drop this item 1 more time if you really want to do this.
20:53:39 [allowed] §e⚠ §aYour drops can't be seen by other players in §bSkyBlock§a!
§aOnly you can pickup your dropped items!
§eClick here to disable this alert forever!
20:53:40 [allowed] §7[§bSkyblockAddons§7] §cClick/drop this item 2 more times if you really want to do this.
20:53:40 [allowed] §7[§bSkyblockAddons§7] §cClick/drop this item 1 more time if you really want to do this.
20:53:40 [allowed] §e⚠ §aYour drops can't be seen by other players in §bSkyBlock§a!
§aOnly you can pickup your dropped items!
§eClick here to disable this alert forever!
20:53:46 [allowed] §7[§bSkyblockAddons§7] §cClick/drop this item 2 more times if you really want to do this.
20:53:46 [allowed] §7[§bSkyblockAddons§7] §cClick/drop this item 1 more time if you really want to do this.
20:53:46 [allowed] §7[§bSkyblockAddons§7] §cClick/drop this item 2 more times if you really want to do this.
20:53:46 [allowed] §7[§bSkyblockAddons§7] §cClick/drop this item 1 more time if you really want to do this.
20:53:47 [allowed] §aYou sold §r§5Glacite Leggings§r§8 x1 §r§afor §r§61,750 Coins§r§a!
20:53:47 [allowed] §7[§bSkyblockAddons§7] §cClick/drop this item 2 more times if you really want to do this.
20:53:47 [allowed] §7[§bSkyblockAddons§7] §cClick/drop this item 1 more time if you really want to do this.
20:53:47 [allowed] §7[§bSkyblockAddons§7] §cClick/drop this item 2 more times if you really want to do this.
20:53:47 [allowed] §aYou sold §r§5Glacite Boots§r§8 x1 §r§afor §r§61,750 Coins§r§a!
20:53:47 [allowed] §7[§bSkyblockAddons§7] §cClick/drop this item 2 more times if you really want to do this.
20:53:47 [allowed] §7[§bSkyblockAddons§7] §cClick/drop this item 1 more time if you really want to do this.
20:53:48 [allowed] §7[§bSkyblockAddons§7] §cClick/drop this item 2 more times if you really want to do this.
20:53:48 [allowed] §aYou sold §r§5Glacite Boots§r§8 x1 §r§afor §r§61,750 Coins§r§a!
20:53:48 [allowed] §7[§bSkyblockAddons§7] §cClick/drop this item 2 more times if you really want to do this.
20:53:48 [allowed] §7[§bSkyblockAddons§7] §cClick/drop this item 1 more time if you really want to do this.
20:53:48 [allowed] §aYou sold §r§5Glacite Leggings§r§8 x1 §r§afor §r§61,750 Coins§r§a!
20:53:49 [allowed] §7[§bSkyblockAddons§7] §cClick/drop this item 2 more times if you really want to do this.
20:53:49 [allowed] §7[§bSkyblockAddons§7] §cClick/drop this item 1 more time if you really want to do this.
20:53:49 [allowed] §7[§bSkyblockAddons§7] §cClick/drop this item 2 more times if you really want to do this.
20:53:49 [allowed] §aYou sold §r§5Glacite Leggings§r§8 x1 §r§afor §r§61,750 Coins§r§a!
20:53:49 [allowed] §7[§bSkyblockAddons§7] §cClick/drop this item 2 more times if you really want to do this.
20:53:49 [allowed] §7[§bSkyblockAddons§7] §cClick/drop this item 1 more time if you really want to do this.
20:53:50 [allowed] §7[§bSkyblockAddons§7] §cClick/drop this item 2 more times if you really want to do this.
20:53:50 [allowed] §aYou sold §r§5Glacite Boots§r§8 x1 §r§afor §r§61,750 Coins§r§a!
20:53:50 [allowed] §7[§bSkyblockAddons§7] §cClick/drop this item 2 more times if you really want to do this.
20:53:50 [allowed] §7[§bSkyblockAddons§7] §cClick/drop this item 1 more time if you really want to do this.
20:53:50 [allowed] §7[§bSkyblockAddons§7] §cClick/drop this item 2 more times if you really want to do this.
20:53:50 [allowed] §aYou sold §r§5Glacite Helmet§r§8 x1 §r§afor §r§61,750 Coins§r§a!
20:53:51 [allowed] §7[§bSkyblockAddons§7] §cClick/drop this item 2 more times if you really want to do this.
20:53:51 [allowed] §7[§bSkyblockAddons§7] §cClick/drop this item 1 more time if you really want to do this.
20:53:51 [allowed] §aYou sold §r§5Glacite Leggings§r§8 x1 §r§afor §r§61,750 Coins§r§a!
20:53:51 [allowed] §7[§bSkyblockAddons§7] §cClick/drop this item 2 more times if you really want to do this.
20:53:52 [allowed] §7[§bSkyblockAddons§7] §cClick/drop this item 1 more time if you really want to do this.
20:53:52 [allowed] §7[§bSkyblockAddons§7] §cClick/drop this item 2 more times if you really want to do this.
20:53:52 [allowed] §aYou sold §r§5Glacite Chestplate§r§8 x1 §r§afor §r§61,750 Coins§r§a!
20:53:52 [allowed] §7[§bSkyblockAddons§7] §cClick/drop this item 1 more time if you really want to do this.
20:53:52 [allowed] §7[§bSkyblockAddons§7] §cClick/drop this item 2 more times if you really want to do this.
20:53:52 [allowed] §aYou sold §r§5Glacite Helmet§r§8 x1 §r§afor §r§61,750 Coins§r§a!
20:53:52 [allowed] §7[§bSkyblockAddons§7] §cClick/drop this item 2 more times if you really want to do this.
20:53:52 [allowed] §7[§bSkyblockAddons§7] §cClick/drop this item 1 more time if you really want to do this.
20:53:52 [allowed] §7[§bSkyblockAddons§7] §cClick/drop this item 2 more times if you really want to do this.
20:53:53 [allowed] §aYou sold §r§5Glacite Helmet§r§8 x1 §r§afor §r§61,750 Coins§r§a!
20:53:53 [allowed] §7[§bSkyblockAddons§7] §cClick/drop this item 2 more times if you really want to do this.
20:53:53 [allowed] §7[§bSkyblockAddons§7] §cClick/drop this item 1 more time if you really want to do this.
20:53:53 [allowed] §aYou sold §r§5Glacite Helmet§r§8 x1 §r§afor §r§61,750 Coins§r§a!
20:54:06 [allowed] §7Warping you to your SkyBlock island...
20:54:07 [allowed] §7Sending to server mini73CF...
20:54:07 [allowed] §8 §r§8 §r§1 §r§3 §r§3 §r§7 §r§8 
20:54:10 [allowed] §aYou are playing on profile: §eKiwi§b (Co-op)
20:54:10 [allowed] §8Profile ID: 5c4529cf-354b-4614-bade-d7b413bac13c
20:54:10 [allowed] §aWarped from the §r§7Gray Teleport Pad§r§a to the §r§2Green Teleport Pad§r§a!
20:54:17 [allowed] §7Warping...
20:54:17 [allowed] §7Sending to server mini40AM...
20:54:18 [allowed] §8 §r§8 §r§1 §r§3 §r§3 §r§7 §r§8 
20:54:21 [allowed] §aYou are playing on profile: §eKiwi§b (Co-op)
20:54:21 [allowed] §8Profile ID: 5c4529cf-354b-4614-bade-d7b413bac13c
20:54:22 [allowed] §a§l▬▬▬▬▬▬▬▬▬▬▬▬▬▬▬▬▬▬▬▬▬▬▬▬▬▬▬▬▬▬▬▬▬▬▬▬▬▬▬▬▬▬▬▬▬▬▬▬▬▬▬▬▬▬▬▬▬▬▬▬▬▬▬▬
20:54:22 [allowed] §f                          §r§b§l2X POWDER STARTED!
20:54:22 [allowed] §f                           §r§7Passive Active Event
20:54:22 [allowed] §f                                        
20:54:22 [allowed] §f        Everybody gets twice as much powder of all types!
20:54:22 [allowed] §a§l▬▬▬▬▬▬▬▬▬▬▬▬▬▬▬▬▬▬▬▬▬▬▬▬▬▬▬▬▬▬▬▬▬▬▬▬▬▬▬▬▬▬▬▬▬▬▬▬▬▬▬▬▬▬▬▬▬▬▬▬▬▬▬▬
20:54:27 [allowed] §cThere are blocks in the way!
20:55:23 [allowed] §6[Sacks] §r§a+203§r§e items§r§e.§r§8 (Last 30s.)
20:55:42 [allowed] §6[Sacks] §r§a+8§r§e items§r§e.§r§8 (Last 17s.)
20:55:50 [allowed] §b§lCOMPACT! §r§fYou found an §r§5Enchanted Titanium§r§f!
20:56:02 [allowed] §b§lCOMPACT! §r§fYou found an §r§9Enchanted Mithril§r§f!
20:56:14 [allowed] §6[Sacks] §r§a+26§r§e items§r§e.§r§8 (Last 30s.)
20:56:28 [allowed] §b§lCOMPACT! §r§fYou found an §r§9Enchanted Mithril§r§f!
20:56:35 [allowed] §b§lCOMPACT! §r§fYou found an §r§9Enchanted Mithril§r§f!
20:56:47 [allowed] §6[Sacks] §r§a+24§r§e items§r§e.§r§8 (Last 30s.)
20:57:04 [allowed] §aYou earned §r§5759 Event EXP §r§afrom playing SkyBlock!
20:59:46 [allowed] §8[§r§730§r§8] §r§7♦ §r§a[VIP] NotFussyx2§f§r§f: where sentrys at
20:59:58 [allowed] §9᠅ §r§fYou've earned §r§24,800 Mithril Powder §r§ffrom mining your first Mithril Ore of the day!
21:00:08 [allowed] §f
21:00:08 [allowed] §4[WATCHDOG ANNOUNCEMENT]
21:00:08 [allowed] §fWatchdog has banned §r§c§l10,272§r§f players in the last 7 days.
21:00:08 [allowed] §fStaff have banned an additional §r§c§l12,965§r§f in the last 7 days.
21:00:08 [allowed] §cBlacklisted modifications are a bannable offense!
21:00:08 [allowed] §c
21:00:14 [allowed] §6[Sacks] §r§a+24§r§e items§r§e.§r§8 (Last 30s.)
21:00:27 [allowed] §b§lCOMPACT! §r§fYou found an §r§9Enchanted Mithril§r§f!
21:00:45 [allowed] §6[Sacks] §r§a+23§r§e items§r§e.§r§8 (Last 30s.)
21:01:19 [allowed] §6[Sacks] §r§a+20§r§e items§r§e.§r§8 (Last 30s.)
21:01:50 [allowed] §6[Sacks] §r§a+19§r§e items§r§e.§r§8 (Last 30s.)
21:01:52 [allowed] §b§lCOMPACT! §r§fYou found an §r§9Enchanted Mithril§r§f!
21:01:58 [allowed] §b§lCOMPACT! §r§fYou found an §r§9Enchanted Mithril§r§f!
21:02:09 [allowed] §aYou earned §r§51,155 Event EXP §r§afrom playing SkyBlock!
21:02:21 [allowed] §6[Sacks] §r§a+26§r§e items§r§e.§r§8 (Last 30s.)
21:02:43 [allowed] §e✆ RING... 
21:02:44 [allowed] §e✆ RING... RING... 
21:02:45 [allowed] §e✆ RING... RING... RING... 
21:02:46 [allowed] §6[Sacks] §r§a+12§r§e items§r§e.§r§8 (Last 22s.)
21:02:56 [allowed] §6[Sacks] §r§a+3§r§e items§r§e.§r§8 (Last 7s.)
21:03:20 [allowed] §b§lCOMPACT! §r§fYou found an §r§9Enchanted Mithril§r§f!
21:03:28 [allowed] §b§lCOMPACT! §r§fYou found an §r§9Enchanted Mithril§r§f!
21:03:30 [allowed] §6[Sacks] §r§a+25§r§e items§r§e.§r§8 (Last 30s.)
21:03:52 [allowed] §7Warping you to your SkyBlock island...
21:03:52 [allowed] §7Sending to server mini96BT...
21:03:53 [allowed] §8 §r§8 §r§1 §r§3 §r§3 §r§7 §r§8 
21:03:56 [allowed] §aYou are playing on profile: §eKiwi§b (Co-op)
21:03:56 [allowed] §8Profile ID: 5c4529cf-354b-4614-bade-d7b413bac13c
21:03:56 [allowed] §aWarped from the §r§7Gray Teleport Pad§r§a to the §r§2Green Teleport Pad§r§a!
21:04:01 [allowed] §aYou summoned your §r§dGuardian§r§a!
21:04:43 [allowed] §eYou claimed the §r§dChronomatron §r§erewards!
21:04:43 [allowed]  §r§8+§r§330,000 Enchanting Exp
21:04:43 [allowed] §8 +§r§d1 Superpairs click
21:04:53 [allowed] §eYou claimed the §r§dUltrasequencer §r§erewards!
21:04:53 [allowed]  §r§8+§r§37,000 Enchanting Exp
21:04:53 [allowed] §8 +§r§d0 Superpairs clicks
21:05:43 [allowed] §eYou claimed the §r§dSuperpairs §r§erewards!
21:05:43 [allowed] §8 +§r§3600k Enchanting Exp
21:05:43 [allowed]  §r§8+§r§aThunderbolt V
21:05:48 [allowed] §d☕ §r§eYou renewed the experiment table! §r§b(1/3)
21:07:00 [allowed] §eYou claimed the §r§dChronomatron §r§erewards!
21:07:00 [allowed]  §r§8+§r§354,000 Enchanting Exp
21:07:00 [allowed] §8 +§r§d3 Superpairs clicks
21:08:24 [allowed] §eYou claimed the §r§dUltrasequencer §r§erewards!
21:08:24 [allowed]  §r§8+§r§342,000 Enchanting Exp
21:08:24 [allowed] §8 +§r§d3 Superpairs clicks
21:08:53 [allowed] §aYou earned §r§5414 Event EXP §r§afrom playing SkyBlock!
21:09:19 [allowed] §6[Bazaar] §r§c§r§cYou cannot afford this!
21:09:25 [allowed] §8Withdrawing coins...
21:09:25 [allowed] §aWithdrew §r§624M coins§r§a! There's now §r§60 coins §r§aleft in the account!
21:09:28 [allowed] §6[Bazaar] §r§7Executing instant buy...
21:09:28 [allowed] §3You applied 1,100,000 experience!
21:09:28 [allowed] §6[Bazaar] §r§7Bought §r§a1§r§7x §r§9Titanic Experience Bottle §r§7for §r§6609,950 coins§r§7!
21:10:14 [allowed] §eYou claimed the §r§dSuperpairs §r§erewards!
21:10:14 [allowed] §8 +§r§3600k Enchanting Exp
21:10:14 [allowed]  §r§8+§r§9Fire Protection VI
21:10:14 [allowed]  §r§8+§r§9Power VI
21:10:21 [allowed] §d☕ §r§eYou renewed the experiment table! §r§b(2/3)
21:11:38 [allowed] §eYou claimed the §r§dChronomatron §r§erewards!
21:11:38 [allowed]  §r§8+§r§354,000 Enchanting Exp
21:11:38 [allowed] §8 +§r§d3 Superpairs clicks
21:12:10 [allowed] §eYou claimed the §r§dUltrasequencer §r§erewards!
21:12:10 [allowed]  §r§8+§r§342,000 Enchanting Exp
21:12:10 [allowed] §8 +§r§d3 Superpairs clicks
21:12:15 [allowed] §6[Bazaar] §r§7Executing instant buy...
21:12:15 [allowed] §3You applied 1,100,000 experience!
21:12:15 [allowed] §6[Bazaar] §r§7Bought §r§a1§r§7x §r§9Titanic Experience Bottle §r§7for §r§6609,950 coins§r§7!
21:12:59 [allowed] §eYou claimed the §r§dSuperpairs §r§erewards!
21:12:59 [allowed] §8 +§r§3600k Enchanting Exp
21:12:59 [allowed]  §r§8+§r§383k Enchanting Exp
21:12:59 [allowed]  §r§8+§r§9Giant Killer VI
21:12:59 [allowed]  §r§8+§r§fLife Steal IV
21:12:59 [allowed]  §r§8+§r§3133k Enchanting Exp
21:13:18 [allowed] §6[Bazaar] §r§7Executing instant buy...
21:13:18 [allowed] §3You applied 1,100,000 experience!
21:13:18 [allowed] §6[Bazaar] §r§7Bought §r§a1§r§7x §r§9Titanic Experience Bottle §r§7for §r§6609,950 coins§r§7!
21:13:20 [allowed] §d☕ §r§eYou renewed the experiment table! §r§b(3/3)
21:13:23 [allowed] §6[Bazaar] §r§7Executing instant buy...
21:13:23 [allowed] §3You applied 1,100,000 experience!
21:13:23 [allowed] §6[Bazaar] §r§7Bought §r§a1§r§7x §r§9Titanic Experience Bottle §r§7for §r§6609,950 coins§r§7!
21:14:45 [allowed] §eYou claimed the §r§dChronomatron §r§erewards!
21:14:45 [allowed]  §r§8+§r§354,000 Enchanting Exp
21:14:45 [allowed] §8 +§r§d3 Superpairs clicks
21:15:24 [allowed] §eYou claimed the §r§dUltrasequencer §r§erewards!
21:15:24 [allowed]  §r§8+§r§342,000 Enchanting Exp
21:15:24 [allowed] §8 +§r§d3 Superpairs clicks
21:16:12 [allowed] §eYou claimed the §r§dSuperpairs §r§erewards!
21:16:12 [allowed] §8 +§r§3600k Enchanting Exp
21:16:12 [allowed]  §r§8+§r§aProsecute V
21:16:12 [allowed]  §r§8+§r§3135k Enchanting Exp
21:16:12 [allowed]  §r§8+§r§aVenomous V
21:16:12 [allowed]  §r§8+§r§3137k Enchanting Exp
21:16:12 [allowed]  §r§8+§r§9Titanic Experience Bottle
21:16:12 [allowed]  §r§8+§r§388k Enchanting Exp
21:16:23 [allowed] §cThere are blocks in the way!
21:16:23 [allowed] §cThere are blocks in the way!
21:16:24 [allowed] §aWarped from the §r§2Green Teleport Pad§r§a to the §r§7Gray Teleport Pad§r§a!
21:16:49 [allowed] §6[Bazaar] §r§7Executing instant sell...
21:16:49 [allowed] §6[Bazaar] §r§7Sold §r§a1§r§7x §r§9Power VI §r§7for §r§6104,932 coins§r§7!
21:16:49 [allowed] §6[Bazaar] §r§7Sold §r§a1§r§7x §r§9Giant Killer VI §r§7for §r§6400,001 coins§r§7!
21:17:44 [allowed] §6[Bazaar] §r§7Putting goods in escrow...
21:17:44 [allowed] §6[Bazaar] §r§7Submitting sell offer...
21:17:44 [allowed] §6[Bazaar] §r§7§r§eSell Offer Setup! §r§a2§r§7x §r§9Titanic Experience Bottle §r§7for §r§61,206,177 coins§r§7.
21:17:46 [allowed] §6[Bazaar] §eYour §6Sell Offer §efor §a2§7x §9Titanic Experience Bottle §ewas filled!
21:17:48 [allowed] §6[Bazaar] §r§7Putting goods in escrow...
21:17:48 [allowed] §6[Bazaar] §r§7Submitting sell offer...
21:17:49 [allowed] §6[Bazaar] §r§7§r§eSell Offer Setup! §r§a24§r§7x §r§aGrand Experience Bottle §r§7for §r§6117,217 coins§r§7.
21:17:54 [allowed] §6[Bazaar] §eYour §6Sell Offer §efor §a24§7x §aGrand Experience Bottle §ewas filled!
21:18:13 [allowed] §6[Bazaar] §r§7Claiming orders...
21:18:13 [allowed] §6[Bazaar] §r§7§r§7Claimed §r§6117,217 coins §r§7from selling §r§a24§r§7x §r§aGrand Experience Bottle §r§7at §r§64,939.6 §r§7each!
21:18:13 [allowed] §6[Bazaar] §r§7§r§7Claimed §r§61,206,177 coins §r§7from selling §r§a2§r§7x §r§9Titanic Experience Bottle §r§7at §r§6609,950 §r§7each!
21:18:29 [allowed] §8Depositing coins...
21:18:29 [allowed] §aDeposited §r§623M coins§r§a! There's now §r§623M coins §r§ain the account!
21:18:54 [allowed] §7Warping...
21:18:54 [allowed] §7Sending to server mini37DC...
21:18:55 [allowed] §8 §r§8 §r§1 §r§3 §r§3 §r§7 §r§8 
21:18:58 [allowed] §aYou are playing on profile: §eKiwi§b (Co-op)
21:18:58 [allowed] §8Profile ID: 5c4529cf-354b-4614-bade-d7b413bac13c
21:19:39 [allowed] §cThere are blocks in the way!
21:20:05 [allowed] §cThere are blocks in the way!
21:20:08 [allowed] §6§lGROSS! §7A §6Pest §7has appeared in §aPlot §7- §b5§7!
21:20:08 [allowed]   §r§e§lCLICK HERE §eto teleport to the plot!
21:20:12 [allowed] §6[Sacks] §r§a+503§r§e items§r§e, §r§c-445§r§e items§r§e.§r§8 (Last 30s.)
21:20:43 [allowed] §6[Sacks] §r§a+520§r§e items§r§e, §r§c-457§r§e items§r§e.§r§8 (Last 30s.)
21:20:58 [allowed] §cThere are blocks in the way!
21:21:13 [allowed] §6[Sacks] §r§a+548§r§e items§r§e, §r§c-484§r§e items§r§e.§r§8 (Last 30s.)
21:21:43 [allowed] §aYou summoned your §r§6Mooshroom Cow§r§a!
21:21:44 [allowed] §6[Sacks] §r§a+512§r§e items§r§e, §r§c-451§r§e items§r§e.§r§8 (Last 30s.)
21:22:15 [allowed] §6[Sacks] §r§a+599§r§e items§r§e, §r§c-515§r§e items§r§e.§r§8 (Last 30s.)
21:22:35 [allowed] §cThere are blocks in the way!
21:22:46 [allowed] §6[Sacks] §r§a+561§r§e items§r§e, §r§c-483§r§e items§r§e.§r§8 (Last 30s.)
21:23:17 [allowed] §6[Sacks] §r§a+584§r§e items§r§e, §r§c-505§r§e items§r§e.§r§8 (Last 30s.)
21:23:48 [allowed] §6[Sacks] §r§a+581§r§e items§r§e, §r§c-500§r§e items§r§e.§r§8 (Last 30s.)
21:23:55 [allowed] §aYou earned §r§51,734 Event EXP §r§afrom playing SkyBlock!
21:24:18 [allowed] §cThere are blocks in the way!
21:24:19 [allowed] §6[Sacks] §r§a+483§r§e items§r§e, §r§c-418§r§e items§r§e.§r§8 (Last 30s.)
21:24:50 [allowed] §6[Sacks] §r§a+590§r§e items§r§e, §r§c-509§r§e items§r§e.§r§8 (Last 30s.)
21:25:05 [allowed] §cThere are blocks in the way!
21:25:21 [allowed] §6[Sacks] §r§a+587§r§e items§r§e, §r§c-504§r§e items§r§e.§r§8 (Last 30s.)
21:25:27 [allowed] §6§lGROSS! §7A §6Pest §7has appeared in §aPlot §7- §b2§7!
21:25:27 [allowed]   §r§e§lCLICK HERE §eto teleport to the plot!
21:25:35 [HOPPITY_EGG] §cThis only works during Hoppity's Hunt!
21:25:35 [HOPPITY_EGG] §cThis only works during Hoppity's Hunt!
21:25:36 [HOPPITY_EGG] §cThis only works during Hoppity's Hunt!
21:25:36 [HOPPITY_EGG] §cThis only works during Hoppity's Hunt!
21:25:36 [HOPPITY_EGG] §cThis only works during Hoppity's Hunt!
21:25:36 [HOPPITY_EGG] §cThis only works during Hoppity's Hunt!
21:25:40 [allowed] §e⚠ §aYour drops can't be seen by other players in §bSkyBlock§a!
§aOnly you can pickup your dropped items!
§eClick here to disable this alert forever!
21:25:40 [allowed] §6[Sacks] §r§a+259§r§e items§r§e, §r§c-224§r§e items§r§e.§r§8 (Last 18s.)
21:25:49 [allowed] §eYou received §a7x Enchanted Brown Mushroom §efor killing a §6Slug§e!
21:26:13 [allowed] §cThere are blocks in the way!
21:26:20 [allowed] §6[Sacks] §r§a+491§r§e items§r§e, §r§c-418§r§e items§r§e.§r§8 (Last 30s.)
21:26:51 [allowed] §6[Sacks] §r§a+592§r§e items§r§e, §r§c-511§r§e items§r§e.§r§8 (Last 30s.)
21:27:22 [allowed] §6[Sacks] §r§a+585§r§e items§r§e, §r§c-507§r§e items§r§e.§r§8 (Last 30s.)
21:27:33 [allowed] §cThere are blocks in the way!
21:27:34 [allowed] §cThere are blocks in the way!
21:27:34 [allowed] §cThere are blocks in the way!
21:27:36 [allowed] §6[Sacks] §r§a+172§r§e items§r§e, §r§c-147§r§e items§r§e.§r§8 (Last 13s.)
21:27:39 [allowed] §e[NPC] §6Phillip§f: §rThanks for the §6Pests§f, §bEduardaStarZ§f!
21:27:40 [allowed] §cThere are blocks in the way!
21:27:42 [allowed] §e[NPC] §6Phillip§f: §rIn exchange for §640 Pests§f, I've given you §6+200☘ Farming Fortune §ffor §a60m§f!
21:27:47 [allowed] §e[NPC] §6Phillip§f: §rYou've exchanged enough Pests with me recently. You still have §654 Pests §fin your §6Vacuum Bag§f!
21:27:52 [allowed] §e[NPC] §6Phillip§f: §rCome back soon when I can handle more!
21:28:15 [allowed] §6[Sacks] §r§a+615§r§e items§r§e, §r§c-509§r§e items§r§e.§r§8 (Last 30s.)
21:28:29 [allowed] §cThere are blocks in the way!
21:28:29 [allowed] §6[Sacks] §r§a+171§r§e items§r§e, §r§c-143§r§e items§r§e.§r§8 (Last 13s.)
21:28:53 [allowed] §cThere are blocks in the way!
21:28:56 [allowed] §aYou earned §r§52,250 Event EXP §r§afrom playing SkyBlock!
21:29:00 [allowed] §6[Sacks] §r§a+568§r§e items§r§e, §r§c-475§r§e items§r§e.§r§8 (Last 30s.)
21:29:31 [allowed] §6[Sacks] §r§a+627§r§e items§r§e, §r§c-531§r§e items§r§e.§r§8 (Last 30s.)
21:30:02 [allowed] §6[Sacks] §r§a+614§r§e items§r§e, §r§c-520§r§e items§r§e.§r§8 (Last 30s.)
21:30:27 [allowed] §cThere are blocks in the way!
21:30:29 [allowed] §6§lGROSS! §7A §6Pest §7has appeared in §aPlot §7- §b5§7!
21:30:29 [allowed]   §r§e§lCLICK HERE §eto teleport to the plot!
21:30:33 [allowed] §6[Sacks] §r§a+586§r§e items§r§e, §r§c-491§r§e items§r§e.§r§8 (Last 30s.)
21:31:04 [allowed] §6[Sacks] §r§a+593§r§e items§r§e, §r§c-503§r§e items§r§e.§r§8 (Last 30s.)
21:31:15 [allowed] §cThere are blocks in the way!
21:31:36 [allowed] §6[Sacks] §r§a+607§r§e items§r§e, §r§c-512§r§e items§r§e.§r§8 (Last 30s.)
21:32:02 [allowed] §cThere are blocks in the way!
21:32:06 [allowed] §6[Sacks] §r§a+577§r§e items§r§e, §r§c-486§r§e items§r§e.§r§8 (Last 30s.)
21:32:37 [allowed] §6[Sacks] §r§a+626§r§e items§r§e, §r§c-530§r§e items§r§e.§r§8 (Last 30s.)
21:32:56 [allowed] ▬▬▬▬▬▬▬▬▬▬▬▬▬▬▬▬▬▬▬▬▬▬▬▬▬▬▬▬▬▬▬▬▬▬▬▬▬▬▬▬▬▬▬▬▬▬▬▬▬▬▬▬▬▬▬▬▬▬▬▬▬▬▬▬
21:32:56 [allowed] §f                                §r§6§k#§r§5 LEVEL UP! §r§6§k#
21:32:56 [allowed] 
21:32:56 [allowed] §f                       §r§7You are now §r§6Event Level §r§59§r§7!
21:32:56 [allowed] §f                       §r§7You earned §r§f26 Event Silver§r§7!
21:32:56 [allowed] 
21:32:56 [allowed] ▬▬▬▬▬▬▬▬▬▬▬▬▬▬▬▬▬▬▬▬▬▬▬▬▬▬▬▬▬▬▬▬▬▬▬▬▬▬▬▬▬▬▬▬▬▬▬▬▬▬▬▬▬▬▬▬▬▬▬▬▬▬▬▬
21:33:03 [allowed] §e[NPC] Jacob§f: §r§d§lPERSONAL BEST§f! You've surpassed your previous record of §e329,439 §fitems collected in the §aPotato Contest§f!
21:33:08 [allowed] §6[Sacks] §r§a+521§r§e items§r§e, §r§c-440§r§e items§r§e.§r§8 (Last 30s.)
21:33:09 [allowed] §e[NPC] Jacob§f: §rKeep it up!
21:33:39 [allowed] §6[Sacks] §r§a+615§r§e items§r§e, §r§c-520§r§e items§r§e.§r§8 (Last 30s.)
21:33:56 [allowed] §aYou earned §r§52,250 Event EXP §r§afrom playing SkyBlock!
21:34:10 [allowed] §6[Sacks] §r§a+606§r§e items§r§e, §r§c-511§r§e items§r§e.§r§8 (Last 30s.)
21:34:41 [allowed] §6[Sacks] §r§a+614§r§e items§r§e, §r§c-519§r§e items§r§e.§r§8 (Last 30s.)
21:34:58 [allowed] §e[NPC] Jacob§r§f: The Farming Contest is over!
21:34:58 [allowed] §e[NPC] Jacob§r§f: Let me count the final results eh?
21:35:03 [allowed] §e[NPC] Jacob§f: §rYou placed in the §6§lGOLD §fbracket in the §aPotato Contest§f!
21:35:05 [allowed] §6[Sacks] §r§a+380§r§e items§r§e, §r§c-322§r§e items§r§e.§r§8 (Last 23s.)
21:35:05 [allowed] §cThere are blocks in the way!
21:35:07 [allowed] §e[NPC] Jacob§f: §rYou collected §e384,370 §fitems! §d§lPERSONAL BEST§f!
21:35:10 [allowed] §e[NPC] Jacob§f: §rYour previous Personal Best was §e329,439§f.
21:35:13 [allowed] §e[NPC] Jacob§f: §rYour §6Personal Bests §fperk is now granting you §6+12.81☘ Potato Fortune§f!
21:35:24 [allowed]   §r§6§lFARMING CONTEST REWARDS CLAIMED
21:35:24 [allowed]   §r§a§lREWARDS
21:35:24 [allowed]     §r§7§aJacob's Ticket §8x25
21:35:24 [allowed]     §r§7§aCarnival Ticket §8x2
21:35:24 [allowed]     §r§7§81x §9Turbo-Potato I Book
21:35:24 [allowed]     §r§7§8+§e1 §7gold medal
21:35:24 [allowed]     §r§8+§r§b72 Bits
21:35:45 [allowed] §cYou don't have the required items!
21:36:03 [allowed] §eMaxed the Supercraft to §r§b15x crafts§r§e!
21:36:04 [allowed] §eYou Supercrafted §r§r§r§aEnchanted Baked Potato §r§8x15§r§e!
21:36:05 [GARDEN_VISITOR_MESSAGE] §e[NPC] §6Jerry§f: §rHello §bEduardaStarZ§f. Glad to meet you here. I need some §aEnchanted Baked Potato§f.
21:36:09 [allowed] §6[Sacks] §r§a+15§r§e items§r§e, §r§c-2,400§r§e items§r§e.§r§8 (Last 5s.)
21:36:19 [allowed] §6§lOFFER ACCEPTED §r§8with §r§6Jerry §r§8(§r§6§lLEGENDARY§r§8)
21:36:19 [allowed] 
21:36:19 [allowed]   §r§a§lREWARDS
21:36:19 [allowed]     §r§8+§r§275 §r§7Garden Experience
21:36:19 [allowed]     §r§8+§r§386k §r§7Farming XP
21:36:19 [allowed]     §r§8+§r§c314 Copper
21:36:19 [allowed]     §r§8+§r§b6 Bits
21:36:19 [allowed] 
21:36:19 [GARDEN_VISITOR_MESSAGE] §e[NPC] §6Jerry§f: §r§fThis is not my realm. I must return. Thank you.
21:36:23 [NEW_VISITOR_ARRIVED] §a§r§aJack §r§ehas arrived on your §r§aGarden§r§e!
21:36:24 [GARDEN_VISITOR_MESSAGE] §e[NPC] §aDuke§f: §rYou seem new here. You should probably try to get some §aEnchanted Baked Potato §ffor me.
21:36:24 [allowed] §6[Sacks] §r§c-11§r§e items§r§e.§r§8 (Last 5s.)
21:36:27 [allowed] §6§lOFFER ACCEPTED §r§8with §r§aDuke §r§8(§r§a§lUNCOMMON§r§8)
21:36:27 [allowed] 
21:36:27 [allowed]   §r§a§lREWARDS
21:36:27 [allowed]     §r§8+§r§215 §r§7Garden Experience
21:36:27 [allowed]     §r§8+§r§321k §r§7Farming XP
21:36:27 [allowed]     §r§8+§r§c24 Copper
21:36:27 [allowed]     §r§8+§r§b6 Bits
21:36:27 [allowed] 
21:36:27 [GARDEN_VISITOR_MESSAGE] §e[NPC] §aDuke§f: §r§fSee ya next time!
21:36:30 [GARDEN_VISITOR_MESSAGE] §e[NPC] §aJack§f: §r§fDid you know that you gain additional §6☘ Farming Fortune §fwhile on the §aThe Garden§f? You can check it in your SkyBlock Profile!
21:36:32 [allowed] §6[Sacks] §r§c-4§r§e items§r§e.§r§8 (Last 5s.)
21:36:33 [allowed] §6§lOFFER ACCEPTED §r§8with §r§aJack §r§8(§r§a§lUNCOMMON§r§8)
21:36:33 [allowed] 
21:36:33 [allowed]   §r§a§lREWARDS
21:36:33 [allowed]     §r§8+§r§215 §r§7Garden Experience
21:36:33 [allowed]     §r§8+§r§36k §r§7Farming XP
21:36:33 [allowed]     §r§8+§r§c20 Copper
21:36:33 [allowed]     §r§8+§r§b6 Bits
21:36:33 [allowed] 
21:36:33 [GARDEN_VISITOR_MESSAGE] §e[NPC] §aJack§f: §r§fThanks for the crops. See ya around.
21:36:37 [GARDEN_VISITOR_MESSAGE] §e[NPC] §9Gwendolyn§f: §r§fI don't really have a sweet tooth, but chocolate is probably my favorite thing in this world. But the supply is really poor mostly because of the mines' lack of accessibility.
21:36:38 [allowed] §6[Sacks] §r§c-23§r§e items§r§e.§r§8 (Last 5s.)
21:36:59 [allowed] §6[Sacks] §r§c-2§r§e items§r§e.§r§8 (Last 5s.)
21:37:00 [allowed] §aInserted §r§225,933 §r§aOrganic Matter from your inventory!
21:37:04 [allowed] §eYour Mining Sack §r§eis full of §r§fMithril§r§e!
21:37:04 [allowed] §eYour Mining Sack §r§eis full of §r§9Titanium§r§e!
21:37:07 [GARDEN_VISITOR_MESSAGE] §e[NPC] §aFear Mongerer§f: §r§fMortal, the time of reckoning is near. The Past will light the future.
21:37:09 [allowed] §6[Sacks] §r§a+1§r§e item§r§e.§r§8 (Last 5s.)
21:37:30 [allowed] §9§lRARE DROP! §r§eDicer dropped §r§a2x §r§aEnchanted Pumpkin§r§e!
21:37:39 [allowed] §a§lUNCOMMON DROP! §r§eDicer dropped §r§a1x §r§aEnchanted Pumpkin§r§e!
21:37:51 [allowed] §6[Sacks] §r§a+31§r§e items§r§e.§r§8 (Last 30s.)
21:38:13 [allowed] §6§lEWW! §62 Pests §7have spawned in §aPlot §7- §b5§7!
21:38:13 [allowed]   §r§4§lൠ §6☘ Farming Fortune §7has been reduced by §45%§7!
21:38:13 [allowed]   §r§e§lCLICK HERE §eto teleport to the plot!
21:38:15 [allowed] §a§lUNCOMMON DROP! §r§eDicer dropped §r§a1x §r§aEnchanted Pumpkin§r§e!
21:38:27 [allowed] §6[Sacks] §r§a+32§r§e items§r§e.§r§8 (Last 30s.)
21:38:33 [allowed] §6[Sacks] §r§a+1§r§e item§r§e.§r§8 (Last 5s.)
21:38:41 [allowed] §4ൠ §r§7The Worm seems to have burrowed its way to somewhere else in the plot!
21:38:55 [allowed] §aYour Garden is no longer infested and your §r§6☘ Farming Fortune §r§ahas returned to normal!
21:38:55 [allowed] §eYou received §a9x Enchanted Melon §efor killing an §6Earthworm§e!
21:38:57 [allowed] §aYou earned §r§52,250 Event EXP §r§afrom playing SkyBlock!
21:39:01 [allowed] §6[Sacks] §r§a+9§r§e items§r§e.§r§8 (Last 5s.)
21:39:01 [allowed] §eYou received §a9x Enchanted Cocoa Beans §efor killing a §6Moth§e!
21:39:07 [allowed] §6[Sacks] §r§a+10§r§e items§r§e.§r§8 (Last 5s.)
21:39:10 [allowed] §eYou received §a10x Enchanted Brown Mushroom §efor killing a §6Slug§e!
21:39:16 [allowed] §6[Sacks] §r§a+10§r§e items§r§e.§r§8 (Last 5s.)
21:39:20 [allowed] §eYou received §a10x Enchanted Nether Wart §efor killing a §6Beetle§e!
21:39:26 [allowed] §6[Sacks] §r§a+10§r§e items§r§e.§r§8 (Last 5s.)
21:39:37 [allowed] §cThere are blocks in the way!
21:39:38 [allowed] §cThere are blocks in the way!
21:39:41 [allowed] §3§l▬▬▬▬▬▬▬▬▬▬▬▬▬▬▬▬▬▬▬▬▬▬▬▬▬▬▬▬▬▬▬▬▬▬▬▬▬▬▬▬▬▬▬▬▬▬▬▬▬▬▬▬▬▬▬▬▬▬▬▬▬▬▬▬
21:39:41 [allowed]   §r§b§lSKILL LEVEL UP §3Farming §8XXXVI➜§3XXXVII
21:39:41 [allowed] 
21:39:41 [allowed]   §r§a§lREWARDS
21:39:41 [allowed]    §r§eFarmhand XXXVII
21:39:41 [allowed]    §r  §7§fGrants §a+§8144➜§a148§f §6☘ Farming Fortune§f, which increases your
21:39:41 [allowed]    §r  §fchance for multiple crops.
21:39:41 [allowed]    §r§7§8+§a5 §c❤ Health
21:39:41 [allowed]    §r§7§8+§6550,000 §7Coins
21:39:41 [allowed]    §r§7§8+§b20 SkyBlock XP
21:39:41 [allowed] §3§l▬▬▬▬▬▬▬▬▬▬▬▬▬▬▬▬▬▬▬▬▬▬▬▬▬▬▬▬▬▬▬▬▬▬▬▬▬▬▬▬▬▬▬▬▬▬▬▬▬▬▬▬▬▬▬▬▬▬▬▬▬▬▬▬
21:39:41 [allowed] §6§lOFFER ACCEPTED §r§8with §r§aFear Mongerer §r§8(§r§a§lUNCOMMON§r§8)
21:39:41 [allowed] 
21:39:41 [allowed]   §r§a§lREWARDS
21:39:41 [allowed]     §r§8+§r§215 §r§7Garden Experience
21:39:41 [allowed]     §r§8+§r§34k §r§7Farming XP
21:39:41 [allowed]     §r§8+§r§c14 Copper
21:39:41 [allowed]     §r§8+§r§b6 Bits
21:39:41 [allowed]     §r§7§aGreen Candy
21:39:41 [allowed] 
21:39:41 [GARDEN_VISITOR_MESSAGE] §e[NPC] §aFear Mongerer§f: §r§fMay your destiny be ridded with fortune.
21:39:46 [GARDEN_VISITOR_MESSAGE] §e[NPC] §aGuy§f: §r§fHeard you may got some mushrooms...I've been looking for some...
21:39:47 [allowed] §6[Sacks] §r§c-113§r§e items§r§e.§r§8 (Last 5s.)
21:39:54 [GARDEN_VISITOR_MESSAGE] §e[NPC] §aGuy§f: §r§fOh man gee, that's awful man, call me when you got 'em alright?
21:40:06 [allowed] §aInserted §r§2352 §r§aOrganic Matter from your inventory!
21:40:22 [allowed] §eYour Mining Sack §r§eis full of §r§fMithril§r§e!
21:40:22 [allowed] §eYour Mining Sack §r§eis full of §r§9Titanium§r§e!
21:40:25 [allowed] §eYour Mining Sack §r§eis full of §r§fMithril§r§e!
21:40:33 [allowed] §6[Sacks] §r§a+227§r§e items§r§e, §r§c-448§r§e items§r§e.§r§8 (Last 12s.)
21:40:40 [allowed] §eFungi Cutter Mode: §r§cRed Mushrooms
21:40:52 [allowed] §6[Sacks] §r§a+2§r§e items§r§e.§r§8 (Last 6s.)
21:41:34 [allowed] §6[Sacks] §r§a+39§r§e items§r§e.§r§8 (Last 30s.)
21:41:47 [allowed] §6[Sacks] §r§a+12§r§e items§r§e.§r§8 (Last 12s.)
21:42:28 [allowed] §6[Sacks] §r§a+38§r§e items§r§e.§r§8 (Last 30s.)
21:42:34 [NEW_VISITOR_ARRIVED] §a§r§aAlchemist §r§ehas arrived on your §r§aGarden§r§e!
21:42:59 [allowed] §6[Sacks] §r§a+40§r§e items§r§e.§r§8 (Last 30s.)
21:43:30 [allowed] §6[Sacks] §r§a+38§r§e items§r§e.§r§8 (Last 30s.)
21:43:55 [allowed] §6[Sacks] §r§a+26§r§e items§r§e.§r§8 (Last 24s.)
21:43:56 [allowed] §cThere are blocks in the way!
21:43:56 [allowed] §cThere are blocks in the way!
21:43:57 [allowed] §cThere are blocks in the way!
21:43:57 [allowed] §cThere are blocks in the way!
21:43:58 [allowed] §aYou earned §r§52,250 Event EXP §r§afrom playing SkyBlock!
21:44:11 [allowed] §cThere are blocks in the way!
21:44:11 [allowed] §cThere are blocks in the way!
21:44:51 [allowed] §6§lGROSS! §7A §6Pest §7has appeared in §aPlot §7- §b4§7!
21:44:51 [allowed]   §r§e§lCLICK HERE §eto teleport to the plot!
21:45:12 [allowed] §6[Sacks] §r§a+79§r§e items§r§e.§r§8 (Last 30s.)
21:45:44 [allowed] §6[Sacks] §r§a+61§r§e items§r§e.§r§8 (Last 30s.)
21:45:52 [allowed] §eYou received §a9x Enchanted Red Mushroom §efor killing a §6Slug§e!
21:46:08 [allowed] §6[Sacks] §r§a+43§r§e items§r§e.§r§8 (Last 21s.)
