19:36:52 §e[SkyHanni] Looks like this is the first time you are using SkyHanni. Click here to configure default options, or run /shdefaultoptions.§r
19:37:41 §e[SkyHanni] Your GhostCounter config has been automatically adjusted.§r
19:37:45 §e[SkyHanni] You have gained §b1.409 §eBits.§r
19:37:47 §e[SkyHanni] You have gained §b300 §eBits.§r
19:38:08 §e[SkyHanni] §eTo edit hidden GUI elements:
 §7- §e1. Set a key in /sh edit.
 §7- §e2. Click that key while the GUI element is visible.§r
19:47:38 §e[SkyHanni] §eHoppity's Hunt is not active. The next Hoppity's Hunt is in §b2d 11h 7m 21s§e.§r
19:47:56 §e[SkyHanni] Disabled Custom Scoreboard auto-alignment. Click here to undo this action!§r
20:00:49 §e[SkyHanni] §aFear Mongerer §eis visiting your garden!§r
20:00:49 §e[SkyHanni] §aDuke §eis visiting your garden!§r
20:00:49 §e[SkyHanni] §aGuy §eis visiting your garden!§r
20:00:49 §e[SkyHanni] §9Tammy §eis visiting your garden!§r
20:00:49 §e[SkyHanni] §9Gwendolyn §eis visiting your garden!§r
20:00:50 §e[SkyHanni] Successfully loaded this year's contests from elitebot.dev automatically!§r
20:02:20 §e[SkyHanni] §eHoppity's Hunt is not active. The next Hoppity's Hunt is in §b2d 10h 52m 39s§e.§r
20:02:20 §e[SkyHanni] §eHoppity's Hunt is not active. The next Hoppity's Hunt is in §b2d 10h 52m 39s§e.§r
20:02:20 §e[SkyHanni] §eHoppity's Hunt is not active. The next Hoppity's Hunt is in §b2d 10h 52m 39s§e.§r
20:04:05 §e[SkyHanni] Use a §9§lGuardian Pet §efor more Exp in the Experimentation Table.
§e[CLICK to open pets menu or disable this feature]§r
20:04:11 §e[SkyHanni] Use a §9§lGuardian Pet §efor more Exp in the Experimentation Table.
§e[CLICK to open pets menu or disable this feature]§r
20:04:27 §e[SkyHanni] Use a §9§lGuardian Pet §efor more Exp in the Experimentation Table.
§e[CLICK to open pets menu or disable this feature]§r
20:06:25 §e[SkyHanni] You have gained §b6 §eBits.§r
20:06:37 §e[SkyHanni] You have gained §b6 §eBits.§r
20:07:10 §e[SkyHanni] You have gained §b6 §eBits.§r
20:07:34 §e[SkyHanni] You have gained §b12 §eBits.§r
20:07:43 §e[SkyHanni] You have gained §b6 §eBits.§r
20:08:00 §e[SkyHanni] You have gained §b300 §eBits.§r
20:12:42 §e[SkyHanni] §eTo edit hidden GUI elements:
 §7- §e1. Set a key in /sh edit.
 §7- §e2. Click that key while the GUI element is visible.§r
20:12:55 §e[SkyHanni] You have gained §b6 §eBits.§r
20:13:36 §e[SkyHanni] You have gained §b6 §eBits.§r
20:13:53 §e[SkyHanni] You have gained §b6 §eBits.§r
20:15:13 §e[SkyHanni] Started tracking your Jacob Contest Blocks Per Second!§r
20:15:16 §e[SkyHanni] Loaded Cactus milestone data from tab list!§r
20:17:40 §e[SkyHanni] You have gained §b6 §eBits.§r
20:21:21 §e[SkyHanni] You have gained §b12 §eBits.§r
20:23:38 §e[SkyHanni] Loaded Nether Wart milestone data from tab list!§r
20:26:47 §e[SkyHanni] You have gained §b6 §eBits.§r
20:32:30 §e[SkyHanni] You have gained §b6 §eBits.§r
20:32:36 §e[SkyHanni] You have gained §b6 §eBits.§r
20:34:59 §e[SkyHanni] Stats for Cactus Contest:§r
20:34:59 §e[SkyHanni] §7Blocks Broken in total: §e6.716§r
20:34:59 §e[SkyHanni] §7Average Blocks Per Second: §a5.67§r
20:34:59 §e[SkyHanni] §7Participated for §b19m 45s§r
20:35:12 §e[SkyHanni] Saved Jacob NPC location. Real Jacob visitors are now getting detected correctly.§r
20:35:16 §e[SkyHanni] You have gained §b228 §eBits.§r
20:35:24 §e[SkyHanni] Saved Anita NPC location. Real Anita visitors are now getting detected correctly.§r
20:35:45 §e[SkyHanni] §b+10 SkyBlock XP §7(Anita's Upgrades§7)§b (50/100)§r
20:37:33 §e[SkyHanni] You have gained §b12 §eBits.§r
20:37:37 §e[SkyHanni] §6Jerry §eis visiting your garden!§r
20:38:11 §e[SkyHanni] You have gained §b300 §eBits.§r
20:45:13 §e[SkyHanni] §eTo edit hidden GUI elements:
 §7- §e1. Set a key in /sh edit.
 §7- §e2. Click that key while the GUI element is visible.§r
20:54:12 §e[SkyHanni] Use a §9§lGuardian Pet §efor more Exp in the Experimentation Table.
§e[CLICK to open pets menu or disable this feature]§r
21:03:57 §e[SkyHanni] Use a §9§lGuardian Pet §efor more Exp in the Experimentation Table.
§e[CLICK to open pets menu or disable this feature]§r
21:08:38 §e[SkyHanni] You have gained §b300 §eBits.§r
21:11:35 §e[SkyHanni] You have reached the maximum extra Superpairs clicks from this add-on!§r
21:12:09 §e[SkyHanni] You have reached the maximum extra Superpairs clicks from this add-on!§r
21:14:44 §e[SkyHanni] You have reached the maximum extra Superpairs clicks from this add-on!§r
21:15:22 §e[SkyHanni] You have reached the maximum extra Superpairs clicks from this add-on!§r
21:19:44 §e[SkyHanni] Started tracking your Jacob Contest Blocks Per Second!§r
21:19:46 §e[SkyHanni] Loaded Potato milestone data from tab list!§r
21:25:35 §e[SkyHanni] §eHoppity's Hunt is not active. The next Hoppity's Hunt is in §b2d 9h 29m 24s§e.§r
21:25:35 §e[SkyHanni] §eHoppity's Hunt is not active. The next Hoppity's Hunt is in §b2d 9h 29m 24s§e.§r
21:25:36 §e[SkyHanni] §eHoppity's Hunt is not active. The next Hoppity's Hunt is in §b2d 9h 29m 23s§e.§r
21:25:36 §e[SkyHanni] §eHoppity's Hunt is not active. The next Hoppity's Hunt is in §b2d 9h 29m 23s§e.§r
21:25:36 §e[SkyHanni] §eHoppity's Hunt is not active. The next Hoppity's Hunt is in §b2d 9h 29m 23s§e.§r
21:25:36 §e[SkyHanni] §eHoppity's Hunt is not active. The next Hoppity's Hunt is in §b2d 9h 29m 23s§e.§r
21:25:50 §e[SkyHanni] You have gained §b6 §eBits.§r
21:34:59 §e[SkyHanni] Stats for Potato Contest:§r
21:34:59 §e[SkyHanni] §7Blocks Broken in total: §e13.508§r
21:34:59 §e[SkyHanni] §7Average Blocks Per Second: §a14.76§r
21:34:59 §e[SkyHanni] §7Participated for §b15m 15s§r
21:35:13 §e[SkyHanni] This is §61.83☘ Potato Fortune §emore than previously!§r
21:35:24 §e[SkyHanni] You have gained §b72 §eBits.§r
21:36:04 §e[SkyHanni] §lCLICK HERE§r§e to grab §ax15 §9§aEnchanted Baked Potato§e from sacks!§r
21:36:19 §e[SkyHanni] You have gained §b6 §eBits.§r
21:36:25 §e[SkyHanni] §aJack §eis visiting your garden!§r
21:36:27 §e[SkyHanni] You have gained §b6 §eBits.§r
21:36:34 §e[SkyHanni] You have gained §b6 §eBits.§r
21:37:23 §e[SkyHanni] Loaded Pumpkin milestone data from tab list!§r
21:37:48 §e[SkyHanni] §eTo edit hidden GUI elements:
 §7- §e1. Set a key in /sh edit.
 §7- §e2. Click that key while the GUI element is visible.§r
21:38:56 §e[SkyHanni] You have gained §b6 §eBits.§r
21:39:02 §e[SkyHanni] You have gained §b606 §eBits.§r
21:39:13 §e[SkyHanni] You have gained §b6 §eBits.§r
21:39:21 §e[SkyHanni] You have gained §b6 §eBits.§r
21:39:42 §e[SkyHanni] You have gained §b6 §eBits.§r
21:41:05 §e[SkyHanni] Loaded Mushroom milestone data from tab list!§r
21:42:35 §e[SkyHanni] §aAlchemist §eis visiting your garden!§r
21:44:53 §e[SkyHanni] Loaded Sugar Cane milestone data from tab list!§r
21:45:55 §e[SkyHanni] You have gained §b6 §eBits.§r
